#
# A fatal error has been detected by the Java Runtime Environment:
#
#  EXCEPTION_ACCESS_VIOLATION (0xc0000005) at pc=0x00007ffe76d06a17, pid=47080, tid=49460
#
# JRE version: Java(TM) SE Runtime Environment (17.0.11+7) (build 17.0.11+7-LTS-207)
# Java VM: Java HotSpot(TM) 64-Bit Server VM (17.0.11+7-LTS-207, mixed mode, sharing, tiered, compressed oops, compressed class ptrs, g1 gc, windows-amd64)
# Problematic frame:
# C  [glass.dll+0x26a17]
#
# No core dump will be written. Minidumps are not enabled by default on client versions of Windows
#
# If you would like to submit a bug report, please visit:
#   https://bugreport.java.com/bugreport/crash.jsp
#

---------------  S U M M A R Y ------------

Command Line: -agentlib:jdwp=transport=dt_socket,address=127.0.0.1:62819,suspend=y,server=n --module-path=C:\Users\Abir12\Downloads\javafx-sdk-21.0.7\lib --add-modules=javafx.controls,javafx.fxml -agentpath:C:\Users\Abir12\AppData\Local\Temp\idea_libasyncProfiler_dll_temp_folder10\libasyncProfiler.dll=version,jfr,event=wall,interval=10ms,cstack=no,file=C:\Users\Abir12\IdeaSnapshots\FxMain_2025_05_02_001441.jfr,dbghelppath=C:\Users\Abir12\AppData\Local\Temp\idea_dbghelp_dll_temp_folder1\dbghelp.dll,log=C:\Users\Abir12\AppData\Local\Temp\FxMain_2025_05_02_001441.jfr.log.txt,logLevel=DEBUG -javaagent:C:\Users\Abir12\AppData\Local\JetBrains\IntelliJIdea2024.3\captureAgent\debugger-agent.jar -Dkotlinx.coroutines.debug.enable.creation.stack.trace=false -Ddebugger.agent.enable.coroutines=true -Dkotlinx.coroutines.debug.enable.flows.stack.trace=true -Dkotlinx.coroutines.debug.enable.mutable.state.flows.stack.trace=true -Dfile.encoding=UTF-8 test.FxMain

Host: 11th Gen Intel(R) Core(TM) i7-1165G7 @ 2.80GHz, 8 cores, 31G,  Windows 11 , 64 bit Build 22621 (10.0.22621.5124)
Time: Fri May  2 00:19:41 2025 Afr. centrale Ouest elapsed time: 299.969560 seconds (0d 0h 4m 59s)

---------------  T H R E A D  ---------------

Current thread (0x00000254fcac3480):  VMThread "VM Thread" [stack: 0x000000ba6de00000,0x000000ba6df00000] [id=49460]

Stack: [0x000000ba6de00000,0x000000ba6df00000],  sp=0x000000ba6defee20,  free space=1019k
Native frames: (J=compiled Java code, j=interpreted, Vv=VM code, C=native code)
C  [glass.dll+0x26a17]


siginfo: EXCEPTION_ACCESS_VIOLATION (0xc0000005), reading address 0x0000000000000000


Registers:
RAX=0x0000000000000000, RBX=0x00000254ce495760, RCX=0x00000254fcac3480, RDX=0x000000ba6defee20
RSP=0x000000ba6defee20, RBP=0x00000254cd7c9308, RSI=0x000000ba6defef28, RDI=0x00000254cd7c92e0
R8 =0x0000000000010002, R9 =0x00000254cd7c92e0, R10=0x85f13e9656da4870, R11=0x000000ba6defedb0
R12=0x00007ffe76d04360, R13=0x00007ffe21263240, R14=0x00002f35028ed21b, R15=0x00000254cd7c92e0
RIP=0x00007ffe76d06a17, EFLAGS=0x0000000000010206


Register to memory mapping:

RIP=0x00007ffe76d06a17 glass.dll
RAX=0x0 is NULL
RBX=0x00000254ce495760 is a global jni handle
RCX=0x00000254fcac3480 points into unknown readable memory: 0x00007ffe210a7fd8 | d8 7f 0a 21 fe 7f 00 00
RDX=0x000000ba6defee20 points into unknown readable memory: 0x0000000000000000 | 00 00 00 00 00 00 00 00
RSP=0x000000ba6defee20 points into unknown readable memory: 0x0000000000000000 | 00 00 00 00 00 00 00 00
RBP=0x00000254cd7c9308 points into unknown readable memory: 0x00002f35028ed21b | 1b d2 8e 02 35 2f 00 00
RSI=0x000000ba6defef28 points into unknown readable memory: 0x000000ba6defef10 | 10 ef ef 6d ba 00 00 00
RDI=0x00000254cd7c92e0 points into unknown readable memory: 0xf3b6aec6c28ed1e4 | e4 d1 8e c2 c6 ae b6 f3
R8 =0x0000000000010002 is an unknown value
R9 =0x00000254cd7c92e0 points into unknown readable memory: 0xf3b6aec6c28ed1e4 | e4 d1 8e c2 c6 ae b6 f3
R10=0x85f13e9656da4870 is an unknown value
R11=0x000000ba6defedb0 points into unknown readable memory: 0x00000254cd7c92e0 | e0 92 7c cd 54 02 00 00
R12=0x00007ffe76d04360 glass.dll
R13=0x00007ffe21263240 jvm.dll
R14=0x00002f35028ed21b is an unknown value
R15=0x00000254cd7c92e0 points into unknown readable memory: 0xf3b6aec6c28ed1e4 | e4 d1 8e c2 c6 ae b6 f3


Top of Stack: (sp=0x000000ba6defee20)
0x000000ba6defee20:   0000000000000000 000000ba6defef28
0x000000ba6defee30:   00007ffe21263240 00007ffe76d04360
0x000000ba6defee40:   00000254cd7c92e8 00007ffeee5c3a93
0x000000ba6defee50:   00000254cd7c92e0 0000025400000000
0x000000ba6defee60:   00000254cd7c9308 000000ba6defef28
0x000000ba6defee70:   fffffffffffffffe 0000000000000000
0x000000ba6defee80:   0000000000000001 00007ffe76ce0000
0x000000ba6defee90:   000000ba6defef18 00007ffeee59042e
0x000000ba6defeea0:   0000000000000000 000000ba6defef28
0x000000ba6defeeb0:   000000ba6deff210 0000000000000001
0x000000ba6defeec0:   0000000000000001 00007ffeee58dddd
0x000000ba6defeed0:   0000000000000000 00007ffe76d03b59
0x000000ba6defeee0:   0000000000000000 000000ba6defef18
0x000000ba6defeef0:   fffffffffffffffe 000000ba6deff200
0x000000ba6defef00:   0000000000000000 00007ffe76d041ed
0x000000ba6defef10:   00007ffe76d1a008 00007ffe00000002 

Instructions: (pc=0x00007ffe76d06a17)
0x00007ffe76d06917:   8b 4d 58 e8 8d cf ff ff 48 8b 4d 60 e8 84 cf ff
0x00007ffe76d06927:   ff 48 8b 95 80 00 00 00 48 8b 8d 18 01 00 00 e8
0x00007ffe76d06937:   76 c4 ff ff 33 d2 33 c9 e8 cc e1 ff ff 90 48 89
0x00007ffe76d06947:   54 24 10 55 48 83 ec 20 48 8b ea 48 b8 00 00 00
0x00007ffe76d06957:   00 00 00 00 00 48 83 c4 20 5d c3 cc 40 55 48 8b
0x00007ffe76d06967:   ea 48 8b 01 33 c9 81 38 05 00 00 c0 0f 94 c1 8b
0x00007ffe76d06977:   c1 5d c3 cc 40 55 48 83 ec 20 48 8b ea 8a 4d 40
0x00007ffe76d06987:   48 83 c4 20 5d e9 73 d3 ff ff cc 40 55 48 83 ec
0x00007ffe76d06997:   20 48 8b ea 8a 4d 20 e8 61 d3 ff ff 90 48 83 c4
0x00007ffe76d069a7:   20 5d c3 cc 40 55 48 83 ec 20 48 8b ea 48 83 c4
0x00007ffe76d069b7:   20 5d e9 c2 d1 ff ff cc 40 55 48 83 ec 30 48 8b
0x00007ffe76d069c7:   ea 48 8b 01 8b 10 48 89 4c 24 28 89 54 24 20 4c
0x00007ffe76d069d7:   8d 0d 63 d6 ff ff 4c 8b 45 70 8b 55 68 48 8b 4d
0x00007ffe76d069e7:   60 e8 03 d1 ff ff 90 48 83 c4 30 5d c3 cc cc cc
0x00007ffe76d069f7:   cc cc cc cc cc cc cc cc cc 40 53 48 83 ec 20 48
0x00007ffe76d06a07:   8b 1d fb 2f 01 00 48 85 db 74 16 e8 89 8f ff ff
0x00007ffe76d06a17:   4c 8b 00 48 8b d3 48 8b c8 41 ff 90 b0 00 00 00
0x00007ffe76d06a27:   90 48 83 c4 20 5b c3 cc cc 40 53 48 83 ec 20 48
0x00007ffe76d06a37:   8b 1d 6b 31 01 00 48 85 db 74 57 b8 ff ff ff ff
0x00007ffe76d06a47:   f0 0f c1 43 10 83 f8 01 75 3d 48 85 db 74 38 48
0x00007ffe76d06a57:   8b 0b 48 85 c9 74 0d ff 15 44 08 00 00 48 c7 03
0x00007ffe76d06a67:   00 00 00 00 48 8b 4b 08 48 85 c9 74 0d e8 33 ce
0x00007ffe76d06a77:   ff ff 48 c7 43 08 00 00 00 00 ba 18 00 00 00 48
0x00007ffe76d06a87:   8b cb e8 1e ce ff ff 48 c7 05 0f 31 01 00 00 00
0x00007ffe76d06a97:   00 00 48 83 c4 20 5b c3 cc 40 53 48 83 ec 20 48
0x00007ffe76d06aa7:   8b 1d db 30 01 00 48 85 db 74 57 b8 ff ff ff ff
0x00007ffe76d06ab7:   f0 0f c1 43 10 83 f8 01 75 3d 48 85 db 74 38 48
0x00007ffe76d06ac7:   8b 0b 48 85 c9 74 0d ff 15 d4 07 00 00 48 c7 03
0x00007ffe76d06ad7:   00 00 00 00 48 8b 4b 08 48 85 c9 74 0d e8 c3 cd
0x00007ffe76d06ae7:   ff ff 48 c7 43 08 00 00 00 00 ba 18 00 00 00 48
0x00007ffe76d06af7:   8b cb e8 ae cd ff ff 48 c7 05 7f 30 01 00 00 00
0x00007ffe76d06b07:   00 00 48 83 c4 20 5b c3 cc 40 53 48 83 ec 20 48 


Stack slot to memory mapping:
stack at sp + 0 slots: 0x0 is NULL
stack at sp + 1 slots: 0x000000ba6defef28 points into unknown readable memory: 0x000000ba6defef10 | 10 ef ef 6d ba 00 00 00
stack at sp + 2 slots: 0x00007ffe21263240 jvm.dll
stack at sp + 3 slots: 0x00007ffe76d04360 glass.dll
stack at sp + 4 slots: 0x00000254cd7c92e8 points into unknown readable memory: 0x00002f35028ed21b | 1b d2 8e 02 35 2f 00 00
stack at sp + 5 slots: 0x00007ffeee5c3a93 ucrtbase.dll
stack at sp + 6 slots: 0x00000254cd7c92e0 points into unknown readable memory: 0xf3b6aec6c28ed1e4 | e4 d1 8e c2 c6 ae b6 f3
stack at sp + 7 slots: 0x0000025400000000 is an unknown value

VM_Operation (0x000000ba6d5ff470): Exit, mode: safepoint, requested by thread 0x00000254ff4a9d10


---------------  P R O C E S S  ---------------

Threads class SMR info:
_java_thread_list=0x00000254fd8ef590, length=22, elements={
0x00000254d7a6e780, 0x00000254fcac4020, 0x00000254fcac4c00, 0x00000254fcadedb0,
0x00000254fcae1780, 0x00000254fcae7150, 0x00000254fcae7660, 0x00000254fcaf0060,
0x00000254fcaf8a30, 0x00000254fcae6730, 0x00000254fcae48d0, 0x00000254cd2c8090,
0x00000254fcae6c40, 0x00000254fcae43c0, 0x00000254fcae6220, 0x00000254fcae5800,
0x00000254fcae5d10, 0x00000254ce2ee1a0, 0x00000254ce2ecd60, 0x00000254fd79e840,
0x00000254fd848180, 0x00000254ff4a9d10
}

Java Threads: ( => current thread )
  0x00000254d7a6e780 JavaThread "main" [_thread_blocked, id=32364, stack(0x000000ba6d800000,0x000000ba6d900000)]
  0x00000254fcac4020 JavaThread "Reference Handler" daemon [_thread_blocked, id=18436, stack(0x000000ba6df00000,0x000000ba6e000000)]
  0x00000254fcac4c00 JavaThread "Finalizer" daemon [_thread_blocked, id=44092, stack(0x000000ba6e000000,0x000000ba6e100000)]
  0x00000254fcadedb0 JavaThread "Signal Dispatcher" daemon [_thread_blocked, id=6328, stack(0x000000ba6e100000,0x000000ba6e200000)]
  0x00000254fcae1780 JavaThread "Attach Listener" daemon [_thread_blocked, id=47400, stack(0x000000ba6e200000,0x000000ba6e300000)]
  0x00000254fcae7150 JavaThread "Service Thread" daemon [_thread_blocked, id=20160, stack(0x000000ba6e300000,0x000000ba6e400000)]
  0x00000254fcae7660 JavaThread "Monitor Deflation Thread" daemon [_thread_blocked, id=45764, stack(0x000000ba6e400000,0x000000ba6e500000)]
  0x00000254fcaf0060 JavaThread "C2 CompilerThread0" daemon [_thread_blocked, id=49732, stack(0x000000ba6e500000,0x000000ba6e600000)]
  0x00000254fcaf8a30 JavaThread "C1 CompilerThread0" daemon [_thread_blocked, id=15240, stack(0x000000ba6e600000,0x000000ba6e700000)]
  0x00000254fcae6730 JavaThread "Sweeper thread" daemon [_thread_blocked, id=46912, stack(0x000000ba6e700000,0x000000ba6e800000)]
  0x00000254fcae48d0 JavaThread "Common-Cleaner" daemon [_thread_blocked, id=44356, stack(0x000000ba6e800000,0x000000ba6e900000)]
  0x00000254cd2c8090 JavaThread "JDWP Event Helper Thread" daemon [_thread_blocked, id=19216, stack(0x000000ba6ec00000,0x000000ba6ed00000)]
  0x00000254fcae6c40 JavaThread "Notification Thread" daemon [_thread_blocked, id=7928, stack(0x000000ba6ee00000,0x000000ba6ef00000)]
  0x00000254fcae43c0 JavaThread "QuantumRenderer-0" daemon [_thread_blocked, id=42924, stack(0x000000ba6e900000,0x000000ba6ea00000)]
  0x00000254fcae6220 JavaThread "InvokeLaterDispatcher" daemon [_thread_blocked, id=40804, stack(0x000000ba6ea00000,0x000000ba6eb00000)]
  0x00000254fcae5800 JavaThread "JavaFX Application Thread" [_thread_in_native, id=49572, stack(0x000000ba6f000000,0x000000ba6f100000)]
  0x00000254fcae5d10 JavaThread "Thread-1" daemon [_thread_in_native, id=37948, stack(0x000000ba6f400000,0x000000ba6f500000)]
  0x00000254ce2ee1a0 JavaThread "JavaFX-Launcher" [_thread_blocked, id=24996, stack(0x000000ba6fd00000,0x000000ba6fe00000)]
  0x00000254ce2ecd60 JavaThread "mysql-cj-abandoned-connection-cleanup" daemon [_thread_blocked, id=46856, stack(0x000000ba6fe00000,0x000000ba6ff00000)]
  0x00000254fd79e840 JavaThread "Prism Font Disposer" daemon [_thread_blocked, id=49568, stack(0x000000ba70300000,0x000000ba70400000)]
  0x00000254fd848180 JavaThread "Cleaner-0" daemon [_thread_blocked, id=11544, stack(0x000000ba70800000,0x000000ba70900000)]
  0x00000254ff4a9d10 JavaThread "SIGINT handler" daemon [_thread_blocked, id=45968, stack(0x000000ba6d500000,0x000000ba6d600000)]

Other Threads:
=>0x00000254fcac3480 VMThread "VM Thread" [stack: 0x000000ba6de00000,0x000000ba6df00000] [id=49460]
  0x00000254d740ebb0 GCTaskThread "GC Thread#0" [stack: 0x000000ba6d900000,0x000000ba6da00000] [id=4304]
  0x00000254cd845de0 GCTaskThread "GC Thread#1" [stack: 0x000000ba6f600000,0x000000ba6f700000] [id=50036]
  0x00000254cd8452e0 GCTaskThread "GC Thread#2" [stack: 0x000000ba6f700000,0x000000ba6f800000] [id=44928]
  0x00000254cd845b20 GCTaskThread "GC Thread#3" [stack: 0x000000ba6f800000,0x000000ba6f900000] [id=10688]
  0x00000254cd8447e0 GCTaskThread "GC Thread#4" [stack: 0x000000ba6f900000,0x000000ba6fa00000] [id=47536]
  0x00000254cd844520 GCTaskThread "GC Thread#5" [stack: 0x000000ba6fa00000,0x000000ba6fb00000] [id=47316]
  0x00000254cd844aa0 GCTaskThread "GC Thread#6" [stack: 0x000000ba6fb00000,0x000000ba6fc00000] [id=46648]
  0x00000254cd844d60 GCTaskThread "GC Thread#7" [stack: 0x000000ba6fc00000,0x000000ba6fd00000] [id=45616]
  0x00000254d74f7010 ConcurrentGCThread "G1 Main Marker" terminated
  0x00000254d74f83a0 ConcurrentGCThread "G1 Conc#0" [stack: 0x000000ba6db00000,0x000000ba6dc00000] [id=48772]
  0x00000254ce3f69a0 ConcurrentGCThread "G1 Conc#1" [stack: 0x000000ba70400000,0x000000ba70500000] [id=10072]
  0x00000254fc9800a0 ConcurrentGCThread "G1 Refine#0" terminated
  0x00000254ce8c1060 ConcurrentGCThread "G1 Refine#1" terminated
  0x00000254fdb9ab00 ConcurrentGCThread "G1 Refine#2" terminated
  0x00000254fc9809d0 ConcurrentGCThread "G1 Service" terminated

Threads with active compile tasks:

VM state: at safepoint (shutting down)

VM Mutex/Monitor currently owned by a thread:  ([mutex/lock_event])
[0x00000254d73e74c0] Threads_lock - owner thread: 0x00000254fcac3480
[0x00000254d73e73a0] Heap_lock - owner thread: 0x00000254ff4a9d10

Heap address: 0x0000000603800000, size: 8136 MB, Compressed Oops mode: Zero based, Oop shift amount: 3

CDS archive(s) mapped at: [0x0000025488000000-0x0000025488bd0000-0x0000025488bd0000), size 12386304, SharedBaseAddress: 0x0000025488000000, ArchiveRelocationMode: 1.
Compressed class space mapped at: 0x0000025489000000-0x00000254c9000000, reserved size: 1073741824
Narrow klass base: 0x0000025488000000, Narrow klass shift: 0, Narrow klass range: 0x100000000

GC Precious Log:
 CPUs: 8 total, 8 available
 Memory: 32535M
 Large Page Support: Disabled
 NUMA Support: Disabled
 Compressed Oops: Enabled (Zero based)
 Heap Region Size: 4M
 Heap Min Capacity: 8M
 Heap Initial Capacity: 512M
 Heap Max Capacity: 8136M
 Pre-touch: Disabled
 Parallel Workers: 8
 Concurrent Workers: 2
 Concurrent Refinement Workers: 8
 Periodic GC: Disabled

Heap:
 garbage-first heap   total 507904K, used 142186K [0x0000000603800000, 0x0000000800000000)
  region size 4096K, 14 young (57344K), 1 survivors (4096K)
 Metaspace       used 39748K, committed 40064K, reserved 1114112K
  class space    used 5225K, committed 5376K, reserved 1048576K

Heap Regions: E=young(eden), S=young(survivor), O=old, HS=humongous(starts), HC=humongous(continues), CS=collection set, F=free, OA=open archive, CA=closed archive, TAMS=top-at-mark-start (previous, next)
|   0|0x0000000603800000, 0x0000000603c00000, 0x0000000603c00000|100%| O|  |TAMS 0x0000000603c00000, 0x0000000603800000| Untracked 
|   1|0x0000000603c00000, 0x0000000604000000, 0x0000000604000000|100%| O|  |TAMS 0x0000000604000000, 0x0000000603c00000| Untracked 
|   2|0x0000000604000000, 0x0000000604400000, 0x0000000604400000|100%| O|  |TAMS 0x0000000604400000, 0x0000000604000000| Untracked 
|   3|0x0000000604400000, 0x0000000604800000, 0x0000000604800000|100%| O|  |TAMS 0x0000000604400000, 0x0000000604400000| Untracked 
|   4|0x0000000604800000, 0x0000000604c00000, 0x0000000604c00000|100%| O|  |TAMS 0x0000000604800000, 0x0000000604800000| Untracked 
|   5|0x0000000604c00000, 0x0000000605000000, 0x0000000605000000|100%| O|  |TAMS 0x0000000604c00000, 0x0000000604c00000| Untracked 
|   6|0x0000000605000000, 0x0000000605400000, 0x0000000605400000|100%| O|  |TAMS 0x0000000605000000, 0x0000000605000000| Untracked 
|   7|0x0000000605400000, 0x0000000605800000, 0x0000000605800000|100%| O|  |TAMS 0x0000000605800000, 0x0000000605400000| Untracked 
|   8|0x0000000605800000, 0x0000000605c00000, 0x0000000605c00000|100%| O|  |TAMS 0x0000000605800000, 0x0000000605800000| Untracked 
|   9|0x0000000605c00000, 0x0000000606000000, 0x0000000606000000|100%|HS|  |TAMS 0x0000000605c00000, 0x0000000605c00000| Complete 
|  10|0x0000000606000000, 0x0000000606400000, 0x0000000606400000|100%| O|  |TAMS 0x0000000606000000, 0x0000000606000000| Untracked 
|  11|0x0000000606400000, 0x0000000606800000, 0x0000000606800000|100%|HS|  |TAMS 0x0000000606800000, 0x0000000606400000| Complete 
|  12|0x0000000606800000, 0x0000000606c00000, 0x0000000606c00000|100%| O|  |TAMS 0x0000000606800000, 0x0000000606800000| Untracked 
|  13|0x0000000606c00000, 0x0000000606eda800, 0x0000000607000000| 71%| O|  |TAMS 0x0000000606c00000, 0x0000000606c00000| Untracked 
|  14|0x0000000607000000, 0x0000000607000000, 0x0000000607400000|  0%| F|  |TAMS 0x0000000607000000, 0x0000000607000000| Untracked 
|  15|0x0000000607400000, 0x0000000607400000, 0x0000000607800000|  0%| F|  |TAMS 0x0000000607400000, 0x0000000607400000| Untracked 
|  16|0x0000000607800000, 0x0000000607800000, 0x0000000607c00000|  0%| F|  |TAMS 0x0000000607800000, 0x0000000607800000| Untracked 
|  17|0x0000000607c00000, 0x0000000608000000, 0x0000000608000000|100%|HS|  |TAMS 0x0000000608000000, 0x0000000607c00000| Complete 
|  18|0x0000000608000000, 0x0000000608000000, 0x0000000608400000|  0%| F|  |TAMS 0x0000000608000000, 0x0000000608000000| Untracked 
|  19|0x0000000608400000, 0x0000000608800000, 0x0000000608800000|100%| O|  |TAMS 0x0000000608800000, 0x0000000608400000| Untracked 
|  20|0x0000000608800000, 0x0000000608c00000, 0x0000000608c00000|100%| O|  |TAMS 0x0000000608c00000, 0x0000000608800000| Untracked 
|  21|0x0000000608c00000, 0x0000000608c00000, 0x0000000609000000|  0%| F|  |TAMS 0x0000000608c00000, 0x0000000608c00000| Untracked 
|  22|0x0000000609000000, 0x0000000609000000, 0x0000000609400000|  0%| F|  |TAMS 0x0000000609000000, 0x0000000609000000| Untracked 
|  23|0x0000000609400000, 0x0000000609400000, 0x0000000609800000|  0%| F|  |TAMS 0x0000000609400000, 0x0000000609400000| Untracked 
|  24|0x0000000609800000, 0x0000000609800000, 0x0000000609c00000|  0%| F|  |TAMS 0x0000000609800000, 0x0000000609800000| Untracked 
|  25|0x0000000609c00000, 0x0000000609c00000, 0x000000060a000000|  0%| F|  |TAMS 0x0000000609c00000, 0x0000000609c00000| Untracked 
|  26|0x000000060a000000, 0x000000060a000000, 0x000000060a400000|  0%| F|  |TAMS 0x000000060a000000, 0x000000060a000000| Untracked 
|  27|0x000000060a400000, 0x000000060a400000, 0x000000060a800000|  0%| F|  |TAMS 0x000000060a400000, 0x000000060a400000| Untracked 
|  28|0x000000060a800000, 0x000000060a800000, 0x000000060ac00000|  0%| F|  |TAMS 0x000000060a800000, 0x000000060a800000| Untracked 
|  29|0x000000060ac00000, 0x000000060ac00000, 0x000000060b000000|  0%| F|  |TAMS 0x000000060ac00000, 0x000000060ac00000| Untracked 
|  30|0x000000060b000000, 0x000000060b000000, 0x000000060b400000|  0%| F|  |TAMS 0x000000060b000000, 0x000000060b000000| Untracked 
|  31|0x000000060b400000, 0x000000060b400000, 0x000000060b800000|  0%| F|  |TAMS 0x000000060b400000, 0x000000060b400000| Untracked 
|  32|0x000000060b800000, 0x000000060b800000, 0x000000060bc00000|  0%| F|  |TAMS 0x000000060b800000, 0x000000060b800000| Untracked 
|  33|0x000000060bc00000, 0x000000060bc00000, 0x000000060c000000|  0%| F|  |TAMS 0x000000060bc00000, 0x000000060bc00000| Untracked 
|  34|0x000000060c000000, 0x000000060c000000, 0x000000060c400000|  0%| F|  |TAMS 0x000000060c000000, 0x000000060c000000| Untracked 
|  35|0x000000060c400000, 0x000000060c400000, 0x000000060c800000|  0%| F|  |TAMS 0x000000060c400000, 0x000000060c400000| Untracked 
|  36|0x000000060c800000, 0x000000060cc00000, 0x000000060cc00000|100%| O|  |TAMS 0x000000060cc00000, 0x000000060c800000| Untracked 
|  37|0x000000060cc00000, 0x000000060cc00000, 0x000000060d000000|  0%| F|  |TAMS 0x000000060cc00000, 0x000000060cc00000| Untracked 
|  38|0x000000060d000000, 0x000000060d000000, 0x000000060d400000|  0%| F|  |TAMS 0x000000060d000000, 0x000000060d000000| Untracked 
|  39|0x000000060d400000, 0x000000060d400000, 0x000000060d800000|  0%| F|  |TAMS 0x000000060d400000, 0x000000060d400000| Untracked 
|  40|0x000000060d800000, 0x000000060dc00000, 0x000000060dc00000|100%| O|  |TAMS 0x000000060dc00000, 0x000000060d800000| Untracked 
|  41|0x000000060dc00000, 0x000000060e000000, 0x000000060e000000|100%| O|  |TAMS 0x000000060dfae400, 0x000000060dc00000| Untracked 
|  42|0x000000060e000000, 0x000000060e400000, 0x000000060e400000|100%| O|  |TAMS 0x000000060e000000, 0x000000060e000000| Untracked 
|  43|0x000000060e400000, 0x000000060e800000, 0x000000060e800000|100%| O|  |TAMS 0x000000060e400000, 0x000000060e400000| Untracked 
|  44|0x000000060e800000, 0x000000060ec00000, 0x000000060ec00000|100%|HS|  |TAMS 0x000000060e800000, 0x000000060e800000| Complete 
|  45|0x000000060ec00000, 0x000000060ec00000, 0x000000060f000000|  0%| F|  |TAMS 0x000000060ec00000, 0x000000060ec00000| Untracked 
|  46|0x000000060f000000, 0x000000060f000000, 0x000000060f400000|  0%| F|  |TAMS 0x000000060f000000, 0x000000060f000000| Untracked 
|  47|0x000000060f400000, 0x000000060f400000, 0x000000060f800000|  0%| F|  |TAMS 0x000000060f400000, 0x000000060f400000| Untracked 
|  48|0x000000060f800000, 0x000000060f800000, 0x000000060fc00000|  0%| F|  |TAMS 0x000000060f800000, 0x000000060f800000| Untracked 
|  49|0x000000060fc00000, 0x000000060fc00000, 0x0000000610000000|  0%| F|  |TAMS 0x000000060fc00000, 0x000000060fc00000| Untracked 
|  50|0x0000000610000000, 0x0000000610000000, 0x0000000610400000|  0%| F|  |TAMS 0x0000000610000000, 0x0000000610000000| Untracked 
|  51|0x0000000610400000, 0x0000000610400000, 0x0000000610800000|  0%| F|  |TAMS 0x0000000610400000, 0x0000000610400000| Untracked 
|  52|0x0000000610800000, 0x0000000610800000, 0x0000000610c00000|  0%| F|  |TAMS 0x0000000610800000, 0x0000000610800000| Untracked 
|  53|0x0000000610c00000, 0x0000000610c00000, 0x0000000611000000|  0%| F|  |TAMS 0x0000000610c00000, 0x0000000610c00000| Untracked 
|  54|0x0000000611000000, 0x0000000611000000, 0x0000000611400000|  0%| F|  |TAMS 0x0000000611000000, 0x0000000611000000| Untracked 
|  55|0x0000000611400000, 0x0000000611400000, 0x0000000611800000|  0%| F|  |TAMS 0x0000000611400000, 0x0000000611400000| Untracked 
|  56|0x0000000611800000, 0x0000000611800000, 0x0000000611c00000|  0%| F|  |TAMS 0x0000000611800000, 0x0000000611800000| Untracked 
|  57|0x0000000611c00000, 0x0000000611c00000, 0x0000000612000000|  0%| F|  |TAMS 0x0000000611c00000, 0x0000000611c00000| Untracked 
|  58|0x0000000612000000, 0x0000000612000000, 0x0000000612400000|  0%| F|  |TAMS 0x0000000612000000, 0x0000000612000000| Untracked 
|  59|0x0000000612400000, 0x0000000612400000, 0x0000000612800000|  0%| F|  |TAMS 0x0000000612400000, 0x0000000612400000| Untracked 
|  60|0x0000000612800000, 0x0000000612800000, 0x0000000612c00000|  0%| F|  |TAMS 0x0000000612800000, 0x0000000612800000| Untracked 
|  61|0x0000000612c00000, 0x0000000612c00000, 0x0000000613000000|  0%| F|  |TAMS 0x0000000612c00000, 0x0000000612c00000| Untracked 
|  62|0x0000000613000000, 0x0000000613000000, 0x0000000613400000|  0%| F|  |TAMS 0x0000000613000000, 0x0000000613000000| Untracked 
|  63|0x0000000613400000, 0x0000000613400000, 0x0000000613800000|  0%| F|  |TAMS 0x0000000613400000, 0x0000000613400000| Untracked 
|  64|0x0000000613800000, 0x0000000613800000, 0x0000000613c00000|  0%| F|  |TAMS 0x0000000613800000, 0x0000000613800000| Untracked 
|  65|0x0000000613c00000, 0x0000000613c00000, 0x0000000614000000|  0%| F|  |TAMS 0x0000000613c00000, 0x0000000613c00000| Untracked 
|  66|0x0000000614000000, 0x0000000614000000, 0x0000000614400000|  0%| F|  |TAMS 0x0000000614000000, 0x0000000614000000| Untracked 
|  67|0x0000000614400000, 0x0000000614400000, 0x0000000614800000|  0%| F|  |TAMS 0x0000000614400000, 0x0000000614400000| Untracked 
|  68|0x0000000614800000, 0x0000000614800000, 0x0000000614c00000|  0%| F|  |TAMS 0x0000000614800000, 0x0000000614800000| Untracked 
|  69|0x0000000614c00000, 0x0000000614c00000, 0x0000000615000000|  0%| F|  |TAMS 0x0000000614c00000, 0x0000000614c00000| Untracked 
|  70|0x0000000615000000, 0x0000000615000000, 0x0000000615400000|  0%| F|  |TAMS 0x0000000615000000, 0x0000000615000000| Untracked 
|  71|0x0000000615400000, 0x0000000615400000, 0x0000000615800000|  0%| F|  |TAMS 0x0000000615400000, 0x0000000615400000| Untracked 
|  72|0x0000000615800000, 0x0000000615800000, 0x0000000615c00000|  0%| F|  |TAMS 0x0000000615800000, 0x0000000615800000| Untracked 
|  73|0x0000000615c00000, 0x0000000615c00000, 0x0000000616000000|  0%| F|  |TAMS 0x0000000615c00000, 0x0000000615c00000| Untracked 
|  74|0x0000000616000000, 0x0000000616000000, 0x0000000616400000|  0%| F|  |TAMS 0x0000000616000000, 0x0000000616000000| Untracked 
|  75|0x0000000616400000, 0x0000000616400000, 0x0000000616800000|  0%| F|  |TAMS 0x0000000616400000, 0x0000000616400000| Untracked 
|  76|0x0000000616800000, 0x0000000616800000, 0x0000000616c00000|  0%| F|  |TAMS 0x0000000616800000, 0x0000000616800000| Untracked 
|  77|0x0000000616c00000, 0x0000000616c00000, 0x0000000617000000|  0%| F|  |TAMS 0x0000000616c00000, 0x0000000616c00000| Untracked 
|  78|0x0000000617000000, 0x0000000617000000, 0x0000000617400000|  0%| F|  |TAMS 0x0000000617000000, 0x0000000617000000| Untracked 
|  79|0x0000000617400000, 0x0000000617400000, 0x0000000617800000|  0%| F|  |TAMS 0x0000000617400000, 0x0000000617400000| Untracked 
|  80|0x0000000617800000, 0x0000000617800000, 0x0000000617c00000|  0%| F|  |TAMS 0x0000000617800000, 0x0000000617800000| Untracked 
|  81|0x0000000617c00000, 0x0000000617c00000, 0x0000000618000000|  0%| F|  |TAMS 0x0000000617c00000, 0x0000000617c00000| Untracked 
|  82|0x0000000618000000, 0x0000000618000000, 0x0000000618400000|  0%| F|  |TAMS 0x0000000618000000, 0x0000000618000000| Untracked 
|  83|0x0000000618400000, 0x0000000618400000, 0x0000000618800000|  0%| F|  |TAMS 0x0000000618400000, 0x0000000618400000| Untracked 
|  84|0x0000000618800000, 0x0000000618800000, 0x0000000618c00000|  0%| F|  |TAMS 0x0000000618800000, 0x0000000618800000| Untracked 
|  85|0x0000000618c00000, 0x0000000618c00000, 0x0000000619000000|  0%| F|  |TAMS 0x0000000618c00000, 0x0000000618c00000| Untracked 
|  86|0x0000000619000000, 0x0000000619000000, 0x0000000619400000|  0%| F|  |TAMS 0x0000000619000000, 0x0000000619000000| Untracked 
|  87|0x0000000619400000, 0x0000000619400000, 0x0000000619800000|  0%| F|  |TAMS 0x0000000619400000, 0x0000000619400000| Untracked 
|  88|0x0000000619800000, 0x0000000619800000, 0x0000000619c00000|  0%| F|  |TAMS 0x0000000619800000, 0x0000000619800000| Untracked 
|  89|0x0000000619c00000, 0x0000000619c00000, 0x000000061a000000|  0%| F|  |TAMS 0x0000000619c00000, 0x0000000619c00000| Untracked 
|  90|0x000000061a000000, 0x000000061a000000, 0x000000061a400000|  0%| F|  |TAMS 0x000000061a000000, 0x000000061a000000| Untracked 
|  91|0x000000061a400000, 0x000000061a400000, 0x000000061a800000|  0%| F|  |TAMS 0x000000061a400000, 0x000000061a400000| Untracked 
|  92|0x000000061a800000, 0x000000061a800000, 0x000000061ac00000|  0%| F|  |TAMS 0x000000061a800000, 0x000000061a800000| Untracked 
|  93|0x000000061ac00000, 0x000000061ac00000, 0x000000061b000000|  0%| F|  |TAMS 0x000000061ac00000, 0x000000061ac00000| Untracked 
|  94|0x000000061b000000, 0x000000061b000000, 0x000000061b400000|  0%| F|  |TAMS 0x000000061b000000, 0x000000061b000000| Untracked 
|  95|0x000000061b400000, 0x000000061b400000, 0x000000061b800000|  0%| F|  |TAMS 0x000000061b400000, 0x000000061b400000| Untracked 
|  96|0x000000061b800000, 0x000000061b800000, 0x000000061bc00000|  0%| F|  |TAMS 0x000000061b800000, 0x000000061b800000| Untracked 
|  97|0x000000061bc00000, 0x000000061bc00000, 0x000000061c000000|  0%| F|  |TAMS 0x000000061bc00000, 0x000000061bc00000| Untracked 
|  98|0x000000061c000000, 0x000000061c000000, 0x000000061c400000|  0%| F|  |TAMS 0x000000061c000000, 0x000000061c000000| Untracked 
|  99|0x000000061c400000, 0x000000061c400000, 0x000000061c800000|  0%| F|  |TAMS 0x000000061c400000, 0x000000061c400000| Untracked 
| 100|0x000000061c800000, 0x000000061c800000, 0x000000061cc00000|  0%| F|  |TAMS 0x000000061c800000, 0x000000061c800000| Untracked 
| 101|0x000000061cc00000, 0x000000061cc00000, 0x000000061d000000|  0%| F|  |TAMS 0x000000061cc00000, 0x000000061cc00000| Untracked 
| 102|0x000000061d000000, 0x000000061d000000, 0x000000061d400000|  0%| F|  |TAMS 0x000000061d000000, 0x000000061d000000| Untracked 
| 103|0x000000061d400000, 0x000000061d400000, 0x000000061d800000|  0%| F|  |TAMS 0x000000061d400000, 0x000000061d400000| Untracked 
| 104|0x000000061d800000, 0x000000061d800000, 0x000000061dc00000|  0%| F|  |TAMS 0x000000061d800000, 0x000000061d800000| Untracked 
| 105|0x000000061dc00000, 0x000000061dc00000, 0x000000061e000000|  0%| F|  |TAMS 0x000000061dc00000, 0x000000061dc00000| Untracked 
| 106|0x000000061e000000, 0x000000061e000000, 0x000000061e400000|  0%| F|  |TAMS 0x000000061e000000, 0x000000061e000000| Untracked 
| 107|0x000000061e400000, 0x000000061e400000, 0x000000061e800000|  0%| F|  |TAMS 0x000000061e400000, 0x000000061e400000| Untracked 
| 108|0x000000061e800000, 0x000000061e800000, 0x000000061ec00000|  0%| F|  |TAMS 0x000000061e800000, 0x000000061e800000| Untracked 
| 109|0x000000061ec00000, 0x000000061ec00000, 0x000000061f000000|  0%| F|  |TAMS 0x000000061ec00000, 0x000000061ec00000| Untracked 
| 110|0x000000061f000000, 0x000000061f09f3a8, 0x000000061f400000| 15%| E|  |TAMS 0x000000061f000000, 0x000000061f000000| Complete 
| 111|0x000000061f400000, 0x000000061f800000, 0x000000061f800000|100%| E|CS|TAMS 0x000000061f400000, 0x000000061f400000| Complete 
| 112|0x000000061f800000, 0x000000061fc00000, 0x000000061fc00000|100%| E|CS|TAMS 0x000000061f800000, 0x000000061f800000| Complete 
| 113|0x000000061fc00000, 0x0000000620000000, 0x0000000620000000|100%| E|CS|TAMS 0x000000061fc00000, 0x000000061fc00000| Complete 
| 114|0x0000000620000000, 0x0000000620400000, 0x0000000620400000|100%| E|CS|TAMS 0x0000000620000000, 0x0000000620000000| Complete 
| 115|0x0000000620400000, 0x0000000620800000, 0x0000000620800000|100%| E|CS|TAMS 0x0000000620400000, 0x0000000620400000| Complete 
| 116|0x0000000620800000, 0x0000000620c00000, 0x0000000620c00000|100%| E|CS|TAMS 0x0000000620800000, 0x0000000620800000| Complete 
| 117|0x0000000620c00000, 0x0000000621000000, 0x0000000621000000|100%| S|CS|TAMS 0x0000000620c00000, 0x0000000620c00000| Complete 
| 118|0x0000000621000000, 0x0000000621400000, 0x0000000621400000|100%| E|CS|TAMS 0x0000000621000000, 0x0000000621000000| Complete 
| 119|0x0000000621400000, 0x0000000621800000, 0x0000000621800000|100%| E|CS|TAMS 0x0000000621400000, 0x0000000621400000| Complete 
| 120|0x0000000621800000, 0x0000000621c00000, 0x0000000621c00000|100%| E|CS|TAMS 0x0000000621800000, 0x0000000621800000| Complete 
| 121|0x0000000621c00000, 0x0000000622000000, 0x0000000622000000|100%| E|CS|TAMS 0x0000000621c00000, 0x0000000621c00000| Complete 
| 122|0x0000000622000000, 0x0000000622400000, 0x0000000622400000|100%| E|  |TAMS 0x0000000622000000, 0x0000000622000000| Complete 
| 127|0x0000000623400000, 0x0000000623800000, 0x0000000623800000|100%| E|CS|TAMS 0x0000000623400000, 0x0000000623400000| Complete 

Card table byte_map: [0x00000254f01c0000,0x00000254f11b0000] _byte_map_base: 0x00000254ed1a4000

Marking Bits (Prev, Next): (CMBitMap*) 0x00000254d74a8770, (CMBitMap*) 0x00000254d74a8730
 Prev Bits: [0x0000025480000000, 0x0000025487f20000)
 Next Bits: [0x00000254f21a0000, 0x00000254fa0c0000)

Polling page: 0x00000254d59a0000

Metaspace:

Usage:
  Non-class:     33.71 MB used.
      Class:      5.10 MB used.
       Both:     38.82 MB used.

Virtual space:
  Non-class space:       64.00 MB reserved,      33.88 MB ( 53%) committed,  1 nodes.
      Class space:        1.00 GB reserved,       5.25 MB ( <1%) committed,  1 nodes.
             Both:        1.06 GB reserved,      39.12 MB (  4%) committed. 

Chunk freelists:
   Non-Class:  13.92 MB
       Class:  10.59 MB
        Both:  24.52 MB

MaxMetaspaceSize: unlimited
CompressedClassSpaceSize: 1.00 GB
Initial GC threshold: 21.00 MB
Current GC threshold: 54.00 MB
CDS: on
MetaspaceReclaimPolicy: balanced
 - commit_granule_bytes: 65536.
 - commit_granule_words: 8192.
 - virtual_space_node_default_size: 8388608.
 - enlarge_chunks_in_place: 1.
 - new_chunks_are_fully_committed: 0.
 - uncommit_free_chunks: 1.
 - use_allocation_guard: 0.
 - handle_deallocations: 1.


Internal statistics:

num_allocs_failed_limit: 3.
num_arena_births: 420.
num_arena_deaths: 0.
num_vsnodes_births: 2.
num_vsnodes_deaths: 0.
num_space_committed: 626.
num_space_uncommitted: 0.
num_chunks_returned_to_freelist: 3.
num_chunks_taken_from_freelist: 1544.
num_chunk_merges: 3.
num_chunk_splits: 1048.
num_chunks_enlarged: 763.
num_inconsistent_stats: 0.

CodeHeap 'non-profiled nmethods': size=120000Kb used=9067Kb max_used=9674Kb free=110932Kb
 bounds [0x00000254e7530000, 0x00000254e7eb0000, 0x00000254eea60000]
CodeHeap 'profiled nmethods': size=120000Kb used=19539Kb max_used=20759Kb free=100460Kb
 bounds [0x00000254dfa60000, 0x00000254e0eb0000, 0x00000254e6f90000]
CodeHeap 'non-nmethods': size=5760Kb used=1646Kb max_used=1742Kb free=4113Kb
 bounds [0x00000254e6f90000, 0x00000254e7200000, 0x00000254e7530000]
 total_blobs=8910 nmethods=7955 adapters=866
 compilation: enabled
              stopped_count=0, restarted_count=0
 full_count=0

Compilation events (20 events):
Event: 280.716 Thread 0x00000254fcaf0060 nmethod 10155 0x00000254e7e82410 code [0x00000254e7e825a0, 0x00000254e7e826d8]
Event: 280.719 Thread 0x00000254fcaf8a30 nmethod 10161 0x00000254e0c46610 code [0x00000254e0c46c20, 0x00000254e0c4a7a8]
Event: 280.719 Thread 0x00000254ff4c78e0 nmethod 10128 0x00000254e7c6eb10 code [0x00000254e7c6eca0, 0x00000254e7c6f038]
Event: 280.720 Thread 0x00000254ff4c78e0 10162   !   4       java.util.Collections$SynchronizedMap::get (25 bytes)
Event: 280.746 Thread 0x00000254ff4c2930 nmethod 10145 0x00000254e7763710 code [0x00000254e77639c0, 0x00000254e7765aa8]
Event: 280.747 Thread 0x00000254ff4c78e0 nmethod 10162 0x00000254e7b08790 code [0x00000254e7b089a0, 0x00000254e7b0a5d8]
Event: 281.968 Thread 0x00000254ff4c2930 10163       4       javafx.scene.Scene$MouseHandler::process (793 bytes)
Event: 282.135 Thread 0x00000254ff4c2930 nmethod 10163 0x00000254e7d22810 code [0x00000254e7d22e00, 0x00000254e7d2abb8]
Event: 282.538 Thread 0x00000254fcaf8a30 10164       3       com.sun.javafx.scene.control.inputmap.InputMap$MouseMapping::getSpecificity (225 bytes)
Event: 282.539 Thread 0x00000254fcaf8a30 nmethod 10164 0x00000254e054dd10 code [0x00000254e054e000, 0x00000254e054f318]
Event: 283.082 Thread 0x00000254fcaf8a30 10165       3       java.util.TimSort::gallopLeft (335 bytes)
Event: 283.083 Thread 0x00000254fcaf8a30 nmethod 10165 0x00000254e0273590 code [0x00000254e02737c0, 0x00000254e02742f8]
Event: 283.083 Thread 0x00000254fcaf8a30 10166       3       javafx.scene.control.DialogPane::getExpandableContent (11 bytes)
Event: 283.083 Thread 0x00000254fcaf8a30 nmethod 10166 0x00000254e01ab090 code [0x00000254e01ab240, 0x00000254e01ab528]
Event: 283.088 Thread 0x00000254fcaf0060 10167       4       javafx.beans.property.BooleanPropertyBase::addListener (14 bytes)
Event: 283.089 Thread 0x00000254fcaf0060 nmethod 10167 0x00000254e7739b90 code [0x00000254e7739d20, 0x00000254e7739ea8]
Event: 284.282 Thread 0x00000254fcaf8a30 10168       3       com.sun.javafx.event.EventQueue::postEvent (12 bytes)
Event: 284.282 Thread 0x00000254fcaf8a30 nmethod 10168 0x00000254dfe98f90 code [0x00000254dfe99140, 0x00000254dfe99328]
Event: 284.361 Thread 0x00000254fcaf0060 10169       4       javafx.scene.Scene$MouseHandler::handleEnterExit (369 bytes)
Event: 284.442 Thread 0x00000254fcaf0060 nmethod 10169 0x00000254e7aa2790 code [0x00000254e7aa2ac0, 0x00000254e7aa7490]

GC Heap History (20 events):
Event: 193.179 GC heap before
{Heap before GC invocations=17 (full 0):
 garbage-first heap   total 245760K, used 115774K [0x0000000603800000, 0x0000000800000000)
  region size 4096K, 9 young (36864K), 2 survivors (8192K)
 Metaspace       used 32647K, committed 32960K, reserved 1114112K
  class space    used 4364K, committed 4480K, reserved 1048576K
}
Event: 193.183 GC heap after
{Heap after GC invocations=18 (full 0):
 garbage-first heap   total 245760K, used 112168K [0x0000000603800000, 0x0000000800000000)
  region size 4096K, 2 young (8192K), 2 survivors (8192K)
 Metaspace       used 32647K, committed 32960K, reserved 1114112K
  class space    used 4364K, committed 4480K, reserved 1048576K
}
Event: 210.466 GC heap before
{Heap before GC invocations=19 (full 0):
 garbage-first heap   total 245760K, used 169512K [0x0000000603800000, 0x0000000800000000)
  region size 4096K, 15 young (61440K), 2 survivors (8192K)
 Metaspace       used 32752K, committed 33088K, reserved 1114112K
  class space    used 4369K, committed 4544K, reserved 1048576K
}
Event: 210.472 GC heap after
{Heap after GC invocations=20 (full 0):
 garbage-first heap   total 245760K, used 154744K [0x0000000603800000, 0x0000000800000000)
  region size 4096K, 2 young (8192K), 2 survivors (8192K)
 Metaspace       used 32752K, committed 33088K, reserved 1114112K
  class space    used 4369K, committed 4544K, reserved 1048576K
}
Event: 210.485 GC heap before
{Heap before GC invocations=20 (full 0):
 garbage-first heap   total 245760K, used 154744K [0x0000000603800000, 0x0000000800000000)
  region size 4096K, 3 young (12288K), 2 survivors (8192K)
 Metaspace       used 32752K, committed 33088K, reserved 1114112K
  class space    used 4369K, committed 4544K, reserved 1048576K
}
Event: 210.490 GC heap after
{Heap after GC invocations=21 (full 0):
 garbage-first heap   total 245760K, used 139445K [0x0000000603800000, 0x0000000800000000)
  region size 4096K, 1 young (4096K), 1 survivors (4096K)
 Metaspace       used 32752K, committed 33088K, reserved 1114112K
  class space    used 4369K, committed 4544K, reserved 1048576K
}
Event: 210.551 GC heap before
{Heap before GC invocations=21 (full 0):
 garbage-first heap   total 245760K, used 151733K [0x0000000603800000, 0x0000000800000000)
  region size 4096K, 3 young (12288K), 1 survivors (4096K)
 Metaspace       used 32755K, committed 33088K, reserved 1114112K
  class space    used 4369K, committed 4544K, reserved 1048576K
}
Event: 210.553 GC heap after
{Heap after GC invocations=22 (full 0):
 garbage-first heap   total 245760K, used 150012K [0x0000000603800000, 0x0000000800000000)
  region size 4096K, 1 young (4096K), 1 survivors (4096K)
 Metaspace       used 32755K, committed 33088K, reserved 1114112K
  class space    used 4369K, committed 4544K, reserved 1048576K
}
Event: 217.298 GC heap before
{Heap before GC invocations=22 (full 0):
 garbage-first heap   total 245760K, used 178684K [0x0000000603800000, 0x0000000800000000)
  region size 4096K, 7 young (28672K), 1 survivors (4096K)
 Metaspace       used 32817K, committed 33152K, reserved 1114112K
  class space    used 4371K, committed 4544K, reserved 1048576K
}
Event: 217.302 GC heap after
{Heap after GC invocations=23 (full 0):
 garbage-first heap   total 245760K, used 175801K [0x0000000603800000, 0x0000000800000000)
  region size 4096K, 1 young (4096K), 1 survivors (4096K)
 Metaspace       used 32817K, committed 33152K, reserved 1114112K
  class space    used 4371K, committed 4544K, reserved 1048576K
}
Event: 217.337 GC heap before
{Heap before GC invocations=23 (full 0):
 garbage-first heap   total 245760K, used 175801K [0x0000000603800000, 0x0000000800000000)
  region size 4096K, 3 young (12288K), 1 survivors (4096K)
 Metaspace       used 32820K, committed 33152K, reserved 1114112K
  class space    used 4371K, committed 4544K, reserved 1048576K
}
Event: 217.340 GC heap after
{Heap after GC invocations=24 (full 0):
 garbage-first heap   total 245760K, used 183527K [0x0000000603800000, 0x0000000800000000)
  region size 4096K, 1 young (4096K), 1 survivors (4096K)
 Metaspace       used 32820K, committed 33152K, reserved 1114112K
  class space    used 4371K, committed 4544K, reserved 1048576K
}
Event: 217.402 GC heap before
{Heap before GC invocations=25 (full 0):
 garbage-first heap   total 253952K, used 154855K [0x0000000603800000, 0x0000000800000000)
  region size 4096K, 3 young (12288K), 1 survivors (4096K)
 Metaspace       used 32842K, committed 33216K, reserved 1114112K
  class space    used 4371K, committed 4544K, reserved 1048576K
}
Event: 217.404 GC heap after
{Heap after GC invocations=26 (full 0):
 garbage-first heap   total 253952K, used 150017K [0x0000000603800000, 0x0000000800000000)
  region size 4096K, 1 young (4096K), 1 survivors (4096K)
 Metaspace       used 32842K, committed 33216K, reserved 1114112K
  class space    used 4371K, committed 4544K, reserved 1048576K
}
Event: 219.365 GC heap before
{Heap before GC invocations=26 (full 0):
 garbage-first heap   total 253952K, used 158209K [0x0000000603800000, 0x0000000800000000)
  region size 4096K, 3 young (12288K), 1 survivors (4096K)
 Metaspace       used 32853K, committed 33216K, reserved 1114112K
  class space    used 4371K, committed 4544K, reserved 1048576K
}
Event: 219.367 GC heap after
{Heap after GC invocations=27 (full 0):
 garbage-first heap   total 507904K, used 123663K [0x0000000603800000, 0x0000000800000000)
  region size 4096K, 1 young (4096K), 1 survivors (4096K)
 Metaspace       used 32853K, committed 33216K, reserved 1114112K
  class space    used 4371K, committed 4544K, reserved 1048576K
}
Event: 266.424 GC heap before
{Heap before GC invocations=27 (full 0):
 garbage-first heap   total 507904K, used 140047K [0x0000000603800000, 0x0000000800000000)
  region size 4096K, 6 young (24576K), 1 survivors (4096K)
 Metaspace       used 32982K, committed 33280K, reserved 1114112K
  class space    used 4372K, committed 4544K, reserved 1048576K
}
Event: 266.429 GC heap after
{Heap after GC invocations=28 (full 0):
 garbage-first heap   total 507904K, used 82602K [0x0000000603800000, 0x0000000800000000)
  region size 4096K, 1 young (4096K), 1 survivors (4096K)
 Metaspace       used 32982K, committed 33280K, reserved 1114112K
  class space    used 4372K, committed 4544K, reserved 1048576K
}
Event: 266.535 GC heap before
{Heap before GC invocations=28 (full 0):
 garbage-first heap   total 507904K, used 103082K [0x0000000603800000, 0x0000000800000000)
  region size 4096K, 6 young (24576K), 1 survivors (4096K)
 Metaspace       used 33006K, committed 33280K, reserved 1114112K
  class space    used 4372K, committed 4544K, reserved 1048576K
}
Event: 266.539 GC heap after
{Heap after GC invocations=29 (full 0):
 garbage-first heap   total 507904K, used 97130K [0x0000000603800000, 0x0000000800000000)
  region size 4096K, 1 young (4096K), 1 survivors (4096K)
 Metaspace       used 33006K, committed 33280K, reserved 1114112K
  class space    used 4372K, committed 4544K, reserved 1048576K
}

Deoptimization events (20 events):
Event: 280.706 Thread 0x00000254fcae5800 DEOPT PACKING pc=0x00000254dfc8896c sp=0x000000ba6f0f9390
Event: 280.706 Thread 0x00000254fcae5800 DEOPT UNPACKING pc=0x00000254e6fe66e3 sp=0x000000ba6f0f8978 mode 1
Event: 280.706 Thread 0x00000254fcae5800 DEOPT PACKING pc=0x00000254e02f259c sp=0x000000ba6f0f9580
Event: 280.707 Thread 0x00000254fcae5800 DEOPT UNPACKING pc=0x00000254e6fe66e3 sp=0x000000ba6f0f89e8 mode 1
Event: 299.455 Thread 0x00000254fcadedb0 Uncommon trap: trap_request=0xffffffc6 fr.pc=0x00000254e7a6c5d8 relative=0x0000000000000718
Event: 299.455 Thread 0x00000254fcadedb0 Uncommon trap: reason=bimorphic_or_optimized_type_check action=maybe_recompile pc=0x00000254e7a6c5d8 method=java.util.Hashtable.get(Ljava/lang/Object;)Ljava/lang/Object; @ 6 c2
Event: 299.455 Thread 0x00000254fcadedb0 DEOPT PACKING pc=0x00000254e7a6c5d8 sp=0x000000ba6e1ff570
Event: 299.455 Thread 0x00000254fcadedb0 DEOPT UNPACKING pc=0x00000254e6fe5ba3 sp=0x000000ba6e1ff530 mode 2
Event: 299.456 Thread 0x00000254fcae43c0 Uncommon trap: trap_request=0xffffff45 fr.pc=0x00000254e7de2470 relative=0x0000000000001370
Event: 299.456 Thread 0x00000254fcae43c0 Uncommon trap: reason=unstable_if action=reinterpret pc=0x00000254e7de2470 method=java.util.concurrent.locks.AbstractQueuedSynchronizer.acquire(Ljava/util/concurrent/locks/AbstractQueuedSynchronizer$Node;IZZZJ)I @ 155 c2
Event: 299.456 Thread 0x00000254fcae43c0 DEOPT PACKING pc=0x00000254e7de2470 sp=0x000000ba6e9ff1a0
Event: 299.456 Thread 0x00000254fcae43c0 DEOPT UNPACKING pc=0x00000254e6fe5ba3 sp=0x000000ba6e9ff130 mode 2
Event: 299.456 Thread 0x00000254fcae43c0 DEOPT PACKING pc=0x00000254e0310ac4 sp=0x000000ba6e9ff240
Event: 299.456 Thread 0x00000254fcae43c0 DEOPT UNPACKING pc=0x00000254e6fe66e3 sp=0x000000ba6e9fe760 mode 1
Event: 299.456 Thread 0x00000254fcae43c0 DEOPT PACKING pc=0x00000254e0997b7c sp=0x000000ba6e9ff330
Event: 299.456 Thread 0x00000254fcae43c0 DEOPT UNPACKING pc=0x00000254e6fe66e3 sp=0x000000ba6e9fe878 mode 1
Event: 299.456 Thread 0x00000254fcae43c0 DEOPT PACKING pc=0x00000254e099be1c sp=0x000000ba6e9ff440
Event: 299.456 Thread 0x00000254fcae43c0 DEOPT UNPACKING pc=0x00000254e6fe66e3 sp=0x000000ba6e9fe900 mode 1
Event: 299.456 Thread 0x00000254ff4afd40 DEOPT PACKING pc=0x00000254dfcb8ecc sp=0x000000ba6edff540
Event: 299.456 Thread 0x00000254ff4afd40 DEOPT UNPACKING pc=0x00000254e6fe66e3 sp=0x000000ba6edfe9a0 mode 1

Classes unloaded (0 events):
No events

Classes redefined (1 events):
Event: 0.315 Thread 0x00000254fcac3480 redefined class name=java.lang.Throwable, count=1

Internal exceptions (20 events):
Event: 266.524 Thread 0x00000254fcae5800 Exception <a 'java/lang/ClassCastException'{0x00000006215a4800}> (0x00000006215a4800) 
thrown [s\open\src\hotspot\share\runtime\sharedRuntime.cpp, line 631]
Event: 266.524 Thread 0x00000254fcae5800 Exception <a 'java/lang/ClassCastException'{0x00000006215b6638}> (0x00000006215b6638) 
thrown [s\open\src\hotspot\share\runtime\sharedRuntime.cpp, line 631]
Event: 266.524 Thread 0x00000254fcae5800 Exception <a 'java/lang/ClassCastException'{0x00000006215be848}> (0x00000006215be848) 
thrown [s\open\src\hotspot\share\runtime\sharedRuntime.cpp, line 631]
Event: 266.525 Thread 0x00000254fcae5800 Exception <a 'java/lang/ClassCastException'{0x00000006215cda40}> (0x00000006215cda40) 
thrown [s\open\src\hotspot\share\runtime\sharedRuntime.cpp, line 631]
Event: 266.525 Thread 0x00000254fcae5800 Exception <a 'java/lang/ClassCastException'{0x00000006215df5c8}> (0x00000006215df5c8) 
thrown [s\open\src\hotspot\share\runtime\sharedRuntime.cpp, line 631]
Event: 270.104 Thread 0x00000254fcae5800 Exception <a 'java/io/FileNotFoundException'{0x00000006235a49b8}> (0x00000006235a49b8) 
thrown [s\open\src\hotspot\share\prims\jni.cpp, line 516]
Event: 272.733 Thread 0x00000254ff364250 Exception <a 'sun/nio/fs/WindowsException'{0x0000000621b4f680}> (0x0000000621b4f680) 
thrown [s\open\src\hotspot\share\prims\jni.cpp, line 516]
Event: 272.744 Thread 0x00000254ff364250 Exception <a 'java/lang/NoSuchMethodError'{0x0000000621ba54c8}: 'int java.lang.invoke.DirectMethodHandle$Holder.invokeStatic(java.lang.Object, java.lang.Object, java.lang.Object, java.lang.Object)'> (0x0000000621ba54c8) 
thrown [s\open\src\hotspot\share\interpreter\linkResolver.cpp, line 759]
Event: 272.744 Thread 0x00000254ff364250 Exception <a 'java/lang/NoSuchMethodError'{0x0000000621ba9190}: 'int java.lang.invoke.DirectMethodHandle$Holder.invokeStaticInit(java.lang.Object, java.lang.Object, java.lang.Object, java.lang.Object)'> (0x0000000621ba9190) 
thrown [s\open\src\hotspot\share\interpreter\linkResolver.cpp, line 759]
Event: 272.744 Thread 0x00000254ff364250 Exception <a 'java/lang/IncompatibleClassChangeError'{0x0000000621bb22e0}: Found class java.lang.Object, but interface was expected> (0x0000000621bb22e0) 
thrown [s\open\src\hotspot\share\interpreter\linkResolver.cpp, line 826]
Event: 272.815 Thread 0x00000254ff364250 Exception <a 'java/lang/NoSuchMethodError'{0x0000000621111ff0}: 'java.lang.Object java.lang.invoke.DirectMethodHandle$Holder.invokeStaticInit(java.lang.Object, int, int, int, int)'> (0x0000000621111ff0) 
thrown [s\open\src\hotspot\share\interpreter\linkResolver.cpp, line 759]
Event: 272.820 Thread 0x00000254ff364250 Implicit null exception at 0x00000254e772e5f5 to 0x00000254e772ea1c
Event: 272.874 Thread 0x00000254ff364250 Exception <a 'java/lang/NoSuchMethodError'{0x00000006211c11f0}: 'java.lang.Object java.lang.invoke.DirectMethodHandle$Holder.invokeStaticInit(java.lang.Object, java.lang.Object, int, int, int, int)'> (0x00000006211c11f0) 
thrown [s\open\src\hotspot\share\interpreter\linkResolver.cpp, line 759]
Event: 273.559 Thread 0x00000254fcae5800 Exception <a 'java/lang/NoSuchMethodError'{0x000000062195be88}: 'java.lang.Object java.lang.invoke.DirectMethodHandle$Holder.invokeStaticInit(java.lang.Object, java.lang.Object, java.lang.Object)'> (0x000000062195be88) 
thrown [s\open\src\hotspot\share\interpreter\linkResolver.cpp, line 759]
Event: 276.681 Thread 0x00000254fcae5800 Exception <a 'java/lang/NoSuchMethodError'{0x00000006207bfc88}: 'java.lang.Object java.lang.invoke.DirectMethodHandle$Holder.newInvokeSpecial(java.lang.Object, java.lang.Object, java.lang.Object, java.lang.Object, java.lang.Object, java.lang.Object, java.lang.Object, java.lang.Object, java.lang.Object, java.lang.Object, java.lang.Object, java.lang.Object)'> (0x00000006207bfc88) 
thrown [s\open\src\hotspot\share\interpreter\linkResolver.cpp, line 759]
Event: 276.682 Thread 0x00000254fcae5800 Exception <a 'java/lang/NoSuchMethodError'{0x00000006207c5040}: 'java.lang.Object java.lang.invoke.DirectMethodHandle$Holder.invokeSpecial(java.lang.Object, java.lang.Object, java.lang.Object, java.lang.Object, java.lang.Object, java.lang.Object, java.lang.Object, java.lang.Object, java.lang.Object, java.lang.Object, java.lang.Object, java.lang.Object, java.lang.Object)'> (0x00000006207c5040) 
thrown [s\open\src\hotspot\share\interpreter\linkResolver.cpp, line 759]
Event: 276.682 Thread 0x00000254fcae5800 Exception <a 'java/lang/NoSuchMethodError'{0x00000006207ca088}: 'java.lang.Object java.lang.invoke.Invokers$Holder.linkToTargetMethod(java.lang.Object, java.lang.Object, java.lang.Object, java.lang.Object, java.lang.Object, java.lang.Object, java.lang.Object, java.lang.Object, java.lang.Object, java.lang.Object, java.lang.Object, java.lang.Object)'> (0x00000006207ca088) 
thrown [s\open\src\hotspot\share\interpreter\linkResolver.cpp, line 759]
Event: 276.721 Thread 0x00000254fcae5800 Implicit null exception at 0x00000254e77f4b5c to 0x00000254e77f9668
Event: 276.721 Thread 0x00000254fcae5800 Implicit null exception at 0x00000254e76cb7c7 to 0x00000254e76ccda8
Event: 276.730 Thread 0x00000254fcae5800 Implicit null exception at 0x00000254e7c0616d to 0x00000254e7c06d18

VM Operations (20 events):
Event: 277.721 Executing VM operation: Cleanup done
Event: 279.721 Executing VM operation: Cleanup
Event: 279.722 Executing VM operation: Cleanup done
Event: 281.722 Executing VM operation: Cleanup
Event: 281.722 Executing VM operation: Cleanup done
Event: 282.722 Executing VM operation: Cleanup
Event: 282.722 Executing VM operation: Cleanup done
Event: 283.723 Executing VM operation: Cleanup
Event: 283.723 Executing VM operation: Cleanup done
Event: 284.724 Executing VM operation: Cleanup
Event: 284.724 Executing VM operation: Cleanup done
Event: 286.725 Executing VM operation: Cleanup
Event: 286.725 Executing VM operation: Cleanup done
Event: 299.065 Executing VM operation: ChangeBreakpoints
Event: 299.065 Executing VM operation: ChangeBreakpoints done
Event: 299.065 Executing VM operation: ChangeBreakpoints
Event: 299.066 Executing VM operation: ChangeBreakpoints done
Event: 299.066 Executing VM operation: ChangeBreakpoints
Event: 299.066 Executing VM operation: ChangeBreakpoints done
Event: 299.457 Executing VM operation: Exit

Events (20 events):
Event: 278.535 loading class java/net/SocketTimeoutException done
Event: 279.233 Thread 0x00000254ff4c78e0 Thread exited: 0x00000254ff4c78e0
Event: 280.686 Thread 0x00000254ff4c2930 Thread added: 0x00000254ff4c2930
Event: 280.694 Thread 0x00000254ff4c78e0 Thread added: 0x00000254ff4c78e0
Event: 281.969 Thread 0x00000254ff4c78e0 Thread exited: 0x00000254ff4c78e0
Event: 282.538 Thread 0x00000254ff4c2930 Thread exited: 0x00000254ff4c2930
Event: 283.536 Thread 0x00000254ff4afd40 Thread exited: 0x00000254ff4afd40
Event: 299.065 Thread 0x00000254cd459d80 Thread exited: 0x00000254cd459d80
Event: 299.070 Thread 0x00000254cd1f84a0 Thread exited: 0x00000254cd1f84a0
Event: 299.455 loading class jdk/internal/misc/Signal$1
Event: 299.455 loading class jdk/internal/misc/Signal$1 done
Event: 299.455 Thread 0x00000254ff4a9d10 Thread added: 0x00000254ff4a9d10
Event: 299.456 Thread 0x00000254ff4aa220 Thread added: 0x00000254ff4aa220
Event: 299.456 Thread 0x00000254ff4afd40 Thread added: 0x00000254ff4afd40
Event: 299.456 loading class com/sun/javafx/tk/quantum/QuantumRenderer
Event: 299.456 loading class com/sun/javafx/tk/quantum/QuantumRenderer done
Event: 299.456 Thread 0x00000254ff4aa220 Thread exited: 0x00000254ff4aa220
Event: 299.456 loading class com/sun/javafx/tk/quantum/QuantumToolkit
Event: 299.456 loading class com/sun/javafx/tk/quantum/QuantumToolkit done
Event: 299.456 Thread 0x00000254ff4afd40 Thread exited: 0x00000254ff4afd40


Dynamic libraries:
0x00007ff7620d0000 - 0x00007ff7620e0000 	C:\Program Files\Java\jdk-17\bin\java.exe
0x00007ffef0c30000 - 0x00007ffef0e47000 	C:\WINDOWS\SYSTEM32\ntdll.dll
0x00007ffeef420000 - 0x00007ffeef4e4000 	C:\WINDOWS\System32\KERNEL32.DLL
0x00007ffeee190000 - 0x00007ffeee563000 	C:\WINDOWS\System32\KERNELBASE.dll
0x00007ffeee570000 - 0x00007ffeee681000 	C:\WINDOWS\System32\ucrtbase.dll
0x00007ffee95a0000 - 0x00007ffee95b9000 	C:\Program Files\Java\jdk-17\bin\jli.dll
0x00007ffee7850000 - 0x00007ffee786b000 	C:\Program Files\Java\jdk-17\bin\VCRUNTIME140.dll
0x00007ffeefd50000 - 0x00007ffeefe01000 	C:\WINDOWS\System32\ADVAPI32.dll
0x00007ffef0b00000 - 0x00007ffef0ba7000 	C:\WINDOWS\System32\msvcrt.dll
0x00007ffef0a50000 - 0x00007ffef0af8000 	C:\WINDOWS\System32\sechost.dll
0x00007ffeee020000 - 0x00007ffeee048000 	C:\WINDOWS\System32\bcrypt.dll
0x00007ffeef870000 - 0x00007ffeef984000 	C:\WINDOWS\System32\RPCRT4.dll
0x00007ffeef0a0000 - 0x00007ffeef251000 	C:\WINDOWS\System32\USER32.dll
0x00007ffeee8a0000 - 0x00007ffeee8c6000 	C:\WINDOWS\System32\win32u.dll
0x00007ffef0bb0000 - 0x00007ffef0bd9000 	C:\WINDOWS\System32\GDI32.dll
0x00007ffed1ed0000 - 0x00007ffed2168000 	C:\WINDOWS\WinSxS\amd64_microsoft.windows.common-controls_6595b64144ccf1df_6.0.22621.5124_none_270e8f4f7386d69d\COMCTL32.dll
0x00007ffeede00000 - 0x00007ffeedf1b000 	C:\WINDOWS\System32\gdi32full.dll
0x00007ffeee800000 - 0x00007ffeee89a000 	C:\WINDOWS\System32\msvcp_win.dll
0x00007ffee93c0000 - 0x00007ffee93ca000 	C:\WINDOWS\SYSTEM32\VERSION.dll
0x00007ffeefe10000 - 0x00007ffeefe41000 	C:\WINDOWS\System32\IMM32.DLL
0x00007ffeea4b0000 - 0x00007ffeea4bc000 	C:\Program Files\Java\jdk-17\bin\vcruntime140_1.dll
0x00007ffebf9c0000 - 0x00007ffebfa4e000 	C:\Program Files\Java\jdk-17\bin\msvcp140.dll
0x00007ffe20720000 - 0x00007ffe21300000 	C:\Program Files\Java\jdk-17\bin\server\jvm.dll
0x00007ffef0be0000 - 0x00007ffef0be8000 	C:\WINDOWS\System32\PSAPI.DLL
0x00007ffeea2d0000 - 0x00007ffeea2d9000 	C:\WINDOWS\SYSTEM32\WSOCK32.dll
0x00007ffee93d0000 - 0x00007ffee9404000 	C:\WINDOWS\SYSTEM32\WINMM.dll
0x00007ffeeefb0000 - 0x00007ffeef021000 	C:\WINDOWS\System32\WS2_32.dll
0x00007ffeecd70000 - 0x00007ffeecd88000 	C:\WINDOWS\SYSTEM32\kernel.appcore.dll
0x00007ffee9610000 - 0x00007ffee961a000 	C:\Program Files\Java\jdk-17\bin\jimage.dll
0x00007ffeeb8b0000 - 0x00007ffeebae2000 	C:\WINDOWS\SYSTEM32\DBGHELP.DLL
0x00007ffeef990000 - 0x00007ffeefd22000 	C:\WINDOWS\System32\combase.dll
0x00007ffeef6b0000 - 0x00007ffeef787000 	C:\WINDOWS\System32\OLEAUT32.dll
0x00007ffecb3a0000 - 0x00007ffecb3d2000 	C:\WINDOWS\SYSTEM32\dbgcore.DLL
0x00007ffeedf20000 - 0x00007ffeedf9b000 	C:\WINDOWS\System32\bcryptPrimitives.dll
0x00007ffe96580000 - 0x00007ffe965bb000 	C:\Program Files\Java\jdk-17\bin\jdwp.dll
0x00007ffe77400000 - 0x00007ffe7760e000 	C:\Users\Abir12\AppData\Local\Temp\idea_libasyncProfiler_dll_temp_folder10\libasyncProfiler.dll
0x00007ffee9480000 - 0x00007ffee948e000 	C:\Program Files\Java\jdk-17\bin\instrument.dll
0x00007ffee3610000 - 0x00007ffee3635000 	C:\Program Files\Java\jdk-17\bin\java.dll
0x00007ffe96630000 - 0x00007ffe96648000 	C:\Program Files\Java\jdk-17\bin\zip.dll
0x00007ffeb5f30000 - 0x00007ffeb6007000 	C:\Program Files\Java\jdk-17\bin\jsvml.dll
0x00007ffeefff0000 - 0x00007ffef0886000 	C:\WINDOWS\System32\SHELL32.dll
0x00007ffeee050000 - 0x00007ffeee18f000 	C:\WINDOWS\System32\wintypes.dll
0x00007ffeebaf0000 - 0x00007ffeec40a000 	C:\WINDOWS\SYSTEM32\windows.storage.dll
0x00007ffef0940000 - 0x00007ffef0a4a000 	C:\WINDOWS\System32\SHCORE.dll
0x00007ffeeedd0000 - 0x00007ffeeee33000 	C:\WINDOWS\System32\shlwapi.dll
0x00007ffeedc70000 - 0x00007ffeedc9b000 	C:\WINDOWS\SYSTEM32\profapi.dll
0x00007ffebcd90000 - 0x00007ffebcda9000 	C:\Program Files\Java\jdk-17\bin\net.dll
0x00007ffeea180000 - 0x00007ffeea2ac000 	C:\WINDOWS\SYSTEM32\WINHTTP.dll
0x00007ffeed1f0000 - 0x00007ffeed25a000 	C:\WINDOWS\system32\mswsock.dll
0x00007ffe96650000 - 0x00007ffe96666000 	C:\Program Files\Java\jdk-17\bin\nio.dll
0x00007ffee3600000 - 0x00007ffee360c000 	C:\Program Files\Java\jdk-17\bin\dt_socket.dll
0x00007ffeec7e0000 - 0x00007ffeec80d000 	C:\WINDOWS\SYSTEM32\IPHLPAPI.DLL
0x0000025487f30000 - 0x0000025487f33000 	C:\Users\Abir12\Downloads\javafx-sdk-21.0.7\bin\api-ms-win-core-console-l1-1-0.dll
0x0000025487f40000 - 0x0000025487f43000 	C:\Users\Abir12\Downloads\javafx-sdk-21.0.7\bin\api-ms-win-core-console-l1-2-0.dll
0x0000025487f50000 - 0x0000025487f53000 	C:\Users\Abir12\Downloads\javafx-sdk-21.0.7\bin\api-ms-win-core-datetime-l1-1-0.dll
0x0000025487f60000 - 0x0000025487f63000 	C:\Users\Abir12\Downloads\javafx-sdk-21.0.7\bin\api-ms-win-core-debug-l1-1-0.dll
0x0000025487f70000 - 0x0000025487f73000 	C:\Users\Abir12\Downloads\javafx-sdk-21.0.7\bin\api-ms-win-core-errorhandling-l1-1-0.dll
0x0000025487f80000 - 0x0000025487f84000 	C:\Users\Abir12\Downloads\javafx-sdk-21.0.7\bin\api-ms-win-core-file-l1-1-0.dll
0x0000025487f90000 - 0x0000025487f93000 	C:\Users\Abir12\Downloads\javafx-sdk-21.0.7\bin\api-ms-win-core-file-l1-2-0.dll
0x0000025487fa0000 - 0x0000025487fa3000 	C:\Users\Abir12\Downloads\javafx-sdk-21.0.7\bin\api-ms-win-core-file-l2-1-0.dll
0x0000025487fb0000 - 0x0000025487fb3000 	C:\Users\Abir12\Downloads\javafx-sdk-21.0.7\bin\api-ms-win-core-handle-l1-1-0.dll
0x0000025487fc0000 - 0x0000025487fc3000 	C:\Users\Abir12\Downloads\javafx-sdk-21.0.7\bin\api-ms-win-core-heap-l1-1-0.dll
0x0000025487fd0000 - 0x0000025487fd3000 	C:\Users\Abir12\Downloads\javafx-sdk-21.0.7\bin\api-ms-win-core-interlocked-l1-1-0.dll
0x0000025487fe0000 - 0x0000025487fe3000 	C:\Users\Abir12\Downloads\javafx-sdk-21.0.7\bin\api-ms-win-core-libraryloader-l1-1-0.dll
0x0000025487ff0000 - 0x0000025487ff3000 	C:\Users\Abir12\Downloads\javafx-sdk-21.0.7\bin\api-ms-win-core-localization-l1-2-0.dll
0x00000254ce900000 - 0x00000254ce903000 	C:\Users\Abir12\Downloads\javafx-sdk-21.0.7\bin\api-ms-win-core-memory-l1-1-0.dll
0x00000254ce910000 - 0x00000254ce913000 	C:\Users\Abir12\Downloads\javafx-sdk-21.0.7\bin\api-ms-win-core-namedpipe-l1-1-0.dll
0x00000254ce920000 - 0x00000254ce923000 	C:\Users\Abir12\Downloads\javafx-sdk-21.0.7\bin\api-ms-win-core-processenvironment-l1-1-0.dll
0x00000254ce930000 - 0x00000254ce933000 	C:\Users\Abir12\Downloads\javafx-sdk-21.0.7\bin\api-ms-win-core-processthreads-l1-1-0.dll
0x00000254ce940000 - 0x00000254ce943000 	C:\Users\Abir12\Downloads\javafx-sdk-21.0.7\bin\api-ms-win-core-processthreads-l1-1-1.dll
0x00000254ce950000 - 0x00000254ce953000 	C:\Users\Abir12\Downloads\javafx-sdk-21.0.7\bin\api-ms-win-core-profile-l1-1-0.dll
0x00000254ce960000 - 0x00000254ce963000 	C:\Users\Abir12\Downloads\javafx-sdk-21.0.7\bin\api-ms-win-core-rtlsupport-l1-1-0.dll
0x00000254ce970000 - 0x00000254ce973000 	C:\Users\Abir12\Downloads\javafx-sdk-21.0.7\bin\api-ms-win-core-string-l1-1-0.dll
0x00000254ce980000 - 0x00000254ce983000 	C:\Users\Abir12\Downloads\javafx-sdk-21.0.7\bin\api-ms-win-core-synch-l1-1-0.dll
0x00000254ce990000 - 0x00000254ce993000 	C:\Users\Abir12\Downloads\javafx-sdk-21.0.7\bin\api-ms-win-core-synch-l1-2-0.dll
0x00000254ce9a0000 - 0x00000254ce9a3000 	C:\Users\Abir12\Downloads\javafx-sdk-21.0.7\bin\api-ms-win-core-sysinfo-l1-1-0.dll
0x00000254ce9b0000 - 0x00000254ce9b3000 	C:\Users\Abir12\Downloads\javafx-sdk-21.0.7\bin\api-ms-win-core-timezone-l1-1-0.dll
0x00000254ce9c0000 - 0x00000254ce9c3000 	C:\Users\Abir12\Downloads\javafx-sdk-21.0.7\bin\api-ms-win-core-util-l1-1-0.dll
0x00000254ce9d0000 - 0x00000254ce9d3000 	C:\Users\Abir12\Downloads\javafx-sdk-21.0.7\bin\api-ms-win-crt-conio-l1-1-0.dll
0x00000254ce9e0000 - 0x00000254ce9e4000 	C:\Users\Abir12\Downloads\javafx-sdk-21.0.7\bin\api-ms-win-crt-convert-l1-1-0.dll
0x00000254ce9f0000 - 0x00000254ce9f3000 	C:\Users\Abir12\Downloads\javafx-sdk-21.0.7\bin\api-ms-win-crt-environment-l1-1-0.dll
0x00000254cea00000 - 0x00000254cea03000 	C:\Users\Abir12\Downloads\javafx-sdk-21.0.7\bin\api-ms-win-crt-filesystem-l1-1-0.dll
0x00000254cea10000 - 0x00000254cea13000 	C:\Users\Abir12\Downloads\javafx-sdk-21.0.7\bin\api-ms-win-crt-heap-l1-1-0.dll
0x00000254cea20000 - 0x00000254cea23000 	C:\Users\Abir12\Downloads\javafx-sdk-21.0.7\bin\api-ms-win-crt-locale-l1-1-0.dll
0x00000254cea30000 - 0x00000254cea35000 	C:\Users\Abir12\Downloads\javafx-sdk-21.0.7\bin\api-ms-win-crt-math-l1-1-0.dll
0x00000254cea40000 - 0x00000254cea45000 	C:\Users\Abir12\Downloads\javafx-sdk-21.0.7\bin\api-ms-win-crt-multibyte-l1-1-0.dll
0x00000254cea50000 - 0x00000254cea60000 	C:\Users\Abir12\Downloads\javafx-sdk-21.0.7\bin\api-ms-win-crt-private-l1-1-0.dll
0x00000254cea60000 - 0x00000254cea63000 	C:\Users\Abir12\Downloads\javafx-sdk-21.0.7\bin\api-ms-win-crt-process-l1-1-0.dll
0x00000254cea70000 - 0x00000254cea74000 	C:\Users\Abir12\Downloads\javafx-sdk-21.0.7\bin\api-ms-win-crt-runtime-l1-1-0.dll
0x00000254cea80000 - 0x00000254cea84000 	C:\Users\Abir12\Downloads\javafx-sdk-21.0.7\bin\api-ms-win-crt-stdio-l1-1-0.dll
0x00000254cea90000 - 0x00000254cea94000 	C:\Users\Abir12\Downloads\javafx-sdk-21.0.7\bin\api-ms-win-crt-string-l1-1-0.dll
0x00000254ceaa0000 - 0x00000254ceaa3000 	C:\Users\Abir12\Downloads\javafx-sdk-21.0.7\bin\api-ms-win-crt-time-l1-1-0.dll
0x00000254ceab0000 - 0x00000254ceab3000 	C:\Users\Abir12\Downloads\javafx-sdk-21.0.7\bin\api-ms-win-crt-utility-l1-1-0.dll
0x00007ffe76db0000 - 0x00007ffe76eac000 	C:\Users\Abir12\Downloads\javafx-sdk-21.0.7\bin\ucrtbase.dll
0x00007ffe96520000 - 0x00007ffe9653b000 	C:\Users\Abir12\Downloads\javafx-sdk-21.0.7\bin\vcruntime140.dll
0x00007ffecc6e0000 - 0x00007ffecc6ec000 	C:\Users\Abir12\Downloads\javafx-sdk-21.0.7\bin\vcruntime140_1.dll
0x00007ffe96490000 - 0x00007ffe9651e000 	C:\Users\Abir12\Downloads\javafx-sdk-21.0.7\bin\msvcp140.dll
0x00007ffecc620000 - 0x00007ffecc629000 	C:\Users\Abir12\Downloads\javafx-sdk-21.0.7\bin\msvcp140_1.dll
0x00007ffe76d60000 - 0x00007ffe76da1000 	C:\Users\Abir12\Downloads\javafx-sdk-21.0.7\bin\msvcp140_2.dll
0x00007ffe76d30000 - 0x00007ffe76d60000 	C:\Users\Abir12\Downloads\javafx-sdk-21.0.7\bin\prism_d3d.dll
0x00007ffea8da0000 - 0x00007ffea8f48000 	C:\WINDOWS\system32\d3d9.dll
0x00007ffeeb290000 - 0x00007ffeeb2be000 	C:\WINDOWS\SYSTEM32\dwmapi.dll
0x00007ffeeb0b0000 - 0x00007ffeeb0e7000 	C:\WINDOWS\SYSTEM32\dxcore.dll
0x00007ffeeae30000 - 0x00007ffeeaee3000 	C:\WINDOWS\system32\uxtheme.dll
0x00007ffe9d050000 - 0x00007ffe9d202000 	C:\WINDOWS\System32\DriverStore\FileRepository\iigd_dch.inf_amd64_757104785c02f4c4\igdumdim64.dll
0x00007ffeef270000 - 0x00007ffeef411000 	C:\WINDOWS\System32\ole32.dll
0x00007ffe4a890000 - 0x00007ffe4e056000 	C:\WINDOWS\System32\DriverStore\FileRepository\iigd_dch.inf_amd64_757104785c02f4c4\igd9dxva64.dll
0x00007ffeee8d0000 - 0x00007ffeeed44000 	C:\WINDOWS\System32\SETUPAPI.dll
0x00007ffeeda30000 - 0x00007ffeeda7e000 	C:\WINDOWS\SYSTEM32\cfgmgr32.dll
0x00007ffed99f0000 - 0x00007ffed9e06000 	C:\WINDOWS\System32\DriverStore\FileRepository\iigd_dch.inf_amd64_757104785c02f4c4\igdgmm64.dll
0x00007ffee4420000 - 0x00007ffee4469000 	C:\WINDOWS\SYSTEM32\directxdatabasehelper.dll
0x00007ffe76ce0000 - 0x00007ffe76d22000 	C:\Users\Abir12\Downloads\javafx-sdk-21.0.7\bin\glass.dll
0x00007ffeefe50000 - 0x00007ffeeff53000 	C:\WINDOWS\System32\COMDLG32.dll
0x00007ffeeee50000 - 0x00007ffeeefb0000 	C:\WINDOWS\System32\MSCTF.dll
0x00007ffec0d30000 - 0x00007ffec0d57000 	C:\WINDOWS\System32\DriverStore\FileRepository\iigd_dch.inf_amd64_757104785c02f4c4\igdinfo64.dll
0x00007ffed5460000 - 0x00007ffed99ed000 	C:\WINDOWS\System32\DriverStore\FileRepository\iigd_dch.inf_amd64_757104785c02f4c4\igc64.dll
0x00007ffeec850000 - 0x00007ffeec952000 	C:\WINDOWS\SYSTEM32\DNSAPI.dll
0x00007ffeef790000 - 0x00007ffeef799000 	C:\WINDOWS\System32\NSI.dll
0x00007ffee6e00000 - 0x00007ffee6e0a000 	C:\Windows\System32\rasadhlp.dll
0x00007ffee6e10000 - 0x00007ffee6e93000 	C:\WINDOWS\System32\fwpuclnt.dll
0x00007ffe95b50000 - 0x00007ffe95b65000 	C:\Users\Abir12\Downloads\javafx-sdk-21.0.7\bin\javafx_font.dll
0x00007ffee78b0000 - 0x00007ffee7b23000 	C:\WINDOWS\SYSTEM32\dwrite.dll
0x00007ffef0890000 - 0x00007ffef0940000 	C:\WINDOWS\System32\clbcatq.dll
0x00007ffeeab80000 - 0x00007ffeead30000 	C:\WINDOWS\SYSTEM32\WindowsCodecs.dll
0x00007ffecc240000 - 0x00007ffecc29e000 	C:\WINDOWS\system32\dataexchange.dll
0x00007ffee6330000 - 0x00007ffee65d6000 	C:\WINDOWS\system32\twinapi.appcore.dll
0x00007ffe76c00000 - 0x00007ffe76c32000 	C:\Program Files\Common Files\Microsoft Shared\Ink\rtscom.dll
0x00007ffee36a0000 - 0x00007ffee37e4000 	C:\WINDOWS\SYSTEM32\textinputframework.dll

dbghelp: loaded successfully - version: 4.0.5 - missing functions: none
symbol engine: initialized successfully - sym options: 0x614 - pdb path: .;C:\Program Files\Java\jdk-17\bin;C:\WINDOWS\SYSTEM32;C:\WINDOWS\WinSxS\amd64_microsoft.windows.common-controls_6595b64144ccf1df_6.0.22621.5124_none_270e8f4f7386d69d;C:\Program Files\Java\jdk-17\bin\server;C:\Users\Abir12\AppData\Local\Temp\idea_libasyncProfiler_dll_temp_folder10;C:\Users\Abir12\Downloads\javafx-sdk-21.0.7\bin;C:\WINDOWS\System32\DriverStore\FileRepository\iigd_dch.inf_amd64_757104785c02f4c4;C:\Program Files\Common Files\Microsoft Shared\Ink

VM Arguments:
jvm_args: -agentlib:jdwp=transport=dt_socket,address=127.0.0.1:62819,suspend=y,server=n --module-path=C:\Users\Abir12\Downloads\javafx-sdk-21.0.7\lib --add-modules=javafx.controls,javafx.fxml -agentpath:C:\Users\Abir12\AppData\Local\Temp\idea_libasyncProfiler_dll_temp_folder10\libasyncProfiler.dll=version,jfr,event=wall,interval=10ms,cstack=no,file=C:\Users\Abir12\IdeaSnapshots\FxMain_2025_05_02_001441.jfr,dbghelppath=C:\Users\Abir12\AppData\Local\Temp\idea_dbghelp_dll_temp_folder1\dbghelp.dll,log=C:\Users\Abir12\AppData\Local\Temp\FxMain_2025_05_02_001441.jfr.log.txt,logLevel=DEBUG -javaagent:C:\Users\Abir12\AppData\Local\JetBrains\IntelliJIdea2024.3\captureAgent\debugger-agent.jar -Dkotlinx.coroutines.debug.enable.creation.stack.trace=false -Ddebugger.agent.enable.coroutines=true -Dkotlinx.coroutines.debug.enable.flows.stack.trace=true -Dkotlinx.coroutines.debug.enable.mutable.state.flows.stack.trace=true -Dfile.encoding=UTF-8 
java_command: test.FxMain
java_class_path (initial): C:\Users\Abir12\Desktop\artphoria\target\classes;C:\Users\Abir12\.m2\repository\org\springframework\boot\spring-boot-starter-web\3.2.3\spring-boot-starter-web-3.2.3.jar;C:\Users\Abir12\.m2\repository\org\springframework\boot\spring-boot-starter\3.2.3\spring-boot-starter-3.2.3.jar;C:\Users\Abir12\.m2\repository\org\springframework\boot\spring-boot\3.2.3\spring-boot-3.2.3.jar;C:\Users\Abir12\.m2\repository\org\springframework\boot\spring-boot-autoconfigure\3.2.3\spring-boot-autoconfigure-3.2.3.jar;C:\Users\Abir12\.m2\repository\org\springframework\boot\spring-boot-starter-logging\3.2.3\spring-boot-starter-logging-3.2.3.jar;C:\Users\Abir12\.m2\repository\ch\qos\logback\logback-classic\1.4.14\logback-classic-1.4.14.jar;C:\Users\Abir12\.m2\repository\ch\qos\logback\logback-core\1.4.14\logback-core-1.4.14.jar;C:\Users\Abir12\.m2\repository\org\apache\logging\log4j\log4j-to-slf4j\2.21.1\log4j-to-slf4j-2.21.1.jar;C:\Users\Abir12\.m2\repository\org\apache\logging\log4j\log4j-api\2.21.1\log4j-api-2.21.1.jar;C:\Users\Abir12\.m2\repository\org\slf4j\jul-to-slf4j\2.0.12\jul-to-slf4j-2.0.12.jar;C:\Users\Abir12\.m2\repository\jakarta\annotation\jakarta.annotation-api\2.1.1\jakarta.annotation-api-2.1.1.jar;C:\Users\Abir12\.m2\repository\org\springframework\spring-core\6.1.4\spring-core-6.1.4.jar;C:\Users\Abir12\.m2\repository\org\springframework\spring-jcl\6.1.4\spring-jcl-6.1.4.jar;C:\Users\Abir12\.m2\repository\org\yaml\snakeyaml\2.2\snakeyaml-2.2.jar;C:\Users\Abir12\.m2\repository\org\springframework\boot\spring-boot-starter-json\3.2.3\spring-boot-starter-json-3.2.3.jar;C:\Users\Abir12\.m2\repository\com\fasterxml\jackson\core\jackson-databind\2.15.4\jackson-databind-2.15.4.jar;C:\Users\Abir12\.m2\repository\com\fasterxml\jackson\core\jackson-annotations\2.15.4\jackson-annotations-2.15.4.jar;C:\Users\Abir12\.m2\repository\com\fasterxml\jackson\core\jackson-core\2.15.4\jackson-core-2.15.4.jar;C:\Users\Abir12\.m2\repository\com\fasterxml\jackson\dataty
Launcher Type: SUN_STANDARD

[Global flags]
     intx CICompilerCount                          = 4                                         {product} {ergonomic}
     uint ConcGCThreads                            = 2                                         {product} {ergonomic}
     uint G1ConcRefinementThreads                  = 8                                         {product} {ergonomic}
   size_t G1HeapRegionSize                         = 4194304                                   {product} {ergonomic}
    uintx GCDrainStackTargetSize                   = 64                                        {product} {ergonomic}
   size_t InitialHeapSize                          = 536870912                                 {product} {ergonomic}
   size_t MarkStackSize                            = 4194304                                   {product} {ergonomic}
   size_t MaxHeapSize                              = 8531214336                                {product} {ergonomic}
   size_t MaxNewSize                               = 5117050880                                {product} {ergonomic}
   size_t MinHeapDeltaBytes                        = 4194304                                   {product} {ergonomic}
   size_t MinHeapSize                              = 8388608                                   {product} {ergonomic}
    uintx NonNMethodCodeHeapSize                   = 5839372                                {pd product} {ergonomic}
    uintx NonProfiledCodeHeapSize                  = 122909434                              {pd product} {ergonomic}
    uintx ProfiledCodeHeapSize                     = 122909434                              {pd product} {ergonomic}
    uintx ReservedCodeCacheSize                    = 251658240                              {pd product} {ergonomic}
     bool SegmentedCodeCache                       = true                                      {product} {ergonomic}
   size_t SoftMaxHeapSize                          = 8531214336                             {manageable} {ergonomic}
     bool UseCompressedClassPointers               = true                           {product lp64_product} {ergonomic}
     bool UseCompressedOops                        = true                           {product lp64_product} {ergonomic}
     bool UseG1GC                                  = true                                      {product} {ergonomic}
     bool UseLargePagesIndividualAllocation        = false                                  {pd product} {ergonomic}

Logging:
Log output configuration:
 #0: stdout all=off uptime,level,tags
 #1: stderr all=off uptime,level,tags

Environment Variables:
PATH=C:\Program Files\Common Files\Oracle\Java\javapath;C:\oraclexe\app\oracle\product\11.2.0\server\bin;C:\oraclexe\app\oracle\product\11.2.0\server\bin;C:\WINDOWS\system32;C:\WINDOWS;C:\WINDOWS\System32\Wbem;C:\WINDOWS\System32\WindowsPowerShell\v1.0\;C:\WINDOWS\System32\OpenSSH\;C:\Strawberry\c\bin;C:\Strawberry\perl\site\bin;C:\Strawberry\perl\bin;C:\oraclexe\app\app\oracle\admin\XE;C:\oraclexe;C:\instantclient12_2;C:\Program Files\Git\cmd;C:\instantclient12_2;C:\oraclexe;C:\oraclexe\app\app\oracle\product\11.2.0\server\bin;C:\oraclexe\app\app\oracle\admin\XE;C:\xampp\php;C:\composer;C:\Users\Abir12\Desktop\apache-maven-3.8.8\bin;C:\Users\Abir12\scoop\shims;C:\Users\Abir12\AppData\Local\Microsoft\WindowsApps;C:\Users\Abir12\AppData\Local\Programs\Microsoft VS Code\bin;C:\Program Files\Java\jdk-17\bin;C:\Users\Abir12\AppData\Roaming\Composer\vendor\bin;C:\Users\Abir12\Desktop\IntelliJ IDEA 2024.3.5\bin;;C:\Users\Abir12\Desktop\cursor\resources\app\bin
USERNAME=Abir12
OS=Windows_NT
PROCESSOR_IDENTIFIER=Intel64 Family 6 Model 140 Stepping 1, GenuineIntel



---------------  S Y S T E M  ---------------

OS:
 Windows 11 , 64 bit Build 22621 (10.0.22621.5124)
OS uptime: 1 days 14:55 hours

CPU: total 8 (initial active 8) (4 cores per cpu, 2 threads per core) family 6 model 140 stepping 1 microcode 0x9a, cx8, cmov, fxsr, ht, mmx, 3dnowpref, sse, sse2, sse3, ssse3, sse4.1, sse4.2, popcnt, lzcnt, tsc, tscinvbit, avx, avx2, aes, erms, clmul, bmi1, bmi2, adx, avx512f, avx512dq, avx512cd, avx512bw, avx512vl, sha, fma, vzeroupper, avx512_vpopcntdq, avx512_vpclmulqdq, avx512_vaes, avx512_vnni, clflush, clflushopt, clwb, avx512_vbmi2, avx512_vbmi

Memory: 4k page, system-wide physical 32535M (10629M free)
TotalPageFile size 34583M (AvailPageFile size 9605M)
current process WorkingSet (physical memory assigned to process): 671M, peak: 718M
current process commit charge ("private bytes"): 956M, peak: 1031M

vm_info: Java HotSpot(TM) 64-Bit Server VM (17.0.11+7-LTS-207) for windows-amd64 JRE (17.0.11+7-LTS-207), built on Mar 11 2024 19:01:50 by "mach5one" with MS VC++ 17.6 (VS2022)

END.
