#
# A fatal error has been detected by the Java Runtime Environment:
#
#  EXCEPTION_ACCESS_VIOLATION (0xc0000005) at pc=0x00007fffc8366a17, pid=34520, tid=16280
#
# JRE version: Java(TM) SE Runtime Environment (17.0.11+7) (build 17.0.11+7-LTS-207)
# Java VM: Java HotSpot(TM) 64-Bit Server VM (17.0.11+7-LTS-207, mixed mode, sharing, tiered, compressed oops, compressed class ptrs, g1 gc, windows-amd64)
# Problematic frame:
# C  [glass.dll+0x26a17]
#
# No core dump will be written. Minidumps are not enabled by default on client versions of Windows
#
# If you would like to submit a bug report, please visit:
#   https://bugreport.java.com/bugreport/crash.jsp
#

---------------  S U M M A R Y ------------

Command Line: -agentlib:jdwp=transport=dt_socket,address=127.0.0.1:53599,suspend=y,server=n --module-path=C:\Users\Abir12\Downloads\javafx-sdk-21.0.7\lib --add-modules=javafx.controls,javafx.fxml -agentpath:C:\Users\Abir12\AppData\Local\Temp\idea_libasyncProfiler_dll_temp_folder11\libasyncProfiler.dll=version,jfr,event=wall,interval=10ms,cstack=no,file=C:\Users\Abir12\IdeaSnapshots\FxMain_2025_05_05_220045.jfr,dbghelppath=C:\Users\Abir12\AppData\Local\Temp\idea_dbghelp_dll_temp_folder1\dbghelp.dll,log=C:\Users\Abir12\AppData\Local\Temp\FxMain_2025_05_05_220045.jfr.log.txt,logLevel=DEBUG -javaagent:C:\Users\Abir12\AppData\Local\JetBrains\IntelliJIdea2024.3\captureAgent\debugger-agent.jar -Dkotlinx.coroutines.debug.enable.creation.stack.trace=false -Ddebugger.agent.enable.coroutines=true -Dkotlinx.coroutines.debug.enable.flows.stack.trace=true -Dkotlinx.coroutines.debug.enable.mutable.state.flows.stack.trace=true -Dfile.encoding=UTF-8 test.FxMain

Host: 11th Gen Intel(R) Core(TM) i7-1165G7 @ 2.80GHz, 8 cores, 31G,  Windows 11 , 64 bit Build 22621 (10.0.22621.5124)
Time: Mon May  5 22:05:04 2025 Afr. centrale Ouest elapsed time: 258.058402 seconds (0d 0h 4m 18s)

---------------  T H R E A D  ---------------

Current thread (0x000001b31dfced10):  VMThread "VM Thread" [stack: 0x0000000432f00000,0x0000000433000000] [id=16280]

Stack: [0x0000000432f00000,0x0000000433000000],  sp=0x0000000432fff3d0,  free space=1020k
Native frames: (J=compiled Java code, j=interpreted, Vv=VM code, C=native code)
C  [glass.dll+0x26a17]


siginfo: EXCEPTION_ACCESS_VIOLATION (0xc0000005), reading address 0x0000000000000000


Registers:
RAX=0x0000000000000000, RBX=0x000001b399cff1b0, RCX=0x000001b31dfced10, RDX=0x0000000432fff3d0
RSP=0x0000000432fff3d0, RBP=0x000001b34bb2bea8, RSI=0x0000000432fff4d8, RDI=0x000001b34bb2be80
R8 =0x0000000000010002, R9 =0x000001b34bb2be80, R10=0x85f13e9656da4870, R11=0x0000000432fff360
R12=0x00007fffc8364360, R13=0x00007fff477f3240, R14=0x0000bac2c8297339, R15=0x000001b34bb2be80
RIP=0x00007fffc8366a17, EFLAGS=0x0000000000010202


Register to memory mapping:

RIP=0x00007fffc8366a17 glass.dll
RAX=0x0 is NULL
RBX=0x000001b399cff1b0 is a global jni handle
RCX=0x000001b31dfced10 points into unknown readable memory: 0x00007fff47637fd8 | d8 7f 63 47 ff 7f 00 00
RDX=0x0000000432fff3d0 points into unknown readable memory: 0x0000000000000000 | 00 00 00 00 00 00 00 00
RSP=0x0000000432fff3d0 points into unknown readable memory: 0x0000000000000000 | 00 00 00 00 00 00 00 00
RBP=0x000001b34bb2bea8 points into unknown readable memory: 0x0000bac2c8297339 | 39 73 29 c8 c2 ba 00 00
RSI=0x0000000432fff4d8 points into unknown readable memory: 0x0000000432fff4c0 | c0 f4 ff 32 04 00 00 00
RDI=0x000001b34bb2be80 points into unknown readable memory: 0xf000ba3d37b91f45 | 45 1f b9 37 3d ba 00 f0
R8 =0x0000000000010002 is an unknown value
R9 =0x000001b34bb2be80 points into unknown readable memory: 0xf000ba3d37b91f45 | 45 1f b9 37 3d ba 00 f0
R10=0x85f13e9656da4870 is an unknown value
R11=0x0000000432fff360 points into unknown readable memory: 0x000001b34bb2be80 | 80 be b2 4b b3 01 00 00
R12=0x00007fffc8364360 glass.dll
R13=0x00007fff477f3240 jvm.dll
R14=0x0000bac2c8297339 is an unknown value
R15=0x000001b34bb2be80 points into unknown readable memory: 0xf000ba3d37b91f45 | 45 1f b9 37 3d ba 00 f0


Top of Stack: (sp=0x0000000432fff3d0)
0x0000000432fff3d0:   0000000000000000 0000000432fff4d8
0x0000000432fff3e0:   00007fff477f3240 00007fffc8364360
0x0000000432fff3f0:   000001b34bb2be88 00007ff835f73a93
0x0000000432fff400:   000001b34bb2be80 000001b300000000
0x0000000432fff410:   000001b34bb2bea8 0000000432fff4d8
0x0000000432fff420:   fffffffffffffffe 0000000000000000
0x0000000432fff430:   0000000000000001 00007fffc8340000
0x0000000432fff440:   0000000432fff4c8 00007ff835f4042e
0x0000000432fff450:   0000000000000000 0000000432fff4d8
0x0000000432fff460:   0000000432fff7c0 0000000000000001
0x0000000432fff470:   0000000000000001 00007ff835f3dddd
0x0000000432fff480:   0000000000000000 00007fffc8363b59
0x0000000432fff490:   0000000000000000 0000000432fff4c8
0x0000000432fff4a0:   fffffffffffffffe 0000000432fff700
0x0000000432fff4b0:   0000000000000000 00007fffc83641ed
0x0000000432fff4c0:   00007fffc837a008 00007fff00000002 

Instructions: (pc=0x00007fffc8366a17)
0x00007fffc8366917:   8b 4d 58 e8 8d cf ff ff 48 8b 4d 60 e8 84 cf ff
0x00007fffc8366927:   ff 48 8b 95 80 00 00 00 48 8b 8d 18 01 00 00 e8
0x00007fffc8366937:   76 c4 ff ff 33 d2 33 c9 e8 cc e1 ff ff 90 48 89
0x00007fffc8366947:   54 24 10 55 48 83 ec 20 48 8b ea 48 b8 00 00 00
0x00007fffc8366957:   00 00 00 00 00 48 83 c4 20 5d c3 cc 40 55 48 8b
0x00007fffc8366967:   ea 48 8b 01 33 c9 81 38 05 00 00 c0 0f 94 c1 8b
0x00007fffc8366977:   c1 5d c3 cc 40 55 48 83 ec 20 48 8b ea 8a 4d 40
0x00007fffc8366987:   48 83 c4 20 5d e9 73 d3 ff ff cc 40 55 48 83 ec
0x00007fffc8366997:   20 48 8b ea 8a 4d 20 e8 61 d3 ff ff 90 48 83 c4
0x00007fffc83669a7:   20 5d c3 cc 40 55 48 83 ec 20 48 8b ea 48 83 c4
0x00007fffc83669b7:   20 5d e9 c2 d1 ff ff cc 40 55 48 83 ec 30 48 8b
0x00007fffc83669c7:   ea 48 8b 01 8b 10 48 89 4c 24 28 89 54 24 20 4c
0x00007fffc83669d7:   8d 0d 63 d6 ff ff 4c 8b 45 70 8b 55 68 48 8b 4d
0x00007fffc83669e7:   60 e8 03 d1 ff ff 90 48 83 c4 30 5d c3 cc cc cc
0x00007fffc83669f7:   cc cc cc cc cc cc cc cc cc 40 53 48 83 ec 20 48
0x00007fffc8366a07:   8b 1d fb 2f 01 00 48 85 db 74 16 e8 89 8f ff ff
0x00007fffc8366a17:   4c 8b 00 48 8b d3 48 8b c8 41 ff 90 b0 00 00 00
0x00007fffc8366a27:   90 48 83 c4 20 5b c3 cc cc 40 53 48 83 ec 20 48
0x00007fffc8366a37:   8b 1d 6b 31 01 00 48 85 db 74 57 b8 ff ff ff ff
0x00007fffc8366a47:   f0 0f c1 43 10 83 f8 01 75 3d 48 85 db 74 38 48
0x00007fffc8366a57:   8b 0b 48 85 c9 74 0d ff 15 44 08 00 00 48 c7 03
0x00007fffc8366a67:   00 00 00 00 48 8b 4b 08 48 85 c9 74 0d e8 33 ce
0x00007fffc8366a77:   ff ff 48 c7 43 08 00 00 00 00 ba 18 00 00 00 48
0x00007fffc8366a87:   8b cb e8 1e ce ff ff 48 c7 05 0f 31 01 00 00 00
0x00007fffc8366a97:   00 00 48 83 c4 20 5b c3 cc 40 53 48 83 ec 20 48
0x00007fffc8366aa7:   8b 1d db 30 01 00 48 85 db 74 57 b8 ff ff ff ff
0x00007fffc8366ab7:   f0 0f c1 43 10 83 f8 01 75 3d 48 85 db 74 38 48
0x00007fffc8366ac7:   8b 0b 48 85 c9 74 0d ff 15 d4 07 00 00 48 c7 03
0x00007fffc8366ad7:   00 00 00 00 48 8b 4b 08 48 85 c9 74 0d e8 c3 cd
0x00007fffc8366ae7:   ff ff 48 c7 43 08 00 00 00 00 ba 18 00 00 00 48
0x00007fffc8366af7:   8b cb e8 ae cd ff ff 48 c7 05 7f 30 01 00 00 00
0x00007fffc8366b07:   00 00 48 83 c4 20 5b c3 cc 40 53 48 83 ec 20 48 


Stack slot to memory mapping:
stack at sp + 0 slots: 0x0 is NULL
stack at sp + 1 slots: 0x0000000432fff4d8 points into unknown readable memory: 0x0000000432fff4c0 | c0 f4 ff 32 04 00 00 00
stack at sp + 2 slots: 0x00007fff477f3240 jvm.dll
stack at sp + 3 slots: 0x00007fffc8364360 glass.dll
stack at sp + 4 slots: 0x000001b34bb2be88 points into unknown readable memory: 0x0000bac2c8297339 | 39 73 29 c8 c2 ba 00 00
stack at sp + 5 slots: 0x00007ff835f73a93 ucrtbase.dll
stack at sp + 6 slots: 0x000001b34bb2be80 points into unknown readable memory: 0xf000ba3d37b91f45 | 45 1f b9 37 3d ba 00 f0
stack at sp + 7 slots: 0x000001b300000000 is an unknown value

VM_Operation (0x00000004327ff050): Exit, mode: safepoint, requested by thread 0x000001b34bf7c990


---------------  P R O C E S S  ---------------

Threads class SMR info:
_java_thread_list=0x000001b393471e40, length=22, elements={
0x000001b31e48e5f0, 0x000001b34b3d2b10, 0x000001b34b3d3600, 0x000001b34b3ee700,
0x000001b34b3eefd0, 0x000001b34b3f1cf0, 0x000001b34b3f25c0, 0x000001b34b3f36b0,
0x000001b34b402de0, 0x000001b34b40b700, 0x000001b34b4f8c50, 0x000001b34bf63b60,
0x000001b3910394a0, 0x000001b391fceaf0, 0x000001b391d12a20, 0x000001b391d01b70,
0x000001b391348660, 0x000001b391348b70, 0x000001b3913453c0, 0x000001b39939dc90,
0x000001b399b05cb0, 0x000001b34bf7c990
}

Java Threads: ( => current thread )
  0x000001b31e48e5f0 JavaThread "main" [_thread_blocked, id=29196, stack(0x0000000432900000,0x0000000432a00000)]
  0x000001b34b3d2b10 JavaThread "Reference Handler" daemon [_thread_blocked, id=35952, stack(0x0000000433000000,0x0000000433100000)]
  0x000001b34b3d3600 JavaThread "Finalizer" daemon [_thread_blocked, id=26172, stack(0x0000000433100000,0x0000000433200000)]
  0x000001b34b3ee700 JavaThread "Signal Dispatcher" daemon [_thread_blocked, id=11672, stack(0x0000000433200000,0x0000000433300000)]
  0x000001b34b3eefd0 JavaThread "Attach Listener" daemon [_thread_blocked, id=33784, stack(0x0000000433300000,0x0000000433400000)]
  0x000001b34b3f1cf0 JavaThread "Service Thread" daemon [_thread_blocked, id=36456, stack(0x0000000433400000,0x0000000433500000)]
  0x000001b34b3f25c0 JavaThread "Monitor Deflation Thread" daemon [_thread_blocked, id=14360, stack(0x0000000433500000,0x0000000433600000)]
  0x000001b34b3f36b0 JavaThread "C2 CompilerThread0" daemon [_thread_blocked, id=34160, stack(0x0000000433600000,0x0000000433700000)]
  0x000001b34b402de0 JavaThread "C1 CompilerThread0" daemon [_thread_blocked, id=148, stack(0x0000000433700000,0x0000000433800000)]
  0x000001b34b40b700 JavaThread "Sweeper thread" daemon [_thread_blocked, id=25244, stack(0x0000000433800000,0x0000000433900000)]
  0x000001b34b4f8c50 JavaThread "Common-Cleaner" daemon [_thread_blocked, id=27868, stack(0x0000000433900000,0x0000000433a00000)]
  0x000001b34bf63b60 JavaThread "JDWP Event Helper Thread" daemon [_thread_blocked, id=18304, stack(0x0000000433d00000,0x0000000433e00000)]
  0x000001b3910394a0 JavaThread "Notification Thread" daemon [_thread_blocked, id=22988, stack(0x0000000433f00000,0x0000000434000000)]
  0x000001b391fceaf0 JavaThread "QuantumRenderer-0" daemon [_thread_blocked, id=33188, stack(0x0000000434100000,0x0000000434200000)]
  0x000001b391d12a20 JavaThread "InvokeLaterDispatcher" daemon [_thread_blocked, id=35084, stack(0x0000000434200000,0x0000000434300000)]
  0x000001b391d01b70 JavaThread "JavaFX Application Thread" [_thread_in_native, id=30012, stack(0x0000000434300000,0x0000000434400000)]
  0x000001b391348660 JavaThread "Thread-1" daemon [_thread_in_native, id=6384, stack(0x0000000434700000,0x0000000434800000)]
  0x000001b391348b70 JavaThread "JavaFX-Launcher" [_thread_blocked, id=34664, stack(0x0000000434f00000,0x0000000435000000)]
  0x000001b3913453c0 JavaThread "mysql-cj-abandoned-connection-cleanup" daemon [_thread_blocked, id=22760, stack(0x0000000435000000,0x0000000435100000)]
  0x000001b39939dc90 JavaThread "Prism Font Disposer" daemon [_thread_blocked, id=6868, stack(0x0000000435400000,0x0000000435500000)]
  0x000001b399b05cb0 JavaThread "Cleaner-0" daemon [_thread_blocked, id=34020, stack(0x0000000433b00000,0x0000000433c00000)]
  0x000001b34bf7c990 JavaThread "SIGINT handler" daemon [_thread_blocked, id=34892, stack(0x0000000432700000,0x0000000432800000)]

Other Threads:
=>0x000001b31dfced10 VMThread "VM Thread" [stack: 0x0000000432f00000,0x0000000433000000] [id=16280]
  0x000001b31de4f4f0 GCTaskThread "GC Thread#0" [stack: 0x0000000432a00000,0x0000000432b00000] [id=10712]
  0x000001b391ac31d0 GCTaskThread "GC Thread#1" [stack: 0x0000000434800000,0x0000000434900000] [id=23036]
  0x000001b39101e9a0 GCTaskThread "GC Thread#2" [stack: 0x0000000434900000,0x0000000434a00000] [id=34644]
  0x000001b391aa9fb0 GCTaskThread "GC Thread#3" [stack: 0x0000000434a00000,0x0000000434b00000] [id=29324]
  0x000001b391bd7c20 GCTaskThread "GC Thread#4" [stack: 0x0000000434b00000,0x0000000434c00000] [id=25492]
  0x000001b391bd60a0 GCTaskThread "GC Thread#5" [stack: 0x0000000434c00000,0x0000000434d00000] [id=29208]
  0x000001b391bd6620 GCTaskThread "GC Thread#6" [stack: 0x0000000434d00000,0x0000000434e00000] [id=37492]
  0x000001b391bd73e0 GCTaskThread "GC Thread#7" [stack: 0x0000000434e00000,0x0000000434f00000] [id=13544]
  0x000001b31def9d00 ConcurrentGCThread "G1 Main Marker" terminated
  0x000001b31defa3c0 ConcurrentGCThread "G1 Conc#0" [stack: 0x0000000432c00000,0x0000000432d00000] [id=32976]
  0x000001b3935a5b20 ConcurrentGCThread "G1 Conc#1" [stack: 0x0000000435500000,0x0000000435600000] [id=31724]
  0x000001b31dfb4cc0 ConcurrentGCThread "G1 Refine#0" terminated
  0x000001b3934f0360 ConcurrentGCThread "G1 Refine#1" terminated
  0x000001b3998aebd0 ConcurrentGCThread "G1 Refine#2" terminated
  0x000001b31dfb5500 ConcurrentGCThread "G1 Service" terminated

Threads with active compile tasks:

VM state: at safepoint (shutting down)

VM Mutex/Monitor currently owned by a thread:  ([mutex/lock_event])
[0x000001b31de27d30] Threads_lock - owner thread: 0x000001b31dfced10
[0x000001b31de28090] Heap_lock - owner thread: 0x000001b34bf7c990

Heap address: 0x0000000603800000, size: 8136 MB, Compressed Oops mode: Zero based, Oop shift amount: 3

CDS archive(s) mapped at: [0x000001b34c000000-0x000001b34cbd0000-0x000001b34cbd0000), size 12386304, SharedBaseAddress: 0x000001b34c000000, ArchiveRelocationMode: 1.
Compressed class space mapped at: 0x000001b34d000000-0x000001b38d000000, reserved size: 1073741824
Narrow klass base: 0x000001b34c000000, Narrow klass shift: 0, Narrow klass range: 0x100000000

GC Precious Log:
 CPUs: 8 total, 8 available
 Memory: 32535M
 Large Page Support: Disabled
 NUMA Support: Disabled
 Compressed Oops: Enabled (Zero based)
 Heap Region Size: 4M
 Heap Min Capacity: 8M
 Heap Initial Capacity: 512M
 Heap Max Capacity: 8136M
 Pre-touch: Disabled
 Parallel Workers: 8
 Concurrent Workers: 2
 Concurrent Refinement Workers: 8
 Periodic GC: Disabled

Heap:
 garbage-first heap   total 200704K, used 133374K [0x0000000603800000, 0x0000000800000000)
  region size 4096K, 9 young (36864K), 1 survivors (4096K)
 Metaspace       used 29496K, committed 29824K, reserved 1114112K
  class space    used 3794K, committed 3968K, reserved 1048576K

Heap Regions: E=young(eden), S=young(survivor), O=old, HS=humongous(starts), HC=humongous(continues), CS=collection set, F=free, OA=open archive, CA=closed archive, TAMS=top-at-mark-start (previous, next)
|   0|0x0000000603800000, 0x0000000603c00000, 0x0000000603c00000|100%| O|  |TAMS 0x0000000603c00000, 0x0000000603800000| Untracked 
|   1|0x0000000603c00000, 0x0000000604000000, 0x0000000604000000|100%|HS|  |TAMS 0x0000000604000000, 0x0000000603c00000| Complete 
|   2|0x0000000604000000, 0x0000000604400000, 0x0000000604400000|100%| O|  |TAMS 0x0000000604400000, 0x0000000604000000| Untracked 
|   3|0x0000000604400000, 0x0000000604800000, 0x0000000604800000|100%| O|  |TAMS 0x0000000604800000, 0x0000000604400000| Untracked 
|   4|0x0000000604800000, 0x0000000604c00000, 0x0000000604c00000|100%| O|  |TAMS 0x0000000604c00000, 0x0000000604800000| Untracked 
|   5|0x0000000604c00000, 0x0000000605000000, 0x0000000605000000|100%|HS|  |TAMS 0x0000000605000000, 0x0000000604c00000| Complete 
|   6|0x0000000605000000, 0x0000000605400000, 0x0000000605400000|100%| O|  |TAMS 0x0000000605400000, 0x0000000605000000| Untracked 
|   7|0x0000000605400000, 0x0000000605800000, 0x0000000605800000|100%| O|  |TAMS 0x0000000605800000, 0x0000000605400000| Untracked 
|   8|0x0000000605800000, 0x0000000605c00000, 0x0000000605c00000|100%| O|  |TAMS 0x0000000605c00000, 0x0000000605800000| Untracked 
|   9|0x0000000605c00000, 0x0000000606000000, 0x0000000606000000|100%| O|  |TAMS 0x0000000606000000, 0x0000000605c00000| Untracked 
|  10|0x0000000606000000, 0x0000000606400000, 0x0000000606400000|100%| O|  |TAMS 0x0000000606400000, 0x0000000606000000| Untracked 
|  11|0x0000000606400000, 0x0000000606800000, 0x0000000606800000|100%| O|  |TAMS 0x0000000606800000, 0x0000000606400000| Untracked 
|  12|0x0000000606800000, 0x0000000606c00000, 0x0000000606c00000|100%| O|  |TAMS 0x0000000606c00000, 0x0000000606800000| Untracked 
|  13|0x0000000606c00000, 0x0000000607000000, 0x0000000607000000|100%| O|  |TAMS 0x0000000607000000, 0x0000000606c00000| Complete 
|  14|0x0000000607000000, 0x0000000607400000, 0x0000000607400000|100%| O|  |TAMS 0x0000000607400000, 0x0000000607000000| Untracked 
|  15|0x0000000607400000, 0x0000000607800000, 0x0000000607800000|100%|HS|  |TAMS 0x0000000607400000, 0x0000000607400000| Complete 
|  16|0x0000000607800000, 0x0000000607c00000, 0x0000000607c00000|100%| O|  |TAMS 0x0000000607c00000, 0x0000000607800000| Untracked 
|  17|0x0000000607c00000, 0x0000000607c00000, 0x0000000608000000|  0%| F|  |TAMS 0x0000000607c00000, 0x0000000607c00000| Untracked 
|  18|0x0000000608000000, 0x0000000608000000, 0x0000000608400000|  0%| F|  |TAMS 0x0000000608000000, 0x0000000608000000| Untracked 
|  19|0x0000000608400000, 0x0000000608400000, 0x0000000608800000|  0%| F|  |TAMS 0x0000000608400000, 0x0000000608400000| Untracked 
|  20|0x0000000608800000, 0x0000000608800000, 0x0000000608c00000|  0%| F|  |TAMS 0x0000000608800000, 0x0000000608800000| Untracked 
|  21|0x0000000608c00000, 0x0000000609000000, 0x0000000609000000|100%| O|  |TAMS 0x0000000609000000, 0x0000000608c00000| Complete 
|  22|0x0000000609000000, 0x0000000609400000, 0x0000000609400000|100%| O|  |TAMS 0x0000000609400000, 0x0000000609000000| Complete 
|  23|0x0000000609400000, 0x0000000609800000, 0x0000000609800000|100%| O|  |TAMS 0x0000000609800000, 0x0000000609400000| Complete 
|  24|0x0000000609800000, 0x0000000609c00000, 0x0000000609c00000|100%| O|  |TAMS 0x0000000609c00000, 0x0000000609800000| Untracked 
|  25|0x0000000609c00000, 0x000000060a000000, 0x000000060a000000|100%| O|  |TAMS 0x000000060a000000, 0x0000000609c00000| Untracked 
|  26|0x000000060a000000, 0x000000060a400000, 0x000000060a400000|100%| O|  |TAMS 0x000000060a400000, 0x000000060a000000| Untracked 
|  27|0x000000060a400000, 0x000000060a800000, 0x000000060a800000|100%|HS|  |TAMS 0x000000060a800000, 0x000000060a400000| Complete 
|  28|0x000000060a800000, 0x000000060ac00000, 0x000000060ac00000|100%| O|  |TAMS 0x000000060ac00000, 0x000000060a800000| Untracked 
|  29|0x000000060ac00000, 0x000000060ae3fa00, 0x000000060b000000| 56%| O|  |TAMS 0x000000060ac99e00, 0x000000060ac00000| Untracked 
|  30|0x000000060b000000, 0x000000060b000000, 0x000000060b400000|  0%| F|  |TAMS 0x000000060b000000, 0x000000060b000000| Untracked 
|  31|0x000000060b400000, 0x000000060b400000, 0x000000060b800000|  0%| F|  |TAMS 0x000000060b400000, 0x000000060b400000| Untracked 
|  32|0x000000060b800000, 0x000000060b800000, 0x000000060bc00000|  0%| F|  |TAMS 0x000000060b800000, 0x000000060b800000| Untracked 
|  33|0x000000060bc00000, 0x000000060bc00000, 0x000000060c000000|  0%| F|  |TAMS 0x000000060bc00000, 0x000000060bc00000| Untracked 
|  34|0x000000060c000000, 0x000000060c000000, 0x000000060c400000|  0%| F|  |TAMS 0x000000060c000000, 0x000000060c000000| Untracked 
|  35|0x000000060c400000, 0x000000060c400000, 0x000000060c800000|  0%| F|  |TAMS 0x000000060c400000, 0x000000060c400000| Untracked 
|  36|0x000000060c800000, 0x000000060c800000, 0x000000060cc00000|  0%| F|  |TAMS 0x000000060c800000, 0x000000060c800000| Untracked 
|  37|0x000000060cc00000, 0x000000060cc00000, 0x000000060d000000|  0%| F|  |TAMS 0x000000060cc00000, 0x000000060cc00000| Untracked 
|  38|0x000000060d000000, 0x000000060d000000, 0x000000060d400000|  0%| F|  |TAMS 0x000000060d000000, 0x000000060d000000| Untracked 
|  39|0x000000060d400000, 0x000000060d400000, 0x000000060d800000|  0%| F|  |TAMS 0x000000060d400000, 0x000000060d400000| Untracked 
|  40|0x000000060d800000, 0x000000060db03f08, 0x000000060dc00000| 75%| E|  |TAMS 0x000000060d800000, 0x000000060d800000| Complete 
|  41|0x000000060dc00000, 0x000000060e000000, 0x000000060e000000|100%| E|CS|TAMS 0x000000060dc00000, 0x000000060dc00000| Complete 
|  42|0x000000060e000000, 0x000000060e400000, 0x000000060e400000|100%| E|CS|TAMS 0x000000060e000000, 0x000000060e000000| Complete 
|  43|0x000000060e400000, 0x000000060e800000, 0x000000060e800000|100%| E|CS|TAMS 0x000000060e400000, 0x000000060e400000| Complete 
|  44|0x000000060e800000, 0x000000060ec00000, 0x000000060ec00000|100%| S|CS|TAMS 0x000000060e800000, 0x000000060e800000| Complete 
|  45|0x000000060ec00000, 0x000000060f000000, 0x000000060f000000|100%| E|CS|TAMS 0x000000060ec00000, 0x000000060ec00000| Complete 
| 114|0x0000000620000000, 0x0000000620400000, 0x0000000620400000|100%| E|CS|TAMS 0x0000000620000000, 0x0000000620000000| Complete 
| 115|0x0000000620400000, 0x0000000620800000, 0x0000000620800000|100%| E|CS|TAMS 0x0000000620400000, 0x0000000620400000| Complete 
| 127|0x0000000623400000, 0x0000000623800000, 0x0000000623800000|100%| E|  |TAMS 0x0000000623400000, 0x0000000623400000| Complete 

Card table byte_map: [0x000001b336be0000,0x000001b337bd0000] _byte_map_base: 0x000001b333bc4000

Marking Bits (Prev, Next): (CMBitMap*) 0x000001b31dee9590, (CMBitMap*) 0x000001b31dee95d0
 Prev Bits: [0x000001b338bc0000, 0x000001b340ae0000)
 Next Bits: [0x000001b340ae0000, 0x000001b348a00000)

Polling page: 0x000001b31db90000

Metaspace:

Usage:
  Non-class:     25.10 MB used.
      Class:      3.71 MB used.
       Both:     28.80 MB used.

Virtual space:
  Non-class space:       64.00 MB reserved,      25.25 MB ( 39%) committed,  1 nodes.
      Class space:        1.00 GB reserved,       3.88 MB ( <1%) committed,  1 nodes.
             Both:        1.06 GB reserved,      29.12 MB (  3%) committed. 

Chunk freelists:
   Non-Class:  6.45 MB
       Class:  12.17 MB
        Both:  18.62 MB

MaxMetaspaceSize: unlimited
CompressedClassSpaceSize: 1.00 GB
Initial GC threshold: 21.00 MB
Current GC threshold: 48.25 MB
CDS: on
MetaspaceReclaimPolicy: balanced
 - commit_granule_bytes: 65536.
 - commit_granule_words: 8192.
 - virtual_space_node_default_size: 8388608.
 - enlarge_chunks_in_place: 1.
 - new_chunks_are_fully_committed: 0.
 - uncommit_free_chunks: 1.
 - use_allocation_guard: 0.
 - handle_deallocations: 1.


Internal statistics:

num_allocs_failed_limit: 3.
num_arena_births: 248.
num_arena_deaths: 0.
num_vsnodes_births: 2.
num_vsnodes_deaths: 0.
num_space_committed: 466.
num_space_uncommitted: 0.
num_chunks_returned_to_freelist: 3.
num_chunks_taken_from_freelist: 1087.
num_chunk_merges: 3.
num_chunk_splits: 772.
num_chunks_enlarged: 612.
num_inconsistent_stats: 0.

CodeHeap 'non-profiled nmethods': size=120000Kb used=5965Kb max_used=5965Kb free=114034Kb
 bounds [0x000001b32df50000, 0x000001b32e530000, 0x000001b335480000]
CodeHeap 'profiled nmethods': size=120000Kb used=15610Kb max_used=16985Kb free=104389Kb
 bounds [0x000001b326480000, 0x000001b327520000, 0x000001b32d9b0000]
CodeHeap 'non-nmethods': size=5760Kb used=1582Kb max_used=1792Kb free=4177Kb
 bounds [0x000001b32d9b0000, 0x000001b32dc20000, 0x000001b32df50000]
 total_blobs=7101 nmethods=6223 adapters=790
 compilation: enabled
              stopped_count=0, restarted_count=0
 full_count=0

Compilation events (20 events):
Event: 82.446 Thread 0x000001b34b402de0 7503       3       javafx.animation.Animation::getStatus (24 bytes)
Event: 82.447 Thread 0x000001b34b402de0 nmethod 7503 0x000001b326c4d710 code [0x000001b326c4d8c0, 0x000001b326c4dc08]
Event: 84.013 Thread 0x000001b34b402de0 7504       3       javafx.scene.Scene::getInternalEventDispatcher (9 bytes)
Event: 84.013 Thread 0x000001b34b402de0 nmethod 7504 0x000001b326d6fd10 code [0x000001b326d6fea0, 0x000001b326d6ffe8]
Event: 85.445 Thread 0x000001b34b3f36b0 7505       4       com.sun.javafx.tk.quantum.QuantumToolkit::postPulse (133 bytes)
Event: 85.457 Thread 0x000001b34b3f36b0 nmethod 7505 0x000001b32e521210 code [0x000001b32e521480, 0x000001b32e522590]
Event: 86.629 Thread 0x000001b34b3f36b0 7506       4       com.sun.javafx.tk.quantum.QuantumToolkit$$Lambda$90/0x000001b34d0375f0::run (8 bytes)
Event: 86.630 Thread 0x000001b34b3f36b0 nmethod 7506 0x000001b32e276190 code [0x000001b32e276320, 0x000001b32e276418]
Event: 90.931 Thread 0x000001b34b402de0 7507       3       jdk.internal.module.Resources::toPackageName (39 bytes)
Event: 90.931 Thread 0x000001b34b402de0 nmethod 7507 0x000001b326b15e90 code [0x000001b326b160c0, 0x000001b326b16758]
Event: 166.062 Thread 0x000001b34b402de0 7508   !   3       jdk.internal.loader.BuiltinClassLoader::findMiscResource (122 bytes)
Event: 166.063 Thread 0x000001b34b402de0 nmethod 7508 0x000001b326a73e10 code [0x000001b326a740c0, 0x000001b326a75388]
Event: 211.130 Thread 0x000001b34b402de0 7509       3       jdk.internal.loader.BuiltinClassLoader::checkURL (5 bytes)
Event: 211.130 Thread 0x000001b34b402de0 nmethod 7509 0x000001b326d70690 code [0x000001b326d70840, 0x000001b326d70a48]
Event: 211.130 Thread 0x000001b34b402de0 7510   !   3       jdk.internal.loader.URLClassPath::checkURL (16 bytes)
Event: 211.130 Thread 0x000001b34b402de0 nmethod 7510 0x000001b326d71010 code [0x000001b326d711c0, 0x000001b326d71388]
Event: 226.160 Thread 0x000001b34b402de0 7511   !   3       jdk.internal.loader.BuiltinClassLoader::findResource (154 bytes)
Event: 226.161 Thread 0x000001b34b402de0 nmethod 7511 0x000001b326f4d710 code [0x000001b326f4da80, 0x000001b326f4ef48]
Event: 226.161 Thread 0x000001b34b402de0 7512       3       jdk.internal.loader.BuiltinClassLoader::findResourceOnClassPath (41 bytes)
Event: 226.162 Thread 0x000001b34b402de0 nmethod 7512 0x000001b326c7b190 code [0x000001b326c7b3c0, 0x000001b326c7bcb8]

GC Heap History (20 events):
Event: 54.055 GC heap before
{Heap before GC invocations=7 (full 0):
 garbage-first heap   total 122880K, used 75414K [0x0000000603800000, 0x0000000800000000)
  region size 4096K, 8 young (32768K), 2 survivors (8192K)
 Metaspace       used 28749K, committed 29056K, reserved 1114112K
  class space    used 3770K, committed 3904K, reserved 1048576K
}
Event: 54.059 GC heap after
{Heap after GC invocations=8 (full 0):
 garbage-first heap   total 122880K, used 67198K [0x0000000603800000, 0x0000000800000000)
  region size 4096K, 1 young (4096K), 1 survivors (4096K)
 Metaspace       used 28749K, committed 29056K, reserved 1114112K
  class space    used 3770K, committed 3904K, reserved 1048576K
}
Event: 54.187 GC heap before
{Heap before GC invocations=9 (full 0):
 garbage-first heap   total 131072K, used 87678K [0x0000000603800000, 0x0000000800000000)
  region size 4096K, 6 young (24576K), 1 survivors (4096K)
 Metaspace       used 28822K, committed 29056K, reserved 1114112K
  class space    used 3770K, committed 3904K, reserved 1048576K
}
Event: 54.191 GC heap after
{Heap after GC invocations=10 (full 0):
 garbage-first heap   total 131072K, used 80556K [0x0000000603800000, 0x0000000800000000)
  region size 4096K, 1 young (4096K), 1 survivors (4096K)
 Metaspace       used 28822K, committed 29056K, reserved 1114112K
  class space    used 3770K, committed 3904K, reserved 1048576K
}
Event: 63.498 GC heap before
{Heap before GC invocations=10 (full 0):
 garbage-first heap   total 131072K, used 88748K [0x0000000603800000, 0x0000000800000000)
  region size 4096K, 4 young (16384K), 1 survivors (4096K)
 Metaspace       used 29070K, committed 29376K, reserved 1114112K
  class space    used 3790K, committed 3968K, reserved 1048576K
}
Event: 63.502 GC heap after
{Heap after GC invocations=11 (full 0):
 garbage-first heap   total 131072K, used 82937K [0x0000000603800000, 0x0000000800000000)
  region size 4096K, 1 young (4096K), 1 survivors (4096K)
 Metaspace       used 29070K, committed 29376K, reserved 1114112K
  class space    used 3790K, committed 3968K, reserved 1048576K
}
Event: 63.606 GC heap before
{Heap before GC invocations=12 (full 0):
 garbage-first heap   total 151552K, used 95225K [0x0000000603800000, 0x0000000800000000)
  region size 4096K, 4 young (16384K), 1 survivors (4096K)
 Metaspace       used 29149K, committed 29440K, reserved 1114112K
  class space    used 3791K, committed 3968K, reserved 1048576K
}
Event: 63.610 GC heap after
{Heap after GC invocations=13 (full 0):
 garbage-first heap   total 151552K, used 97696K [0x0000000603800000, 0x0000000800000000)
  region size 4096K, 1 young (4096K), 1 survivors (4096K)
 Metaspace       used 29149K, committed 29440K, reserved 1114112K
  class space    used 3791K, committed 3968K, reserved 1048576K
}
Event: 63.660 GC heap before
{Heap before GC invocations=13 (full 0):
 garbage-first heap   total 151552K, used 109984K [0x0000000603800000, 0x0000000800000000)
  region size 4096K, 4 young (16384K), 1 survivors (4096K)
 Metaspace       used 29164K, committed 29440K, reserved 1114112K
  class space    used 3791K, committed 3968K, reserved 1048576K
}
Event: 63.664 GC heap after
{Heap after GC invocations=14 (full 0):
 garbage-first heap   total 151552K, used 99642K [0x0000000603800000, 0x0000000800000000)
  region size 4096K, 1 young (4096K), 1 survivors (4096K)
 Metaspace       used 29164K, committed 29440K, reserved 1114112K
  class space    used 3791K, committed 3968K, reserved 1048576K
}
Event: 64.328 GC heap before
{Heap before GC invocations=15 (full 0):
 garbage-first heap   total 180224K, used 111930K [0x0000000603800000, 0x0000000800000000)
  region size 4096K, 4 young (16384K), 1 survivors (4096K)
 Metaspace       used 29224K, committed 29504K, reserved 1114112K
  class space    used 3791K, committed 3968K, reserved 1048576K
}
Event: 64.333 GC heap after
{Heap after GC invocations=16 (full 0):
 garbage-first heap   total 180224K, used 102499K [0x0000000603800000, 0x0000000800000000)
  region size 4096K, 1 young (4096K), 1 survivors (4096K)
 Metaspace       used 29224K, committed 29504K, reserved 1114112K
  class space    used 3791K, committed 3968K, reserved 1048576K
}
Event: 66.941 GC heap before
{Heap before GC invocations=16 (full 0):
 garbage-first heap   total 180224K, used 110691K [0x0000000603800000, 0x0000000800000000)
  region size 4096K, 5 young (20480K), 1 survivors (4096K)
 Metaspace       used 29283K, committed 29632K, reserved 1114112K
  class space    used 3791K, committed 3968K, reserved 1048576K
}
Event: 66.944 GC heap after
{Heap after GC invocations=17 (full 0):
 garbage-first heap   total 180224K, used 111616K [0x0000000603800000, 0x0000000800000000)
  region size 4096K, 1 young (4096K), 1 survivors (4096K)
 Metaspace       used 29283K, committed 29632K, reserved 1114112K
  class space    used 3791K, committed 3968K, reserved 1048576K
}
Event: 69.256 GC heap before
{Heap before GC invocations=18 (full 0):
 garbage-first heap   total 200704K, used 128000K [0x0000000603800000, 0x0000000800000000)
  region size 4096K, 5 young (20480K), 1 survivors (4096K)
 Metaspace       used 29326K, committed 29632K, reserved 1114112K
  class space    used 3791K, committed 3968K, reserved 1048576K
}
Event: 69.260 GC heap after
{Heap after GC invocations=19 (full 0):
 garbage-first heap   total 200704K, used 118439K [0x0000000603800000, 0x0000000800000000)
  region size 4096K, 1 young (4096K), 1 survivors (4096K)
 Metaspace       used 29326K, committed 29632K, reserved 1114112K
  class space    used 3791K, committed 3968K, reserved 1048576K
}
Event: 70.908 GC heap before
{Heap before GC invocations=19 (full 0):
 garbage-first heap   total 200704K, used 122535K [0x0000000603800000, 0x0000000800000000)
  region size 4096K, 2 young (8192K), 1 survivors (4096K)
 Metaspace       used 29357K, committed 29696K, reserved 1114112K
  class space    used 3791K, committed 3968K, reserved 1048576K
}
Event: 70.911 GC heap after
{Heap after GC invocations=20 (full 0):
 garbage-first heap   total 200704K, used 103961K [0x0000000603800000, 0x0000000800000000)
  region size 4096K, 1 young (4096K), 1 survivors (4096K)
 Metaspace       used 29357K, committed 29696K, reserved 1114112K
  class space    used 3791K, committed 3968K, reserved 1048576K
}
Event: 75.882 GC heap before
{Heap before GC invocations=20 (full 0):
 garbage-first heap   total 200704K, used 108057K [0x0000000603800000, 0x0000000800000000)
  region size 4096K, 4 young (16384K), 1 survivors (4096K)
 Metaspace       used 29429K, committed 29760K, reserved 1114112K
  class space    used 3792K, committed 3968K, reserved 1048576K
}
Event: 75.885 GC heap after
{Heap after GC invocations=21 (full 0):
 garbage-first heap   total 200704K, used 108798K [0x0000000603800000, 0x0000000800000000)
  region size 4096K, 1 young (4096K), 1 survivors (4096K)
 Metaspace       used 29429K, committed 29760K, reserved 1114112K
  class space    used 3792K, committed 3968K, reserved 1048576K
}

Deoptimization events (20 events):
Event: 79.991 Thread 0x000001b391d01b70 DEOPT PACKING pc=0x000001b3266abaec sp=0x00000004343ecf40
Event: 79.991 Thread 0x000001b391d01b70 DEOPT UNPACKING pc=0x000001b32da066e3 sp=0x00000004343ec528 mode 1
Event: 79.991 Thread 0x000001b391d01b70 DEOPT PACKING pc=0x000001b3273bf91c sp=0x00000004343ed130
Event: 79.991 Thread 0x000001b391d01b70 DEOPT UNPACKING pc=0x000001b32da066e3 sp=0x00000004343ec598 mode 1
Event: 79.991 Thread 0x000001b391d01b70 DEOPT PACKING pc=0x000001b3266abaec sp=0x00000004343ecf40
Event: 79.991 Thread 0x000001b391d01b70 DEOPT UNPACKING pc=0x000001b32da066e3 sp=0x00000004343ec528 mode 1
Event: 79.991 Thread 0x000001b391d01b70 DEOPT PACKING pc=0x000001b3273bf91c sp=0x00000004343ed130
Event: 79.991 Thread 0x000001b391d01b70 DEOPT UNPACKING pc=0x000001b32da066e3 sp=0x00000004343ec598 mode 1
Event: 79.992 Thread 0x000001b391d01b70 DEOPT PACKING pc=0x000001b3266abaec sp=0x00000004343ecf40
Event: 79.992 Thread 0x000001b391d01b70 DEOPT UNPACKING pc=0x000001b32da066e3 sp=0x00000004343ec528 mode 1
Event: 79.992 Thread 0x000001b391d01b70 DEOPT PACKING pc=0x000001b3273bf91c sp=0x00000004343ed130
Event: 79.992 Thread 0x000001b391d01b70 DEOPT UNPACKING pc=0x000001b32da066e3 sp=0x00000004343ec598 mode 1
Event: 257.515 Thread 0x000001b34b3ee700 Uncommon trap: trap_request=0xffffffc6 fr.pc=0x000001b32e40c234 relative=0x00000000000006f4
Event: 257.515 Thread 0x000001b34b3ee700 Uncommon trap: reason=bimorphic_or_optimized_type_check action=maybe_recompile pc=0x000001b32e40c234 method=java.util.Hashtable.get(Ljava/lang/Object;)Ljava/lang/Object; @ 6 c2
Event: 257.515 Thread 0x000001b34b3ee700 DEOPT PACKING pc=0x000001b32e40c234 sp=0x00000004332ff150
Event: 257.515 Thread 0x000001b34b3ee700 DEOPT UNPACKING pc=0x000001b32da05ba3 sp=0x00000004332ff110 mode 2
Event: 257.518 Thread 0x000001b391fceaf0 DEOPT PACKING pc=0x000001b326b060c4 sp=0x00000004341ff110
Event: 257.518 Thread 0x000001b391fceaf0 DEOPT UNPACKING pc=0x000001b32da066e3 sp=0x00000004341fe638 mode 1
Event: 257.518 Thread 0x000001b34bf7d8c0 DEOPT PACKING pc=0x000001b3266e204c sp=0x00000004328fef70
Event: 257.518 Thread 0x000001b34bf7d8c0 DEOPT UNPACKING pc=0x000001b32da066e3 sp=0x00000004328fe3d0 mode 1

Classes unloaded (0 events):
No events

Classes redefined (1 events):
Event: 0.272 Thread 0x000001b31dfced10 redefined class name=java.lang.Throwable, count=1

Internal exceptions (20 events):
Event: 75.925 Thread 0x000001b391d01b70 Exception <a 'java/io/FileNotFoundException'{0x00000006234e5c90}> (0x00000006234e5c90) 
thrown [s\open\src\hotspot\share\prims\jni.cpp, line 516]
Event: 75.933 Thread 0x000001b391d01b70 Exception <a 'java/io/FileNotFoundException'{0x0000000623502140}> (0x0000000623502140) 
thrown [s\open\src\hotspot\share\prims\jni.cpp, line 516]
Event: 75.940 Thread 0x000001b391d01b70 Exception <a 'java/io/FileNotFoundException'{0x0000000623756788}> (0x0000000623756788) 
thrown [s\open\src\hotspot\share\prims\jni.cpp, line 516]
Event: 75.942 Thread 0x000001b391d01b70 Exception <a 'java/io/FileNotFoundException'{0x0000000623795440}> (0x0000000623795440) 
thrown [s\open\src\hotspot\share\prims\jni.cpp, line 516]
Event: 75.947 Thread 0x000001b391d01b70 Exception <a 'java/io/FileNotFoundException'{0x00000006237b1708}> (0x00000006237b1708) 
thrown [s\open\src\hotspot\share\prims\jni.cpp, line 516]
Event: 75.977 Thread 0x000001b391d01b70 Exception <a 'java/lang/ClassCastException'{0x000000060ecd3df8}: class java.lang.String cannot be cast to class javafx.scene.paint.Paint (java.lang.String is in module java.base of loader 'bootstrap'; javafx.scene.paint.Paint is in module javafx.graphics@21.0.7 of loader 'app')> (0x000000060ecd3df8) 
thrown [s\open\src\hotspot\share\interpreter\interpreterRuntime.cpp, line 444]
Event: 75.980 Thread 0x000001b391d01b70 Exception <a 'java/lang/ClassCastException'{0x000000060ede20f0}: class java.lang.String cannot be cast to class javafx.scene.paint.Paint (java.lang.String is in module java.base of loader 'bootstrap'; javafx.scene.paint.Paint is in module javafx.graphics@21.0.7 of loader 'app')> (0x000000060ede20f0) 
thrown [s\open\src\hotspot\share\interpreter\interpreterRuntime.cpp, line 444]
Event: 75.986 Thread 0x000001b391d01b70 Exception <a 'java/lang/ClassCastException'{0x000000060ef3ed00}: class java.lang.String cannot be cast to class javafx.scene.paint.Paint (java.lang.String is in module java.base of loader 'bootstrap'; javafx.scene.paint.Paint is in module javafx.graphics@21.0.7 of loader 'app')> (0x000000060ef3ed00) 
thrown [s\open\src\hotspot\share\interpreter\interpreterRuntime.cpp, line 444]
Event: 76.005 Thread 0x000001b391d01b70 Exception <a 'java/lang/ClassCastException'{0x000000060e6e7730}> (0x000000060e6e7730) 
thrown [s\open\src\hotspot\share\runtime\sharedRuntime.cpp, line 631]
Event: 76.007 Thread 0x000001b391d01b70 Exception <a 'java/lang/ClassCastException'{0x000000060e6f8ac8}> (0x000000060e6f8ac8) 
thrown [s\open\src\hotspot\share\runtime\sharedRuntime.cpp, line 631]
Event: 76.007 Thread 0x000001b391d01b70 Exception <a 'java/lang/ClassCastException'{0x000000060e711c38}> (0x000000060e711c38) 
thrown [s\open\src\hotspot\share\runtime\sharedRuntime.cpp, line 631]
Event: 76.008 Thread 0x000001b391d01b70 Exception <a 'java/lang/ClassCastException'{0x000000060e722fb8}> (0x000000060e722fb8) 
thrown [s\open\src\hotspot\share\runtime\sharedRuntime.cpp, line 631]
Event: 76.009 Thread 0x000001b391d01b70 Exception <a 'java/lang/ClassCastException'{0x000000060e754ff8}> (0x000000060e754ff8) 
thrown [s\open\src\hotspot\share\runtime\sharedRuntime.cpp, line 631]
Event: 76.012 Thread 0x000001b391d01b70 Exception <a 'java/lang/ClassCastException'{0x000000060e766438}> (0x000000060e766438) 
thrown [s\open\src\hotspot\share\runtime\sharedRuntime.cpp, line 631]
Event: 76.014 Thread 0x000001b391d01b70 Exception <a 'java/lang/ClassCastException'{0x000000060e77b928}> (0x000000060e77b928) 
thrown [s\open\src\hotspot\share\runtime\sharedRuntime.cpp, line 631]
Event: 76.014 Thread 0x000001b391d01b70 Exception <a 'java/lang/ClassCastException'{0x000000060e78cd68}> (0x000000060e78cd68) 
thrown [s\open\src\hotspot\share\runtime\sharedRuntime.cpp, line 631]
Event: 76.017 Thread 0x000001b391d01b70 Exception <a 'java/lang/ClassCastException'{0x000000060e7bc858}> (0x000000060e7bc858) 
thrown [s\open\src\hotspot\share\runtime\sharedRuntime.cpp, line 631]
Event: 76.019 Thread 0x000001b391d01b70 Exception <a 'java/lang/ClassCastException'{0x000000060e7c9f10}> (0x000000060e7c9f10) 
thrown [s\open\src\hotspot\share\runtime\sharedRuntime.cpp, line 631]
Event: 76.050 Thread 0x000001b391fceaf0 Implicit null exception at 0x000001b32e36fe5f to 0x000001b32e36fee0
Event: 76.050 Thread 0x000001b391fceaf0 Implicit null exception at 0x000001b32e37022c to 0x000001b32e3702b0

VM Operations (20 events):
Event: 75.885 Executing VM operation: G1TryInitiateConcMark done
Event: 75.912 Executing VM operation: G1Concurrent
Event: 75.917 Executing VM operation: G1Concurrent done
Event: 75.928 Executing VM operation: G1Concurrent
Event: 75.929 Executing VM operation: G1Concurrent done
Event: 76.929 Executing VM operation: Cleanup
Event: 76.929 Executing VM operation: Cleanup done
Event: 79.930 Executing VM operation: Cleanup
Event: 79.930 Executing VM operation: Cleanup done
Event: 80.930 Executing VM operation: Cleanup
Event: 80.930 Executing VM operation: Cleanup done
Event: 120.067 Executing VM operation: HandshakeAllThreads
Event: 120.067 Executing VM operation: HandshakeAllThreads done
Event: 257.354 Executing VM operation: ChangeBreakpoints
Event: 257.354 Executing VM operation: ChangeBreakpoints done
Event: 257.354 Executing VM operation: ChangeBreakpoints
Event: 257.354 Executing VM operation: ChangeBreakpoints done
Event: 257.354 Executing VM operation: ChangeBreakpoints
Event: 257.354 Executing VM operation: ChangeBreakpoints done
Event: 257.518 Executing VM operation: Exit

Events (20 events):
Event: 75.984 Thread 0x000001b39be9c580 Thread added: 0x000001b39be9c580
Event: 76.544 Thread 0x000001b39be9c580 Thread exited: 0x000001b39be9c580
Event: 76.887 Thread 0x000001b39be97080 Thread exited: 0x000001b39be97080
Event: 79.993 Thread 0x000001b39be9bae0 Thread added: 0x000001b39be9bae0
Event: 82.446 Thread 0x000001b39be9bae0 Thread exited: 0x000001b39be9bae0
Event: 257.354 Thread 0x000001b34bf64050 Thread exited: 0x000001b34bf64050
Event: 257.357 Thread 0x000001b34bf63670 Thread exited: 0x000001b34bf63670
Event: 257.515 loading class jdk/internal/misc/Signal$1
Event: 257.515 loading class jdk/internal/misc/Signal$1 done
Event: 257.516 Thread 0x000001b34bf7c990 Thread added: 0x000001b34bf7c990
Event: 257.517 loading class java/util/IdentityHashMap$KeyIterator
Event: 257.517 loading class java/util/IdentityHashMap$KeyIterator done
Event: 257.517 Thread 0x000001b34bf7d8c0 Thread added: 0x000001b34bf7d8c0
Event: 257.517 Thread 0x000001b34bf7e2e0 Thread added: 0x000001b34bf7e2e0
Event: 257.517 loading class com/sun/javafx/tk/quantum/QuantumRenderer
Event: 257.517 loading class com/sun/javafx/tk/quantum/QuantumRenderer done
Event: 257.517 Thread 0x000001b34bf7e2e0 Thread exited: 0x000001b34bf7e2e0
Event: 257.518 loading class com/sun/javafx/tk/quantum/QuantumToolkit
Event: 257.518 loading class com/sun/javafx/tk/quantum/QuantumToolkit done
Event: 257.518 Thread 0x000001b34bf7d8c0 Thread exited: 0x000001b34bf7d8c0


Dynamic libraries:
0x00007ff6097d0000 - 0x00007ff6097e0000 	C:\Program Files\Java\jdk-17\bin\java.exe
0x00007ff838e10000 - 0x00007ff839027000 	C:\WINDOWS\SYSTEM32\ntdll.dll
0x00007ff8381e0000 - 0x00007ff8382a4000 	C:\WINDOWS\System32\KERNEL32.DLL
0x00007ff836630000 - 0x00007ff836a03000 	C:\WINDOWS\System32\KERNELBASE.dll
0x00007ff835f20000 - 0x00007ff836031000 	C:\WINDOWS\System32\ucrtbase.dll
0x00007ff816910000 - 0x00007ff81692b000 	C:\Program Files\Java\jdk-17\bin\VCRUNTIME140.dll
0x00007ff816930000 - 0x00007ff816949000 	C:\Program Files\Java\jdk-17\bin\jli.dll
0x00007ff837c20000 - 0x00007ff837cd1000 	C:\WINDOWS\System32\ADVAPI32.dll
0x00007ff836c10000 - 0x00007ff836cb7000 	C:\WINDOWS\System32\msvcrt.dll
0x00007ff836b60000 - 0x00007ff836c08000 	C:\WINDOWS\System32\sechost.dll
0x00007ff8361b0000 - 0x00007ff8361d8000 	C:\WINDOWS\System32\bcrypt.dll
0x00007ff838890000 - 0x00007ff8389a4000 	C:\WINDOWS\System32\RPCRT4.dll
0x00007ff838c10000 - 0x00007ff838dc1000 	C:\WINDOWS\System32\USER32.dll
0x00007ff836180000 - 0x00007ff8361a6000 	C:\WINDOWS\System32\win32u.dll
0x00007ff837560000 - 0x00007ff837589000 	C:\WINDOWS\System32\GDI32.dll
0x00007ff8361e0000 - 0x00007ff8362fb000 	C:\WINDOWS\System32\gdi32full.dll
0x00007ff81f1b0000 - 0x00007ff81f448000 	C:\WINDOWS\WinSxS\amd64_microsoft.windows.common-controls_6595b64144ccf1df_6.0.22621.5124_none_270e8f4f7386d69d\COMCTL32.dll
0x00007ff836a10000 - 0x00007ff836aaa000 	C:\WINDOWS\System32\msvcp_win.dll
0x00007ff831a40000 - 0x00007ff831a4a000 	C:\WINDOWS\SYSTEM32\VERSION.dll
0x00007ff836b20000 - 0x00007ff836b51000 	C:\WINDOWS\System32\IMM32.DLL
0x00007ff8313b0000 - 0x00007ff8313bc000 	C:\Program Files\Java\jdk-17\bin\vcruntime140_1.dll
0x00007fffc9b60000 - 0x00007fffc9bee000 	C:\Program Files\Java\jdk-17\bin\msvcp140.dll
0x00007fff46cb0000 - 0x00007fff47890000 	C:\Program Files\Java\jdk-17\bin\server\jvm.dll
0x00007ff8389c0000 - 0x00007ff8389c8000 	C:\WINDOWS\System32\PSAPI.DLL
0x00007ff831360000 - 0x00007ff831394000 	C:\WINDOWS\SYSTEM32\WINMM.dll
0x00007ff81fb30000 - 0x00007ff81fb39000 	C:\WINDOWS\SYSTEM32\WSOCK32.dll
0x00007ff838b80000 - 0x00007ff838bf1000 	C:\WINDOWS\System32\WS2_32.dll
0x00007ff834f50000 - 0x00007ff834f68000 	C:\WINDOWS\SYSTEM32\kernel.appcore.dll
0x00007ff82e8d0000 - 0x00007ff82e8da000 	C:\Program Files\Java\jdk-17\bin\jimage.dll
0x00007ff833bb0000 - 0x00007ff833de2000 	C:\WINDOWS\SYSTEM32\DBGHELP.DLL
0x00007ff837e40000 - 0x00007ff8381d2000 	C:\WINDOWS\System32\combase.dll
0x00007ff8382b0000 - 0x00007ff838387000 	C:\WINDOWS\System32\OLEAUT32.dll
0x00007ff820f30000 - 0x00007ff820f62000 	C:\WINDOWS\SYSTEM32\dbgcore.DLL
0x00007ff8363c0000 - 0x00007ff83643b000 	C:\WINDOWS\System32\bcryptPrimitives.dll
0x00007ffff37b0000 - 0x00007ffff37eb000 	C:\Program Files\Java\jdk-17\bin\jdwp.dll
0x00007fffad790000 - 0x00007fffad99e000 	C:\Users\Abir12\AppData\Local\Temp\idea_libasyncProfiler_dll_temp_folder11\libasyncProfiler.dll
0x00007ff816900000 - 0x00007ff81690e000 	C:\Program Files\Java\jdk-17\bin\instrument.dll
0x00007ffff69d0000 - 0x00007ffff69f5000 	C:\Program Files\Java\jdk-17\bin\java.dll
0x00007ffff4110000 - 0x00007ffff4128000 	C:\Program Files\Java\jdk-17\bin\zip.dll
0x00007fffc9a80000 - 0x00007fffc9b57000 	C:\Program Files\Java\jdk-17\bin\jsvml.dll
0x00007ff836cc0000 - 0x00007ff837556000 	C:\WINDOWS\System32\SHELL32.dll
0x00007ff836040000 - 0x00007ff83617f000 	C:\WINDOWS\System32\wintypes.dll
0x00007ff833e40000 - 0x00007ff83475a000 	C:\WINDOWS\SYSTEM32\windows.storage.dll
0x00007ff837a80000 - 0x00007ff837b8a000 	C:\WINDOWS\System32\SHCORE.dll
0x00007ff836ab0000 - 0x00007ff836b13000 	C:\WINDOWS\System32\shlwapi.dll
0x00007ff835e50000 - 0x00007ff835e7b000 	C:\WINDOWS\SYSTEM32\profapi.dll
0x00007ff8111c0000 - 0x00007ff8111d9000 	C:\Program Files\Java\jdk-17\bin\net.dll
0x00007ff8326f0000 - 0x00007ff83281c000 	C:\WINDOWS\SYSTEM32\WINHTTP.dll
0x00007ff8353d0000 - 0x00007ff83543a000 	C:\WINDOWS\system32\mswsock.dll
0x00007ffff4460000 - 0x00007ffff4476000 	C:\Program Files\Java\jdk-17\bin\nio.dll
0x00007ffff4450000 - 0x00007ffff445c000 	C:\Program Files\Java\jdk-17\bin\dt_socket.dll
0x00007ff8349c0000 - 0x00007ff8349ed000 	C:\WINDOWS\SYSTEM32\IPHLPAPI.DLL
0x000001b31e380000 - 0x000001b31e383000 	C:\Users\Abir12\Downloads\javafx-sdk-21.0.7\bin\api-ms-win-core-console-l1-1-0.dll
0x000001b34bfb0000 - 0x000001b34bfb3000 	C:\Users\Abir12\Downloads\javafx-sdk-21.0.7\bin\api-ms-win-core-console-l1-2-0.dll
0x000001b34bfc0000 - 0x000001b34bfc3000 	C:\Users\Abir12\Downloads\javafx-sdk-21.0.7\bin\api-ms-win-core-datetime-l1-1-0.dll
0x000001b34bfd0000 - 0x000001b34bfd3000 	C:\Users\Abir12\Downloads\javafx-sdk-21.0.7\bin\api-ms-win-core-debug-l1-1-0.dll
0x000001b34bfe0000 - 0x000001b34bfe3000 	C:\Users\Abir12\Downloads\javafx-sdk-21.0.7\bin\api-ms-win-core-errorhandling-l1-1-0.dll
0x000001b34bff0000 - 0x000001b34bff4000 	C:\Users\Abir12\Downloads\javafx-sdk-21.0.7\bin\api-ms-win-core-file-l1-1-0.dll
0x000001b391fd0000 - 0x000001b391fd3000 	C:\Users\Abir12\Downloads\javafx-sdk-21.0.7\bin\api-ms-win-core-file-l1-2-0.dll
0x000001b391fe0000 - 0x000001b391fe3000 	C:\Users\Abir12\Downloads\javafx-sdk-21.0.7\bin\api-ms-win-core-file-l2-1-0.dll
0x000001b391ff0000 - 0x000001b391ff3000 	C:\Users\Abir12\Downloads\javafx-sdk-21.0.7\bin\api-ms-win-core-handle-l1-1-0.dll
0x000001b392350000 - 0x000001b392353000 	C:\Users\Abir12\Downloads\javafx-sdk-21.0.7\bin\api-ms-win-core-heap-l1-1-0.dll
0x000001b392360000 - 0x000001b392363000 	C:\Users\Abir12\Downloads\javafx-sdk-21.0.7\bin\api-ms-win-core-interlocked-l1-1-0.dll
0x000001b392370000 - 0x000001b392373000 	C:\Users\Abir12\Downloads\javafx-sdk-21.0.7\bin\api-ms-win-core-libraryloader-l1-1-0.dll
0x000001b392380000 - 0x000001b392383000 	C:\Users\Abir12\Downloads\javafx-sdk-21.0.7\bin\api-ms-win-core-localization-l1-2-0.dll
0x000001b392390000 - 0x000001b392393000 	C:\Users\Abir12\Downloads\javafx-sdk-21.0.7\bin\api-ms-win-core-memory-l1-1-0.dll
0x000001b392000000 - 0x000001b392003000 	C:\Users\Abir12\Downloads\javafx-sdk-21.0.7\bin\api-ms-win-core-namedpipe-l1-1-0.dll
0x000001b392010000 - 0x000001b392013000 	C:\Users\Abir12\Downloads\javafx-sdk-21.0.7\bin\api-ms-win-core-processenvironment-l1-1-0.dll
0x000001b392020000 - 0x000001b392023000 	C:\Users\Abir12\Downloads\javafx-sdk-21.0.7\bin\api-ms-win-core-processthreads-l1-1-0.dll
0x000001b392030000 - 0x000001b392033000 	C:\Users\Abir12\Downloads\javafx-sdk-21.0.7\bin\api-ms-win-core-processthreads-l1-1-1.dll
0x000001b392040000 - 0x000001b392043000 	C:\Users\Abir12\Downloads\javafx-sdk-21.0.7\bin\api-ms-win-core-profile-l1-1-0.dll
0x000001b392050000 - 0x000001b392053000 	C:\Users\Abir12\Downloads\javafx-sdk-21.0.7\bin\api-ms-win-core-rtlsupport-l1-1-0.dll
0x000001b392060000 - 0x000001b392063000 	C:\Users\Abir12\Downloads\javafx-sdk-21.0.7\bin\api-ms-win-core-string-l1-1-0.dll
0x000001b392070000 - 0x000001b392073000 	C:\Users\Abir12\Downloads\javafx-sdk-21.0.7\bin\api-ms-win-core-synch-l1-1-0.dll
0x000001b392080000 - 0x000001b392083000 	C:\Users\Abir12\Downloads\javafx-sdk-21.0.7\bin\api-ms-win-core-synch-l1-2-0.dll
0x000001b392090000 - 0x000001b392093000 	C:\Users\Abir12\Downloads\javafx-sdk-21.0.7\bin\api-ms-win-core-sysinfo-l1-1-0.dll
0x000001b3920a0000 - 0x000001b3920a3000 	C:\Users\Abir12\Downloads\javafx-sdk-21.0.7\bin\api-ms-win-core-timezone-l1-1-0.dll
0x000001b3920b0000 - 0x000001b3920b3000 	C:\Users\Abir12\Downloads\javafx-sdk-21.0.7\bin\api-ms-win-core-util-l1-1-0.dll
0x000001b3920c0000 - 0x000001b3920c3000 	C:\Users\Abir12\Downloads\javafx-sdk-21.0.7\bin\api-ms-win-crt-conio-l1-1-0.dll
0x000001b3920d0000 - 0x000001b3920d4000 	C:\Users\Abir12\Downloads\javafx-sdk-21.0.7\bin\api-ms-win-crt-convert-l1-1-0.dll
0x000001b3920e0000 - 0x000001b3920e3000 	C:\Users\Abir12\Downloads\javafx-sdk-21.0.7\bin\api-ms-win-crt-environment-l1-1-0.dll
0x000001b3920f0000 - 0x000001b3920f3000 	C:\Users\Abir12\Downloads\javafx-sdk-21.0.7\bin\api-ms-win-crt-filesystem-l1-1-0.dll
0x000001b392100000 - 0x000001b392103000 	C:\Users\Abir12\Downloads\javafx-sdk-21.0.7\bin\api-ms-win-crt-heap-l1-1-0.dll
0x000001b392110000 - 0x000001b392113000 	C:\Users\Abir12\Downloads\javafx-sdk-21.0.7\bin\api-ms-win-crt-locale-l1-1-0.dll
0x000001b392120000 - 0x000001b392125000 	C:\Users\Abir12\Downloads\javafx-sdk-21.0.7\bin\api-ms-win-crt-math-l1-1-0.dll
0x000001b392130000 - 0x000001b392135000 	C:\Users\Abir12\Downloads\javafx-sdk-21.0.7\bin\api-ms-win-crt-multibyte-l1-1-0.dll
0x000001b392140000 - 0x000001b392150000 	C:\Users\Abir12\Downloads\javafx-sdk-21.0.7\bin\api-ms-win-crt-private-l1-1-0.dll
0x000001b392150000 - 0x000001b392153000 	C:\Users\Abir12\Downloads\javafx-sdk-21.0.7\bin\api-ms-win-crt-process-l1-1-0.dll
0x000001b392160000 - 0x000001b392164000 	C:\Users\Abir12\Downloads\javafx-sdk-21.0.7\bin\api-ms-win-crt-runtime-l1-1-0.dll
0x000001b392170000 - 0x000001b392174000 	C:\Users\Abir12\Downloads\javafx-sdk-21.0.7\bin\api-ms-win-crt-stdio-l1-1-0.dll
0x000001b392310000 - 0x000001b392314000 	C:\Users\Abir12\Downloads\javafx-sdk-21.0.7\bin\api-ms-win-crt-string-l1-1-0.dll
0x000001b392320000 - 0x000001b392323000 	C:\Users\Abir12\Downloads\javafx-sdk-21.0.7\bin\api-ms-win-crt-time-l1-1-0.dll
0x000001b392330000 - 0x000001b392333000 	C:\Users\Abir12\Downloads\javafx-sdk-21.0.7\bin\api-ms-win-crt-utility-l1-1-0.dll
0x00007fffc6770000 - 0x00007fffc686c000 	C:\Users\Abir12\Downloads\javafx-sdk-21.0.7\bin\ucrtbase.dll
0x00007ffff40f0000 - 0x00007ffff410b000 	C:\Users\Abir12\Downloads\javafx-sdk-21.0.7\bin\vcruntime140.dll
0x00007ffff40e0000 - 0x00007ffff40ec000 	C:\Users\Abir12\Downloads\javafx-sdk-21.0.7\bin\vcruntime140_1.dll
0x00007fffc99f0000 - 0x00007fffc9a7e000 	C:\Users\Abir12\Downloads\javafx-sdk-21.0.7\bin\msvcp140.dll
0x00007ffff0940000 - 0x00007ffff0949000 	C:\Users\Abir12\Downloads\javafx-sdk-21.0.7\bin\msvcp140_1.dll
0x00007fffc9900000 - 0x00007fffc9941000 	C:\Users\Abir12\Downloads\javafx-sdk-21.0.7\bin\msvcp140_2.dll
0x00007fffdc550000 - 0x00007fffdc580000 	C:\Users\Abir12\Downloads\javafx-sdk-21.0.7\bin\prism_d3d.dll
0x00007ffff6060000 - 0x00007ffff6208000 	C:\WINDOWS\system32\d3d9.dll
0x00007ff833460000 - 0x00007ff83348e000 	C:\WINDOWS\SYSTEM32\dwmapi.dll
0x00007ff8332d0000 - 0x00007ff833307000 	C:\WINDOWS\SYSTEM32\dxcore.dll
0x00007ff833060000 - 0x00007ff833113000 	C:\WINDOWS\system32\uxtheme.dll
0x00007fff584b0000 - 0x00007fff58662000 	C:\WINDOWS\System32\DriverStore\FileRepository\iigd_dch.inf_amd64_757104785c02f4c4\igdumdim64.dll
0x00007ff8389d0000 - 0x00007ff838b71000 	C:\WINDOWS\System32\ole32.dll
0x00007fff54ce0000 - 0x00007fff584a6000 	C:\WINDOWS\System32\DriverStore\FileRepository\iigd_dch.inf_amd64_757104785c02f4c4\igd9dxva64.dll
0x00007ff837600000 - 0x00007ff837a74000 	C:\WINDOWS\System32\SETUPAPI.dll
0x00007ff835c10000 - 0x00007ff835c5e000 	C:\WINDOWS\SYSTEM32\cfgmgr32.dll
0x00007ff821c40000 - 0x00007ff822056000 	C:\WINDOWS\System32\DriverStore\FileRepository\iigd_dch.inf_amd64_757104785c02f4c4\igdgmm64.dll
0x00007ff82aa60000 - 0x00007ff82aaa9000 	C:\WINDOWS\SYSTEM32\directxdatabasehelper.dll
0x00007fffc8340000 - 0x00007fffc8382000 	C:\Users\Abir12\Downloads\javafx-sdk-21.0.7\bin\glass.dll
0x00007ff8386e0000 - 0x00007ff8387e3000 	C:\WINDOWS\System32\COMDLG32.dll
0x00007ff837ce0000 - 0x00007ff837e40000 	C:\WINDOWS\System32\MSCTF.dll
0x00007ffff49b0000 - 0x00007ffff49d7000 	C:\WINDOWS\System32\DriverStore\FileRepository\iigd_dch.inf_amd64_757104785c02f4c4\igdinfo64.dll
0x00007ff818630000 - 0x00007ff81cbbd000 	C:\WINDOWS\System32\DriverStore\FileRepository\iigd_dch.inf_amd64_757104785c02f4c4\igc64.dll
0x00007ff834a30000 - 0x00007ff834b32000 	C:\WINDOWS\SYSTEM32\DNSAPI.dll
0x00007ff837c10000 - 0x00007ff837c19000 	C:\WINDOWS\System32\NSI.dll
0x00007ff82ebe0000 - 0x00007ff82ebea000 	C:\Windows\System32\rasadhlp.dll
0x00007ff82ebf0000 - 0x00007ff82ec73000 	C:\WINDOWS\System32\fwpuclnt.dll
0x00007ffff0750000 - 0x00007ffff0765000 	C:\Users\Abir12\Downloads\javafx-sdk-21.0.7\bin\javafx_font.dll
0x00007ff82f710000 - 0x00007ff82f983000 	C:\WINDOWS\SYSTEM32\dwrite.dll
0x00007fffc9980000 - 0x00007fffc99ad000 	C:\Users\Abir12\Downloads\javafx-sdk-21.0.7\bin\javafx_iio.dll
0x00007ff8383e0000 - 0x00007ff838490000 	C:\WINDOWS\System32\clbcatq.dll
0x00007ff832d50000 - 0x00007ff832f00000 	C:\WINDOWS\SYSTEM32\WindowsCodecs.dll
0x00007ff800070000 - 0x00007ff8000ce000 	C:\WINDOWS\system32\dataexchange.dll
0x00007ff82e8e0000 - 0x00007ff82eb86000 	C:\WINDOWS\system32\twinapi.appcore.dll
0x00007fffc9430000 - 0x00007fffc9462000 	C:\Program Files\Common Files\Microsoft Shared\Ink\rtscom.dll

dbghelp: loaded successfully - version: 4.0.5 - missing functions: none
symbol engine: initialized successfully - sym options: 0x614 - pdb path: .;C:\Program Files\Java\jdk-17\bin;C:\WINDOWS\SYSTEM32;C:\WINDOWS\WinSxS\amd64_microsoft.windows.common-controls_6595b64144ccf1df_6.0.22621.5124_none_270e8f4f7386d69d;C:\Program Files\Java\jdk-17\bin\server;C:\Users\Abir12\AppData\Local\Temp\idea_libasyncProfiler_dll_temp_folder11;C:\Users\Abir12\Downloads\javafx-sdk-21.0.7\bin;C:\WINDOWS\System32\DriverStore\FileRepository\iigd_dch.inf_amd64_757104785c02f4c4;C:\Program Files\Common Files\Microsoft Shared\Ink

VM Arguments:
jvm_args: -agentlib:jdwp=transport=dt_socket,address=127.0.0.1:53599,suspend=y,server=n --module-path=C:\Users\Abir12\Downloads\javafx-sdk-21.0.7\lib --add-modules=javafx.controls,javafx.fxml -agentpath:C:\Users\Abir12\AppData\Local\Temp\idea_libasyncProfiler_dll_temp_folder11\libasyncProfiler.dll=version,jfr,event=wall,interval=10ms,cstack=no,file=C:\Users\Abir12\IdeaSnapshots\FxMain_2025_05_05_220045.jfr,dbghelppath=C:\Users\Abir12\AppData\Local\Temp\idea_dbghelp_dll_temp_folder1\dbghelp.dll,log=C:\Users\Abir12\AppData\Local\Temp\FxMain_2025_05_05_220045.jfr.log.txt,logLevel=DEBUG -javaagent:C:\Users\Abir12\AppData\Local\JetBrains\IntelliJIdea2024.3\captureAgent\debugger-agent.jar -Dkotlinx.coroutines.debug.enable.creation.stack.trace=false -Ddebugger.agent.enable.coroutines=true -Dkotlinx.coroutines.debug.enable.flows.stack.trace=true -Dkotlinx.coroutines.debug.enable.mutable.state.flows.stack.trace=true -Dfile.encoding=UTF-8 
java_command: test.FxMain
java_class_path (initial): C:\Users\Abir12\Desktop\artphoria\target\classes;C:\Users\Abir12\.m2\repository\org\springframework\boot\spring-boot-starter-web\3.2.3\spring-boot-starter-web-3.2.3.jar;C:\Users\Abir12\.m2\repository\org\springframework\boot\spring-boot-starter\3.2.3\spring-boot-starter-3.2.3.jar;C:\Users\Abir12\.m2\repository\org\springframework\boot\spring-boot\3.2.3\spring-boot-3.2.3.jar;C:\Users\Abir12\.m2\repository\org\springframework\boot\spring-boot-autoconfigure\3.2.3\spring-boot-autoconfigure-3.2.3.jar;C:\Users\Abir12\.m2\repository\org\springframework\boot\spring-boot-starter-logging\3.2.3\spring-boot-starter-logging-3.2.3.jar;C:\Users\Abir12\.m2\repository\ch\qos\logback\logback-classic\1.4.14\logback-classic-1.4.14.jar;C:\Users\Abir12\.m2\repository\ch\qos\logback\logback-core\1.4.14\logback-core-1.4.14.jar;C:\Users\Abir12\.m2\repository\org\apache\logging\log4j\log4j-to-slf4j\2.21.1\log4j-to-slf4j-2.21.1.jar;C:\Users\Abir12\.m2\repository\org\apache\logging\log4j\log4j-api\2.21.1\log4j-api-2.21.1.jar;C:\Users\Abir12\.m2\repository\org\slf4j\jul-to-slf4j\2.0.12\jul-to-slf4j-2.0.12.jar;C:\Users\Abir12\.m2\repository\jakarta\annotation\jakarta.annotation-api\2.1.1\jakarta.annotation-api-2.1.1.jar;C:\Users\Abir12\.m2\repository\org\springframework\spring-core\6.1.4\spring-core-6.1.4.jar;C:\Users\Abir12\.m2\repository\org\springframework\spring-jcl\6.1.4\spring-jcl-6.1.4.jar;C:\Users\Abir12\.m2\repository\org\yaml\snakeyaml\2.2\snakeyaml-2.2.jar;C:\Users\Abir12\.m2\repository\org\springframework\boot\spring-boot-starter-json\3.2.3\spring-boot-starter-json-3.2.3.jar;C:\Users\Abir12\.m2\repository\com\fasterxml\jackson\core\jackson-databind\2.15.4\jackson-databind-2.15.4.jar;C:\Users\Abir12\.m2\repository\com\fasterxml\jackson\core\jackson-annotations\2.15.4\jackson-annotations-2.15.4.jar;C:\Users\Abir12\.m2\repository\com\fasterxml\jackson\core\jackson-core\2.15.4\jackson-core-2.15.4.jar;C:\Users\Abir12\.m2\repository\com\fasterxml\jackson\dataty
Launcher Type: SUN_STANDARD

[Global flags]
     intx CICompilerCount                          = 4                                         {product} {ergonomic}
     uint ConcGCThreads                            = 2                                         {product} {ergonomic}
     uint G1ConcRefinementThreads                  = 8                                         {product} {ergonomic}
   size_t G1HeapRegionSize                         = 4194304                                   {product} {ergonomic}
    uintx GCDrainStackTargetSize                   = 64                                        {product} {ergonomic}
   size_t InitialHeapSize                          = 536870912                                 {product} {ergonomic}
   size_t MarkStackSize                            = 4194304                                   {product} {ergonomic}
   size_t MaxHeapSize                              = 8531214336                                {product} {ergonomic}
   size_t MaxNewSize                               = 5117050880                                {product} {ergonomic}
   size_t MinHeapDeltaBytes                        = 4194304                                   {product} {ergonomic}
   size_t MinHeapSize                              = 8388608                                   {product} {ergonomic}
    uintx NonNMethodCodeHeapSize                   = 5839372                                {pd product} {ergonomic}
    uintx NonProfiledCodeHeapSize                  = 122909434                              {pd product} {ergonomic}
    uintx ProfiledCodeHeapSize                     = 122909434                              {pd product} {ergonomic}
    uintx ReservedCodeCacheSize                    = 251658240                              {pd product} {ergonomic}
     bool SegmentedCodeCache                       = true                                      {product} {ergonomic}
   size_t SoftMaxHeapSize                          = 8531214336                             {manageable} {ergonomic}
     bool UseCompressedClassPointers               = true                           {product lp64_product} {ergonomic}
     bool UseCompressedOops                        = true                           {product lp64_product} {ergonomic}
     bool UseG1GC                                  = true                                      {product} {ergonomic}
     bool UseLargePagesIndividualAllocation        = false                                  {pd product} {ergonomic}

Logging:
Log output configuration:
 #0: stdout all=off uptime,level,tags
 #1: stderr all=off uptime,level,tags

Environment Variables:
PATH=C:\Program Files\Common Files\Oracle\Java\javapath;C:\oraclexe\app\oracle\product\11.2.0\server\bin;C:\oraclexe\app\oracle\product\11.2.0\server\bin;C:\WINDOWS\system32;C:\WINDOWS;C:\WINDOWS\System32\Wbem;C:\WINDOWS\System32\WindowsPowerShell\v1.0\;C:\WINDOWS\System32\OpenSSH\;C:\Strawberry\c\bin;C:\Strawberry\perl\site\bin;C:\Strawberry\perl\bin;C:\oraclexe\app\app\oracle\admin\XE;C:\oraclexe;C:\instantclient12_2;C:\instantclient12_2;C:\oraclexe;C:\oraclexe\app\app\oracle\product\11.2.0\server\bin;C:\oraclexe\app\app\oracle\admin\XE;C:\xampp\php;C:\composer;C:\Users\Abir12\Desktop\apache-maven-3.8.8\bin;C:\Program Files\Git\cmd;C:\Users\Abir12\scoop\shims;C:\Users\Abir12\AppData\Local\Microsoft\WindowsApps;C:\Users\Abir12\AppData\Local\Programs\Microsoft VS Code\bin;C:\Program Files\Java\jdk-17\bin;C:\Users\Abir12\AppData\Roaming\Composer\vendor\bin;C:\Users\Abir12\Desktop\IntelliJ IDEA 2024.3.5\bin;;C:\Users\Abir12\Desktop\cursor\resources\app\bin
USERNAME=Abir12
OS=Windows_NT
PROCESSOR_IDENTIFIER=Intel64 Family 6 Model 140 Stepping 1, GenuineIntel



---------------  S Y S T E M  ---------------

OS:
 Windows 11 , 64 bit Build 22621 (10.0.22621.5124)
OS uptime: 0 days 12:39 hours

CPU: total 8 (initial active 8) (4 cores per cpu, 2 threads per core) family 6 model 140 stepping 1 microcode 0x9a, cx8, cmov, fxsr, ht, mmx, 3dnowpref, sse, sse2, sse3, ssse3, sse4.1, sse4.2, popcnt, lzcnt, tsc, tscinvbit, avx, avx2, aes, erms, clmul, bmi1, bmi2, adx, avx512f, avx512dq, avx512cd, avx512bw, avx512vl, sha, fma, vzeroupper, avx512_vpopcntdq, avx512_vpclmulqdq, avx512_vaes, avx512_vnni, clflush, clflushopt, clwb, avx512_vbmi2, avx512_vbmi

Memory: 4k page, system-wide physical 32535M (12836M free)
TotalPageFile size 34583M (AvailPageFile size 9771M)
current process WorkingSet (physical memory assigned to process): 621M, peak: 693M
current process commit charge ("private bytes"): 709M, peak: 792M

vm_info: Java HotSpot(TM) 64-Bit Server VM (17.0.11+7-LTS-207) for windows-amd64 JRE (17.0.11+7-LTS-207), built on Mar 11 2024 19:01:50 by "mach5one" with MS VC++ 17.6 (VS2022)

END.
