#
# A fatal error has been detected by the Java Runtime Environment:
#
#  EXCEPTION_ACCESS_VIOLATION (0xc0000005) at pc=0x00007ffe66046a17, pid=7616, tid=45292
#
# JRE version: Java(TM) SE Runtime Environment (17.0.11+7) (build 17.0.11+7-LTS-207)
# Java VM: Java HotSpot(TM) 64-Bit Server VM (17.0.11+7-LTS-207, mixed mode, sharing, tiered, compressed oops, compressed class ptrs, g1 gc, windows-amd64)
# Problematic frame:
# C  [glass.dll+0x26a17]
#
# No core dump will be written. Minidumps are not enabled by default on client versions of Windows
#
# If you would like to submit a bug report, please visit:
#   https://bugreport.java.com/bugreport/crash.jsp
#

---------------  S U M M A R Y ------------

Command Line: -agentlib:jdwp=transport=dt_socket,address=127.0.0.1:59572,suspend=y,server=n --module-path=C:\Users\Abir12\Downloads\javafx-sdk-21.0.7\lib --add-modules=javafx.controls,javafx.fxml -agentpath:C:\Users\Abir12\AppData\Local\Temp\idea_libasyncProfiler_dll_temp_folder1592\libasyncProfiler.dll=version,jfr,event=wall,interval=10ms,cstack=no,file=C:\Users\Abir12\IdeaSnapshots\FxMain_2025_05_02_115123.jfr,dbghelppath=C:\Users\Abir12\AppData\Local\Temp\idea_dbghelp_dll_temp_folder1\dbghelp.dll,log=C:\Users\Abir12\AppData\Local\Temp\FxMain_2025_05_02_115123.jfr.log.txt,logLevel=DEBUG -javaagent:C:\Users\Abir12\AppData\Local\JetBrains\IntelliJIdea2024.3\captureAgent\debugger-agent.jar -Dkotlinx.coroutines.debug.enable.creation.stack.trace=false -Ddebugger.agent.enable.coroutines=true -Dkotlinx.coroutines.debug.enable.flows.stack.trace=true -Dkotlinx.coroutines.debug.enable.mutable.state.flows.stack.trace=true -Dfile.encoding=UTF-8 test.FxMain

Host: 11th Gen Intel(R) Core(TM) i7-1165G7 @ 2.80GHz, 8 cores, 31G,  Windows 11 , 64 bit Build 22621 (10.0.22621.5124)
Time: Fri May  2 11:58:54 2025 Afr. centrale Ouest elapsed time: 451.141094 seconds (0d 0h 7m 31s)

---------------  T H R E A D  ---------------

Current thread (0x00000298b49e03c0):  VMThread "VM Thread" [stack: 0x000000f6a3400000,0x000000f6a3500000] [id=45292]

Stack: [0x000000f6a3400000,0x000000f6a3500000],  sp=0x000000f6a34ff2f0,  free space=1020k
Native frames: (J=compiled Java code, j=interpreted, Vv=VM code, C=native code)
C  [glass.dll+0x26a17]


siginfo: EXCEPTION_ACCESS_VIOLATION (0xc0000005), reading address 0x0000000000000000


Registers:
RAX=0x0000000000000000, RBX=0x00000298ff39ba88, RCX=0x00000298b49e03c0, RDX=0x000000f6a34ff2f0
RSP=0x000000f6a34ff2f0, RBP=0x00000298fadf7248, RSI=0x000000f6a34ff3f8, RDI=0x00000298fadf7220
R8 =0x0000000000010002, R9 =0x00000298fadf7220, R10=0x85f13e9656da4870, R11=0x000000f6a34ff280
R12=0x00007ffe66044360, R13=0x00007ffe72b23240, R14=0x000059b49ff0840b, R15=0x00000298fadf7220
RIP=0x00007ffe66046a17, EFLAGS=0x0000000000010206


Register to memory mapping:

RIP=0x00007ffe66046a17 glass.dll
RAX=0x0 is NULL
RBX=0x00000298ff39ba88 is a global jni handle
RCX=0x00000298b49e03c0 points into unknown readable memory: 0x00007ffe72967fd8 | d8 7f 96 72 fe 7f 00 00
RDX=0x000000f6a34ff2f0 points into unknown readable memory: 0x0000000000000000 | 00 00 00 00 00 00 00 00
RSP=0x000000f6a34ff2f0 points into unknown readable memory: 0x0000000000000000 | 00 00 00 00 00 00 00 00
RBP=0x00000298fadf7248 points into unknown readable memory: 0x000059b49ff0840b | 0b 84 f0 9f b4 59 00 00
RSI=0x000000f6a34ff3f8 points into unknown readable memory: 0x000000f6a34ff3e0 | e0 f3 4f a3 f6 00 00 00
RDI=0x00000298fadf7220 points into unknown readable memory: 0x03ffaa84be03440b | 0b 44 03 be 84 aa ff 03
R8 =0x0000000000010002 is an unknown value
R9 =0x00000298fadf7220 points into unknown readable memory: 0x03ffaa84be03440b | 0b 44 03 be 84 aa ff 03
R10=0x85f13e9656da4870 is an unknown value
R11=0x000000f6a34ff280 points into unknown readable memory: 0x00000298fadf7220 | 20 72 df fa 98 02 00 00
R12=0x00007ffe66044360 glass.dll
R13=0x00007ffe72b23240 jvm.dll
R14=0x000059b49ff0840b is an unknown value
R15=0x00000298fadf7220 points into unknown readable memory: 0x03ffaa84be03440b | 0b 44 03 be 84 aa ff 03


Top of Stack: (sp=0x000000f6a34ff2f0)
0x000000f6a34ff2f0:   0000000000000000 000000f6a34ff3f8
0x000000f6a34ff300:   00007ffe72b23240 00007ffe66044360
0x000000f6a34ff310:   00000298fadf7228 00007ffeee5c3a93
0x000000f6a34ff320:   00000298fadf7220 0000029800000000
0x000000f6a34ff330:   00000298fadf7248 000000f6a34ff3f8
0x000000f6a34ff340:   fffffffffffffffe 0000000000000000
0x000000f6a34ff350:   0000000000000001 00007ffe66020000
0x000000f6a34ff360:   000000f6a34ff3e8 00007ffeee59042e
0x000000f6a34ff370:   0000000000000000 000000f6a34ff3f8
0x000000f6a34ff380:   000000f6a34ff6e0 0000000000000001
0x000000f6a34ff390:   0000000000000001 00007ffeee58dddd
0x000000f6a34ff3a0:   0000000000000000 00007ffe66043b59
0x000000f6a34ff3b0:   000000f6a34ff6e0 000000f6a34ff3e8
0x000000f6a34ff3c0:   fffffffffffffffe 00007ffeec850000
0x000000f6a34ff3d0:   00000298fe71e878 00007ffe660441ed
0x000000f6a34ff3e0:   00007ffe6605a008 00007ffe00000002 

Instructions: (pc=0x00007ffe66046a17)
0x00007ffe66046917:   8b 4d 58 e8 8d cf ff ff 48 8b 4d 60 e8 84 cf ff
0x00007ffe66046927:   ff 48 8b 95 80 00 00 00 48 8b 8d 18 01 00 00 e8
0x00007ffe66046937:   76 c4 ff ff 33 d2 33 c9 e8 cc e1 ff ff 90 48 89
0x00007ffe66046947:   54 24 10 55 48 83 ec 20 48 8b ea 48 b8 00 00 00
0x00007ffe66046957:   00 00 00 00 00 48 83 c4 20 5d c3 cc 40 55 48 8b
0x00007ffe66046967:   ea 48 8b 01 33 c9 81 38 05 00 00 c0 0f 94 c1 8b
0x00007ffe66046977:   c1 5d c3 cc 40 55 48 83 ec 20 48 8b ea 8a 4d 40
0x00007ffe66046987:   48 83 c4 20 5d e9 73 d3 ff ff cc 40 55 48 83 ec
0x00007ffe66046997:   20 48 8b ea 8a 4d 20 e8 61 d3 ff ff 90 48 83 c4
0x00007ffe660469a7:   20 5d c3 cc 40 55 48 83 ec 20 48 8b ea 48 83 c4
0x00007ffe660469b7:   20 5d e9 c2 d1 ff ff cc 40 55 48 83 ec 30 48 8b
0x00007ffe660469c7:   ea 48 8b 01 8b 10 48 89 4c 24 28 89 54 24 20 4c
0x00007ffe660469d7:   8d 0d 63 d6 ff ff 4c 8b 45 70 8b 55 68 48 8b 4d
0x00007ffe660469e7:   60 e8 03 d1 ff ff 90 48 83 c4 30 5d c3 cc cc cc
0x00007ffe660469f7:   cc cc cc cc cc cc cc cc cc 40 53 48 83 ec 20 48
0x00007ffe66046a07:   8b 1d fb 2f 01 00 48 85 db 74 16 e8 89 8f ff ff
0x00007ffe66046a17:   4c 8b 00 48 8b d3 48 8b c8 41 ff 90 b0 00 00 00
0x00007ffe66046a27:   90 48 83 c4 20 5b c3 cc cc 40 53 48 83 ec 20 48
0x00007ffe66046a37:   8b 1d 6b 31 01 00 48 85 db 74 57 b8 ff ff ff ff
0x00007ffe66046a47:   f0 0f c1 43 10 83 f8 01 75 3d 48 85 db 74 38 48
0x00007ffe66046a57:   8b 0b 48 85 c9 74 0d ff 15 44 08 00 00 48 c7 03
0x00007ffe66046a67:   00 00 00 00 48 8b 4b 08 48 85 c9 74 0d e8 33 ce
0x00007ffe66046a77:   ff ff 48 c7 43 08 00 00 00 00 ba 18 00 00 00 48
0x00007ffe66046a87:   8b cb e8 1e ce ff ff 48 c7 05 0f 31 01 00 00 00
0x00007ffe66046a97:   00 00 48 83 c4 20 5b c3 cc 40 53 48 83 ec 20 48
0x00007ffe66046aa7:   8b 1d db 30 01 00 48 85 db 74 57 b8 ff ff ff ff
0x00007ffe66046ab7:   f0 0f c1 43 10 83 f8 01 75 3d 48 85 db 74 38 48
0x00007ffe66046ac7:   8b 0b 48 85 c9 74 0d ff 15 d4 07 00 00 48 c7 03
0x00007ffe66046ad7:   00 00 00 00 48 8b 4b 08 48 85 c9 74 0d e8 c3 cd
0x00007ffe66046ae7:   ff ff 48 c7 43 08 00 00 00 00 ba 18 00 00 00 48
0x00007ffe66046af7:   8b cb e8 ae cd ff ff 48 c7 05 7f 30 01 00 00 00
0x00007ffe66046b07:   00 00 48 83 c4 20 5b c3 cc 40 53 48 83 ec 20 48 


Stack slot to memory mapping:
stack at sp + 0 slots: 0x0 is NULL
stack at sp + 1 slots: 0x000000f6a34ff3f8 points into unknown readable memory: 0x000000f6a34ff3e0 | e0 f3 4f a3 f6 00 00 00
stack at sp + 2 slots: 0x00007ffe72b23240 jvm.dll
stack at sp + 3 slots: 0x00007ffe66044360 glass.dll
stack at sp + 4 slots: 0x00000298fadf7228 points into unknown readable memory: 0x000059b49ff0840b | 0b 84 f0 9f b4 59 00 00
stack at sp + 5 slots: 0x00007ffeee5c3a93 ucrtbase.dll
stack at sp + 6 slots: 0x00000298fadf7220 points into unknown readable memory: 0x03ffaa84be03440b | 0b 44 03 be 84 aa ff 03
stack at sp + 7 slots: 0x0000029800000000 is an unknown value

VM_Operation (0x000000f6a2dff480): Exit, mode: safepoint, requested by thread 0x00000298841390c0


---------------  P R O C E S S  ---------------

Threads class SMR info:
_java_thread_list=0x0000029911ac0ad0, length=23, elements={
0x0000029887a1b9a0, 0x00000298b49e0e40, 0x00000298b49e1a00, 0x00000298b49fcde0,
0x00000298b49fd9a0, 0x00000298b4a02380, 0x00000298b4a02d40, 0x00000298b4a03ae0,
0x00000298b4a085a0, 0x00000298b4a144b0, 0x00000298b4af9600, 0x00000298faa0c8e0,
0x00000298fab53280, 0x00000298fc61a980, 0x00000298fc44f690, 0x00000298faa0d300,
0x00000298faa0c3d0, 0x00000298faa0e740, 0x00000298840c4e60, 0x00000298840c3f30,
0x0000029884d4d600, 0x00000298841390c0, 0x000002988413f600
}

Java Threads: ( => current thread )
  0x0000029887a1b9a0 JavaThread "main" [_thread_blocked, id=46604, stack(0x000000f6a2e00000,0x000000f6a2f00000)]
  0x00000298b49e0e40 JavaThread "Reference Handler" daemon [_thread_blocked, id=46936, stack(0x000000f6a3500000,0x000000f6a3600000)]
  0x00000298b49e1a00 JavaThread "Finalizer" daemon [_thread_blocked, id=40912, stack(0x000000f6a3600000,0x000000f6a3700000)]
  0x00000298b49fcde0 JavaThread "Signal Dispatcher" daemon [_thread_blocked, id=40348, stack(0x000000f6a3700000,0x000000f6a3800000)]
  0x00000298b49fd9a0 JavaThread "Attach Listener" daemon [_thread_blocked, id=27848, stack(0x000000f6a3800000,0x000000f6a3900000)]
  0x00000298b4a02380 JavaThread "Service Thread" daemon [_thread_blocked, id=47600, stack(0x000000f6a3900000,0x000000f6a3a00000)]
  0x00000298b4a02d40 JavaThread "Monitor Deflation Thread" daemon [_thread_blocked, id=41492, stack(0x000000f6a3a00000,0x000000f6a3b00000)]
  0x00000298b4a03ae0 JavaThread "C2 CompilerThread0" daemon [_thread_blocked, id=21804, stack(0x000000f6a3b00000,0x000000f6a3c00000)]
  0x00000298b4a085a0 JavaThread "C1 CompilerThread0" daemon [_thread_blocked, id=35880, stack(0x000000f6a3c00000,0x000000f6a3d00000)]
  0x00000298b4a144b0 JavaThread "Sweeper thread" daemon [_thread_blocked, id=28240, stack(0x000000f6a3d00000,0x000000f6a3e00000)]
  0x00000298b4af9600 JavaThread "Common-Cleaner" daemon [_thread_blocked, id=46348, stack(0x000000f6a3e00000,0x000000f6a3f00000)]
  0x00000298faa0c8e0 JavaThread "JDWP Event Helper Thread" daemon [_thread_blocked, id=16060, stack(0x000000f6a4200000,0x000000f6a4300000)]
  0x00000298fab53280 JavaThread "Notification Thread" daemon [_thread_blocked, id=5824, stack(0x000000f6a4400000,0x000000f6a4500000)]
  0x00000298fc61a980 JavaThread "InvokeLaterDispatcher" daemon [_thread_blocked, id=50340, stack(0x000000f6a4700000,0x000000f6a4800000)]
  0x00000298fc44f690 JavaThread "JavaFX Application Thread" [_thread_in_native, id=51536, stack(0x000000f6a4800000,0x000000f6a4900000)]
  0x00000298faa0d300 JavaThread "Thread-1" daemon [_thread_in_native, id=300, stack(0x000000f6a4c00000,0x000000f6a4d00000)]
  0x00000298faa0c3d0 JavaThread "JavaFX-Launcher" [_thread_blocked, id=45248, stack(0x000000f6a5400000,0x000000f6a5500000)]
  0x00000298faa0e740 JavaThread "mysql-cj-abandoned-connection-cleanup" daemon [_thread_blocked, id=43960, stack(0x000000f6a5500000,0x000000f6a5600000)]
  0x00000298840c4e60 JavaThread "Prism Font Disposer" daemon [_thread_blocked, id=53216, stack(0x000000f6a5900000,0x000000f6a5a00000)]
  0x00000298840c3f30 JavaThread "Cleaner-0" daemon [_thread_blocked, id=25072, stack(0x000000f6a5e00000,0x000000f6a5f00000)]
  0x0000029884d4d600 JavaThread "Java2D Disposer" daemon [_thread_blocked, id=29032, stack(0x000000f6a5d00000,0x000000f6a5e00000)]
  0x00000298841390c0 JavaThread "SIGINT handler" daemon [_thread_blocked, id=49072, stack(0x000000f6a2d00000,0x000000f6a2e00000)]
  0x000002988413f600 JavaThread "AWT-Shutdown" [_thread_blocked, id=50184, stack(0x000000f6a4b00000,0x000000f6a4c00000)]

Other Threads:
=>0x00000298b49e03c0 VMThread "VM Thread" [stack: 0x000000f6a3400000,0x000000f6a3500000] [id=45292]
  0x000002988f54bc50 GCTaskThread "GC Thread#0" [stack: 0x000000f6a2f00000,0x000000f6a3000000] [id=23016]
  0x00000298fc68c0b0 GCTaskThread "GC Thread#1" [stack: 0x000000f6a4d00000,0x000000f6a4e00000] [id=50676]
  0x00000298fb0a7630 GCTaskThread "GC Thread#2" [stack: 0x000000f6a4e00000,0x000000f6a4f00000] [id=41372]
  0x00000298fb5e60c0 GCTaskThread "GC Thread#3" [stack: 0x000000f6a4f00000,0x000000f6a5000000] [id=20060]
  0x00000298fc68eae0 GCTaskThread "GC Thread#4" [stack: 0x000000f6a5000000,0x000000f6a5100000] [id=11616]
  0x00000298fb5f15b0 GCTaskThread "GC Thread#5" [stack: 0x000000f6a5100000,0x000000f6a5200000] [id=52196]
  0x00000298fb5ffdc0 GCTaskThread "GC Thread#6" [stack: 0x000000f6a5200000,0x000000f6a5300000] [id=36788]
  0x00000298fc7ef4c0 GCTaskThread "GC Thread#7" [stack: 0x000000f6a5300000,0x000000f6a5400000] [id=10016]
  0x000002988f5f6240 ConcurrentGCThread "G1 Main Marker" terminated
  0x000002988f5f6b60 ConcurrentGCThread "G1 Conc#0" [stack: 0x000000f6a3100000,0x000000f6a3200000] [id=40684]
  0x00000298ff3b2dd0 ConcurrentGCThread "G1 Conc#1" [stack: 0x000000f6a5a00000,0x000000f6a5b00000] [id=36232]
  0x000002988f6b2e70 ConcurrentGCThread "G1 Refine#0" terminated
  0x00000298fe6ee1d0 ConcurrentGCThread "G1 Refine#1" terminated
  0x00000298fe6ee4c0 ConcurrentGCThread "G1 Refine#2" terminated
  0x00000298842c71d0 ConcurrentGCThread "G1 Refine#3" terminated
  0x00000298842c8950 ConcurrentGCThread "G1 Refine#4" terminated
  0x000002988f6b38a0 ConcurrentGCThread "G1 Service" terminated

Threads with active compile tasks:

VM state: at safepoint (shutting down)

VM Mutex/Monitor currently owned by a thread:  ([mutex/lock_event])
[0x000002988f526e00] Threads_lock - owner thread: 0x00000298b49e03c0
[0x000002988f527040] Heap_lock - owner thread: 0x00000298841390c0

Heap address: 0x0000000603800000, size: 8136 MB, Compressed Oops mode: Zero based, Oop shift amount: 3

CDS archive(s) mapped at: [0x00000298b5000000-0x00000298b5bd0000-0x00000298b5bd0000), size 12386304, SharedBaseAddress: 0x00000298b5000000, ArchiveRelocationMode: 1.
Compressed class space mapped at: 0x00000298b6000000-0x00000298f6000000, reserved size: 1073741824
Narrow klass base: 0x00000298b5000000, Narrow klass shift: 0, Narrow klass range: 0x100000000

GC Precious Log:
 CPUs: 8 total, 8 available
 Memory: 32535M
 Large Page Support: Disabled
 NUMA Support: Disabled
 Compressed Oops: Enabled (Zero based)
 Heap Region Size: 4M
 Heap Min Capacity: 8M
 Heap Initial Capacity: 512M
 Heap Max Capacity: 8136M
 Pre-touch: Disabled
 Parallel Workers: 8
 Concurrent Workers: 2
 Concurrent Refinement Workers: 8
 Periodic GC: Disabled

Heap:
 garbage-first heap   total 122880K, used 68728K [0x0000000603800000, 0x0000000800000000)
  region size 4096K, 6 young (24576K), 2 survivors (8192K)
 Metaspace       used 38511K, committed 38784K, reserved 1114112K
  class space    used 4918K, committed 5056K, reserved 1048576K

Heap Regions: E=young(eden), S=young(survivor), O=old, HS=humongous(starts), HC=humongous(continues), CS=collection set, F=free, OA=open archive, CA=closed archive, TAMS=top-at-mark-start (previous, next)
|   0|0x0000000603800000, 0x0000000603c00000, 0x0000000603c00000|100%| O|  |TAMS 0x0000000603c00000, 0x0000000603800000| Untracked 
|   1|0x0000000603c00000, 0x0000000604000000, 0x0000000604000000|100%| O|  |TAMS 0x0000000603c00000, 0x0000000603c00000| Untracked 
|   2|0x0000000604000000, 0x0000000604400000, 0x0000000604400000|100%| O|  |TAMS 0x0000000604400000, 0x0000000604000000| Untracked 
|   3|0x0000000604400000, 0x000000060471e000, 0x0000000604800000| 77%| O|  |TAMS 0x0000000604400000, 0x0000000604400000| Untracked 
|   4|0x0000000604800000, 0x0000000604c00000, 0x0000000604c00000|100%| O|  |TAMS 0x0000000604c00000, 0x0000000604800000| Untracked 
|   5|0x0000000604c00000, 0x0000000605000000, 0x0000000605000000|100%|HS|  |TAMS 0x0000000605000000, 0x0000000604c00000| Complete 
|   6|0x0000000605000000, 0x0000000605400000, 0x0000000605400000|100%| O|  |TAMS 0x0000000605400000, 0x0000000605000000| Untracked 
|   7|0x0000000605400000, 0x0000000605800000, 0x0000000605800000|100%| O|  |TAMS 0x0000000605800000, 0x0000000605400000| Untracked 
|   8|0x0000000605800000, 0x0000000605800000, 0x0000000605c00000|  0%| F|  |TAMS 0x0000000605800000, 0x0000000605800000| Untracked 
|   9|0x0000000605c00000, 0x0000000605c00000, 0x0000000606000000|  0%| F|  |TAMS 0x0000000605c00000, 0x0000000605c00000| Untracked 
|  10|0x0000000606000000, 0x0000000606000000, 0x0000000606400000|  0%| F|  |TAMS 0x0000000606000000, 0x0000000606000000| Untracked 
|  11|0x0000000606400000, 0x0000000606800000, 0x0000000606800000|100%|HS|  |TAMS 0x0000000606800000, 0x0000000606400000| Complete 
|  12|0x0000000606800000, 0x0000000606c00000, 0x0000000606c00000|100%| O|  |TAMS 0x0000000606c00000, 0x0000000606800000| Untracked 
|  13|0x0000000606c00000, 0x0000000607000000, 0x0000000607000000|100%| O|  |TAMS 0x0000000606c68a00, 0x0000000606c00000| Untracked 
|  14|0x0000000607000000, 0x0000000607400000, 0x0000000607400000|100%| O|  |TAMS 0x0000000607000000, 0x0000000607000000| Untracked 
|  15|0x0000000607400000, 0x0000000607400000, 0x0000000607800000|  0%| F|  |TAMS 0x0000000607400000, 0x0000000607400000| Untracked 
|  16|0x0000000607800000, 0x0000000607800000, 0x0000000607c00000|  0%| F|  |TAMS 0x0000000607800000, 0x0000000607800000| Untracked 
|  17|0x0000000607c00000, 0x0000000608000000, 0x0000000608000000|100%| S|CS|TAMS 0x0000000607c00000, 0x0000000607c00000| Complete 
|  18|0x0000000608000000, 0x0000000608400000, 0x0000000608400000|100%| S|CS|TAMS 0x0000000608000000, 0x0000000608000000| Complete 
|  19|0x0000000608400000, 0x0000000608400000, 0x0000000608800000|  0%| F|  |TAMS 0x0000000608400000, 0x0000000608400000| Untracked 
|  20|0x0000000608800000, 0x0000000608800000, 0x0000000608c00000|  0%| F|  |TAMS 0x0000000608800000, 0x0000000608800000| Untracked 
|  21|0x0000000608c00000, 0x0000000608c00000, 0x0000000609000000|  0%| F|  |TAMS 0x0000000608c00000, 0x0000000608c00000| Untracked 
|  22|0x0000000609000000, 0x0000000609000000, 0x0000000609400000|  0%| F|  |TAMS 0x0000000609000000, 0x0000000609000000| Untracked 
|  23|0x0000000609400000, 0x0000000609400000, 0x0000000609800000|  0%| F|  |TAMS 0x0000000609400000, 0x0000000609400000| Untracked 
|  24|0x0000000609800000, 0x0000000609800000, 0x0000000609c00000|  0%| F|  |TAMS 0x0000000609800000, 0x0000000609800000| Untracked 
|  25|0x0000000609c00000, 0x0000000609c00000, 0x000000060a000000|  0%| F|  |TAMS 0x0000000609c00000, 0x0000000609c00000| Untracked 
|  26|0x000000060a000000, 0x000000060a20b910, 0x000000060a400000| 51%| E|  |TAMS 0x000000060a000000, 0x000000060a000000| Complete 
| 114|0x0000000620000000, 0x0000000620400000, 0x0000000620400000|100%| E|CS|TAMS 0x0000000620000000, 0x0000000620000000| Complete 
| 115|0x0000000620400000, 0x0000000620800000, 0x0000000620800000|100%| E|CS|TAMS 0x0000000620400000, 0x0000000620400000| Complete 
| 127|0x0000000623400000, 0x0000000623800000, 0x0000000623800000|100%| E|CS|TAMS 0x0000000623400000, 0x0000000623400000| Complete 

Card table byte_map: [0x00000298a0160000,0x00000298a1150000] _byte_map_base: 0x000002989d144000

Marking Bits (Prev, Next): (CMBitMap*) 0x000002988f5e58b0, (CMBitMap*) 0x000002988f5e58f0
 Prev Bits: [0x00000298a2140000, 0x00000298aa060000)
 Next Bits: [0x00000298aa060000, 0x00000298b1f80000)

Polling page: 0x00000298859f0000

Metaspace:

Usage:
  Non-class:     32.81 MB used.
      Class:      4.80 MB used.
       Both:     37.61 MB used.

Virtual space:
  Non-class space:       64.00 MB reserved,      32.94 MB ( 51%) committed,  1 nodes.
      Class space:        1.00 GB reserved,       4.94 MB ( <1%) committed,  1 nodes.
             Both:        1.06 GB reserved,      37.88 MB (  3%) committed. 

Chunk freelists:
   Non-Class:  14.20 MB
       Class:  10.91 MB
        Both:  25.11 MB

MaxMetaspaceSize: unlimited
CompressedClassSpaceSize: 1.00 GB
Initial GC threshold: 21.00 MB
Current GC threshold: 45.56 MB
CDS: on
MetaspaceReclaimPolicy: balanced
 - commit_granule_bytes: 65536.
 - commit_granule_words: 8192.
 - virtual_space_node_default_size: 8388608.
 - enlarge_chunks_in_place: 1.
 - new_chunks_are_fully_committed: 0.
 - uncommit_free_chunks: 1.
 - use_allocation_guard: 0.
 - handle_deallocations: 1.


Internal statistics:

num_allocs_failed_limit: 3.
num_arena_births: 326.
num_arena_deaths: 0.
num_vsnodes_births: 2.
num_vsnodes_deaths: 0.
num_space_committed: 606.
num_space_uncommitted: 0.
num_chunks_returned_to_freelist: 3.
num_chunks_taken_from_freelist: 1287.
num_chunk_merges: 3.
num_chunk_splits: 907.
num_chunks_enlarged: 696.
num_inconsistent_stats: 0.

CodeHeap 'non-profiled nmethods': size=120000Kb used=7227Kb max_used=7227Kb free=112772Kb
 bounds [0x00000298971b0000, 0x00000298978f0000, 0x000002989e6e0000]
CodeHeap 'profiled nmethods': size=120000Kb used=17180Kb max_used=17180Kb free=102819Kb
 bounds [0x000002988f6e0000, 0x00000298907b0000, 0x0000029896c10000]
CodeHeap 'non-nmethods': size=5760Kb used=1655Kb max_used=1785Kb free=4104Kb
 bounds [0x0000029896c10000, 0x0000029896e80000, 0x00000298971b0000]
 total_blobs=7726 nmethods=6760 adapters=877
 compilation: enabled
              stopped_count=0, restarted_count=0
 full_count=0

Compilation events (20 events):
Event: 438.990 Thread 0x00000298b4a085a0 8212       3       javafx.scene.Scene::processGestureEvent (253 bytes)
Event: 438.990 Thread 0x00000298b4a085a0 nmethod 8212 0x000002989079d210 code [0x000002989079d5a0, 0x000002989079f348]
Event: 438.990 Thread 0x00000298b4a085a0 8213       3       javafx.scene.control.skin.ScrollPaneSkin$$Lambda$706/0x00000298b634fab8::handle (12 bytes)
Event: 438.991 Thread 0x00000298b4a085a0 nmethod 8213 0x000002988ffdd510 code [0x000002988ffdd6c0, 0x000002988ffdd908]
Event: 438.991 Thread 0x00000298b4a085a0 8214       3       javafx.scene.control.skin.ScrollPaneSkin::lambda$initialize$20 (517 bytes)
Event: 438.992 Thread 0x00000298b4a085a0 nmethod 8214 0x00000298907a0090 code [0x00000298907a07c0, 0x00000298907a4f58]
Event: 438.995 Thread 0x00000298b4a085a0 8215       3       com.sun.javafx.tk.quantum.QuantumToolkit::imageContains (256 bytes)
Event: 438.996 Thread 0x00000298b4a085a0 nmethod 8215 0x00000298907a7b90 code [0x00000298907a7e60, 0x00000298907a90e8]
Event: 438.996 Thread 0x00000298b4a085a0 8216       3       com.sun.prism.Image::getBytesPerPixelUnit (8 bytes)
Event: 438.996 Thread 0x00000298b4a085a0 nmethod 8216 0x000002988ffdd010 code [0x000002988ffdd1a0, 0x000002988ffdd358]
Event: 442.462 Thread 0x00000298b4a085a0 8217       3       javafx.animation.Animation::isStopped (16 bytes)
Event: 442.462 Thread 0x00000298b4a085a0 nmethod 8217 0x000002988ffdc890 code [0x000002988ffdca60, 0x000002988ffdce48]
Event: 442.462 Thread 0x00000298b4a085a0 8218       3       javafx.animation.Animation::isAutoReverse (19 bytes)
Event: 442.462 Thread 0x00000298b4a085a0 nmethod 8218 0x000002988ffdbf90 code [0x000002988ffdc140, 0x000002988ffdc4c8]
Event: 442.624 Thread 0x00000298b4a085a0 8219       3       javafx.animation.Animation$AnimationReadOnlyProperty::set (10 bytes)
Event: 442.624 Thread 0x00000298b4a085a0 nmethod 8219 0x00000298907a9c10 code [0x00000298907a9dc0, 0x00000298907aa188]
Event: 442.625 Thread 0x00000298b4a085a0 8220       3       javafx.animation.Animation::syncClipEnvelope (56 bytes)
Event: 442.625 Thread 0x00000298b4a085a0 nmethod 8220 0x00000298907aa390 code [0x00000298907aa5e0, 0x00000298907ab2b8]
Event: 442.625 Thread 0x00000298b4a085a0 8221       3       com.sun.scenario.animation.shared.ClipEnvelope::updateCycleTicks (9 bytes)
Event: 442.625 Thread 0x00000298b4a085a0 nmethod 8221 0x00000298907ab990 code [0x00000298907abb60, 0x00000298907abda8]

GC Heap History (20 events):
Event: 9.723 GC heap before
{Heap before GC invocations=4 (full 0):
 garbage-first heap   total 122880K, used 78760K [0x0000000603800000, 0x0000000800000000)
  region size 4096K, 16 young (65536K), 2 survivors (8192K)
 Metaspace       used 27205K, committed 27520K, reserved 1114112K
  class space    used 3613K, committed 3776K, reserved 1048576K
}
Event: 9.729 GC heap after
{Heap after GC invocations=5 (full 0):
 garbage-first heap   total 122880K, used 39335K [0x0000000603800000, 0x0000000800000000)
  region size 4096K, 3 young (12288K), 3 survivors (12288K)
 Metaspace       used 27205K, committed 27520K, reserved 1114112K
  class space    used 3613K, committed 3776K, reserved 1048576K
}
Event: 9.742 GC heap before
{Heap before GC invocations=5 (full 0):
 garbage-first heap   total 122880K, used 39335K [0x0000000603800000, 0x0000000800000000)
  region size 4096K, 4 young (16384K), 3 survivors (12288K)
 Metaspace       used 27211K, committed 27520K, reserved 1114112K
  class space    used 3613K, committed 3776K, reserved 1048576K
}
Event: 9.748 GC heap after
{Heap after GC invocations=6 (full 0):
 garbage-first heap   total 122880K, used 42539K [0x0000000603800000, 0x0000000800000000)
  region size 4096K, 1 young (4096K), 1 survivors (4096K)
 Metaspace       used 27211K, committed 27520K, reserved 1114112K
  class space    used 3613K, committed 3776K, reserved 1048576K
}
Event: 13.021 GC heap before
{Heap before GC invocations=6 (full 0):
 garbage-first heap   total 122880K, used 79403K [0x0000000603800000, 0x0000000800000000)
  region size 4096K, 9 young (36864K), 1 survivors (4096K)
 Metaspace       used 27610K, committed 27904K, reserved 1114112K
  class space    used 3620K, committed 3776K, reserved 1048576K
}
Event: 13.024 GC heap after
{Heap after GC invocations=7 (full 0):
 garbage-first heap   total 122880K, used 61858K [0x0000000603800000, 0x0000000800000000)
  region size 4096K, 2 young (8192K), 2 survivors (8192K)
 Metaspace       used 27610K, committed 27904K, reserved 1114112K
  class space    used 3620K, committed 3776K, reserved 1048576K
}
Event: 52.193 GC heap before
{Heap before GC invocations=7 (full 0):
 garbage-first heap   total 122880K, used 82338K [0x0000000603800000, 0x0000000800000000)
  region size 4096K, 7 young (28672K), 2 survivors (8192K)
 Metaspace       used 27696K, committed 27968K, reserved 1114112K
  class space    used 3620K, committed 3776K, reserved 1048576K
}
Event: 52.195 GC heap after
{Heap after GC invocations=8 (full 0):
 garbage-first heap   total 122880K, used 60238K [0x0000000603800000, 0x0000000800000000)
  region size 4096K, 1 young (4096K), 1 survivors (4096K)
 Metaspace       used 27696K, committed 27968K, reserved 1114112K
  class space    used 3620K, committed 3776K, reserved 1048576K
}
Event: 56.918 GC heap before
{Heap before GC invocations=9 (full 0):
 garbage-first heap   total 122880K, used 80718K [0x0000000603800000, 0x0000000800000000)
  region size 4096K, 7 young (28672K), 1 survivors (4096K)
 Metaspace       used 27797K, committed 28096K, reserved 1114112K
  class space    used 3625K, committed 3776K, reserved 1048576K
}
Event: 56.920 GC heap after
{Heap after GC invocations=10 (full 0):
 garbage-first heap   total 122880K, used 56327K [0x0000000603800000, 0x0000000800000000)
  region size 4096K, 1 young (4096K), 1 survivors (4096K)
 Metaspace       used 27797K, committed 28096K, reserved 1114112K
  class space    used 3625K, committed 3776K, reserved 1048576K
}
Event: 56.982 GC heap before
{Heap before GC invocations=10 (full 0):
 garbage-first heap   total 122880K, used 60423K [0x0000000603800000, 0x0000000800000000)
  region size 4096K, 2 young (8192K), 1 survivors (4096K)
 Metaspace       used 28136K, committed 28416K, reserved 1114112K
  class space    used 3701K, committed 3840K, reserved 1048576K
}
Event: 56.985 GC heap after
{Heap after GC invocations=11 (full 0):
 garbage-first heap   total 122880K, used 48592K [0x0000000603800000, 0x0000000800000000)
  region size 4096K, 1 young (4096K), 1 survivors (4096K)
 Metaspace       used 28136K, committed 28416K, reserved 1114112K
  class space    used 3701K, committed 3840K, reserved 1048576K
}
Event: 59.109 GC heap before
{Heap before GC invocations=11 (full 0):
 garbage-first heap   total 122880K, used 48592K [0x0000000603800000, 0x0000000800000000)
  region size 4096K, 2 young (8192K), 1 survivors (4096K)
 Metaspace       used 29888K, committed 30080K, reserved 1114112K
  class space    used 3867K, committed 3968K, reserved 1048576K
}
Event: 59.110 GC heap after
{Heap after GC invocations=12 (full 0):
 garbage-first heap   total 122880K, used 48734K [0x0000000603800000, 0x0000000800000000)
  region size 4096K, 1 young (4096K), 1 survivors (4096K)
 Metaspace       used 29888K, committed 30080K, reserved 1114112K
  class space    used 3867K, committed 3968K, reserved 1048576K
}
Event: 78.841 GC heap before
{Heap before GC invocations=12 (full 0):
 garbage-first heap   total 122880K, used 85598K [0x0000000603800000, 0x0000000800000000)
  region size 4096K, 10 young (40960K), 1 survivors (4096K)
 Metaspace       used 36296K, committed 36544K, reserved 1114112K
  class space    used 4610K, committed 4736K, reserved 1048576K
}
Event: 78.844 GC heap after
{Heap after GC invocations=13 (full 0):
 garbage-first heap   total 122880K, used 50387K [0x0000000603800000, 0x0000000800000000)
  region size 4096K, 1 young (4096K), 1 survivors (4096K)
 Metaspace       used 36296K, committed 36544K, reserved 1114112K
  class space    used 4610K, committed 4736K, reserved 1048576K
}
Event: 130.662 GC heap before
{Heap before GC invocations=13 (full 0):
 garbage-first heap   total 122880K, used 87251K [0x0000000603800000, 0x0000000800000000)
  region size 4096K, 10 young (40960K), 1 survivors (4096K)
 Metaspace       used 36415K, committed 36672K, reserved 1114112K
  class space    used 4610K, committed 4736K, reserved 1048576K
}
Event: 130.666 GC heap after
{Heap after GC invocations=14 (full 0):
 garbage-first heap   total 122880K, used 50995K [0x0000000603800000, 0x0000000800000000)
  region size 4096K, 1 young (4096K), 1 survivors (4096K)
 Metaspace       used 36415K, committed 36672K, reserved 1114112K
  class space    used 4610K, committed 4736K, reserved 1048576K
}
Event: 144.592 GC heap before
{Heap before GC invocations=14 (full 0):
 garbage-first heap   total 122880K, used 91955K [0x0000000603800000, 0x0000000800000000)
  region size 4096K, 11 young (45056K), 1 survivors (4096K)
 Metaspace       used 38117K, committed 38400K, reserved 1114112K
  class space    used 4884K, committed 4992K, reserved 1048576K
}
Event: 144.602 GC heap after
{Heap after GC invocations=15 (full 0):
 garbage-first heap   total 122880K, used 56440K [0x0000000603800000, 0x0000000800000000)
  region size 4096K, 2 young (8192K), 2 survivors (8192K)
 Metaspace       used 38117K, committed 38400K, reserved 1114112K
  class space    used 4884K, committed 4992K, reserved 1048576K
}

Deoptimization events (20 events):
Event: 157.655 Thread 0x00000298fc44f690 Uncommon trap: trap_request=0xffffffde fr.pc=0x00000298974d2374 relative=0x00000000000035f4
Event: 157.655 Thread 0x00000298fc44f690 Uncommon trap: reason=class_check action=maybe_recompile pc=0x00000298974d2374 method=javafx.scene.Node.buildEventDispatchChain(Ljavafx/event/EventDispatchChain;)Ljavafx/event/EventDispatchChain; @ 44 c2
Event: 157.655 Thread 0x00000298fc44f690 DEOPT PACKING pc=0x00000298974d2374 sp=0x000000f6a48f7390
Event: 157.655 Thread 0x00000298fc44f690 DEOPT UNPACKING pc=0x0000029896c65ba3 sp=0x000000f6a48f73c0 mode 2
Event: 157.662 Thread 0x00000298fc44f690 Uncommon trap: trap_request=0xffffffde fr.pc=0x00000298974d2374 relative=0x00000000000035f4
Event: 157.662 Thread 0x00000298fc44f690 Uncommon trap: reason=class_check action=maybe_recompile pc=0x00000298974d2374 method=javafx.scene.Node.buildEventDispatchChain(Ljavafx/event/EventDispatchChain;)Ljavafx/event/EventDispatchChain; @ 44 c2
Event: 157.662 Thread 0x00000298fc44f690 DEOPT PACKING pc=0x00000298974d2374 sp=0x000000f6a48f7390
Event: 157.662 Thread 0x00000298fc44f690 DEOPT UNPACKING pc=0x0000029896c65ba3 sp=0x000000f6a48f73c0 mode 2
Event: 450.506 Thread 0x00000298b49fcde0 Uncommon trap: trap_request=0xffffffc6 fr.pc=0x00000298976da3dc relative=0x000000000000071c
Event: 450.506 Thread 0x00000298b49fcde0 Uncommon trap: reason=bimorphic_or_optimized_type_check action=maybe_recompile pc=0x00000298976da3dc method=java.util.Hashtable.get(Ljava/lang/Object;)Ljava/lang/Object; @ 6 c2
Event: 450.506 Thread 0x00000298b49fcde0 DEOPT PACKING pc=0x00000298976da3dc sp=0x000000f6a37ff0c0
Event: 450.506 Thread 0x00000298b49fcde0 DEOPT UNPACKING pc=0x0000029896c65ba3 sp=0x000000f6a37ff080 mode 2
Event: 450.507 Thread 0x000002988413b940 DEOPT PACKING pc=0x000002988f93e3cc sp=0x000000f6a41ff4e0
Event: 450.507 Thread 0x000002988413b940 DEOPT UNPACKING pc=0x0000029896c666e3 sp=0x000000f6a41fe940 mode 1
Event: 450.507 Thread 0x00000298fb4289b0 DEOPT PACKING pc=0x00000298903e5f44 sp=0x000000f6a46fee30
Event: 450.507 Thread 0x00000298fb4289b0 DEOPT UNPACKING pc=0x0000029896c666e3 sp=0x000000f6a46fe350 mode 1
Event: 450.507 Thread 0x00000298fb4289b0 DEOPT PACKING pc=0x00000298905f747c sp=0x000000f6a46fef20
Event: 450.507 Thread 0x00000298fb4289b0 DEOPT UNPACKING pc=0x0000029896c666e3 sp=0x000000f6a46fe468 mode 1
Event: 450.507 Thread 0x00000298fb4289b0 DEOPT PACKING pc=0x00000298905f541c sp=0x000000f6a46ff030
Event: 450.507 Thread 0x00000298fb4289b0 DEOPT UNPACKING pc=0x0000029896c666e3 sp=0x000000f6a46fe4f0 mode 1

Classes unloaded (0 events):
No events

Classes redefined (1 events):
Event: 0.258 Thread 0x00000298b49e03c0 redefined class name=java.lang.Throwable, count=1

Internal exceptions (20 events):
Event: 59.065 Thread 0x00000298fc44f690 Exception <a 'java/lang/NoSuchMethodError'{0x00000006236de680}: 'java.lang.Object java.lang.invoke.DirectMethodHandle$Holder.invokeStaticInit(java.lang.Object, int, int, int, int)'> (0x00000006236de680) 
thrown [s\open\src\hotspot\share\interpreter\linkResolver.cpp, line 759]
Event: 59.098 Thread 0x00000298fc44f690 Exception <a 'java/lang/NoSuchMethodError'{0x000000062378ed48}: 'java.lang.Object java.lang.invoke.DirectMethodHandle$Holder.invokeStaticInit(java.lang.Object, java.lang.Object, int, int, int, int)'> (0x000000062378ed48) 
thrown [s\open\src\hotspot\share\interpreter\linkResolver.cpp, line 759]
Event: 63.070 Thread 0x0000029884d508a0 Exception <a 'java/lang/NullPointerException'{0x000000062347e790}> (0x000000062347e790) 
thrown [s\open\src\hotspot\share\interpreter\linkResolver.cpp, line 1350]
Event: 64.287 Thread 0x0000029884d53120 Exception <a 'sun/nio/fs/WindowsException'{0x0000000620654920}> (0x0000000620654920) 
thrown [s\open\src\hotspot\share\prims\jni.cpp, line 516]
Event: 64.298 Thread 0x0000029884d53120 Exception <a 'java/lang/NoSuchMethodError'{0x000000062069be58}: 'int java.lang.invoke.DirectMethodHandle$Holder.invokeStaticInit(java.lang.Object, java.lang.Object, java.lang.Object, java.lang.Object)'> (0x000000062069be58) 
thrown [s\open\src\hotspot\share\interpreter\linkResolver.cpp, line 759]
Event: 64.298 Thread 0x0000029884d53120 Exception <a 'java/lang/IncompatibleClassChangeError'{0x00000006206a4fa0}: Found class java.lang.Object, but interface was expected> (0x00000006206a4fa0) 
thrown [s\open\src\hotspot\share\interpreter\linkResolver.cpp, line 826]
Event: 64.861 Thread 0x00000298fc44f690 Exception <a 'java/lang/NoSuchMethodError'{0x00000006204d0cf0}: 'java.lang.Object java.lang.invoke.DirectMethodHandle$Holder.invokeStaticInit(java.lang.Object, java.lang.Object, java.lang.Object)'> (0x00000006204d0cf0) 
thrown [s\open\src\hotspot\share\interpreter\linkResolver.cpp, line 759]
Event: 65.063 Thread 0x0000029884d512c0 Exception <a 'java/lang/NoSuchMethodError'{0x0000000609af7780}: 'void java.lang.invoke.DirectMethodHandle$Holder.invokeSpecial(java.lang.Object, java.lang.Object, int, int)'> (0x0000000609af7780) 
thrown [s\open\src\hotspot\share\interpreter\linkResolver.cpp, line 759]
Event: 65.064 Thread 0x0000029884d512c0 Exception <a 'java/lang/NoSuchMethodError'{0x0000000609afdd28}: 'java.lang.Object java.lang.invoke.DirectMethodHandle$Holder.newInvokeSpecial(java.lang.Object, java.lang.Object, int, int)'> (0x0000000609afdd28) 
thrown [s\open\src\hotspot\share\interpreter\linkResolver.cpp, line 759]
Event: 130.661 Thread 0x00000298fc44f690 Exception <a 'java/io/FileNotFoundException'{0x0000000608fc28d0}> (0x0000000608fc28d0) 
thrown [s\open\src\hotspot\share\prims\jni.cpp, line 516]
Event: 130.708 Thread 0x00000298fb4289b0 Implicit null exception at 0x0000029897621f2c to 0x0000029897621fc0
Event: 144.332 Thread 0x00000298fc44f690 Implicit null exception at 0x0000029897507c18 to 0x000002989750dc88
Event: 144.332 Thread 0x00000298fc44f690 Exception <a 'java/io/FileNotFoundException'{0x0000000609e300f8}> (0x0000000609e300f8) 
thrown [s\open\src\hotspot\share\prims\jni.cpp, line 516]
Event: 144.341 Thread 0x00000298fc44f690 Implicit null exception at 0x00000298973145fa to 0x00000298973146f1
Event: 148.753 Thread 0x00000298fc44f690 Exception <a 'java/lang/ClassNotFoundException'{0x0000000620557d38}: com/sun/javafx/scene/control/skin/resources/controls-nt> (0x0000000620557d38) 
thrown [s\open\src\hotspot\share\prims\jni.cpp, line 535]
Event: 148.753 Thread 0x00000298fc44f690 Exception <a 'java/lang/ClassNotFoundException'{0x0000000620561330}: com/sun/javafx/scene/control/skin/resources/controls-nt_fr> (0x0000000620561330) 
thrown [s\open\src\hotspot\share\prims\jni.cpp, line 535]
Event: 148.753 Thread 0x00000298fc44f690 Exception <a 'java/lang/ClassNotFoundException'{0x0000000620564270}: com/sun/javafx/scene/control/skin/resources/controls-nt_fr_FR> (0x0000000620564270) 
thrown [s\open\src\hotspot\share\prims\jni.cpp, line 535]
Event: 148.778 Thread 0x00000298fc44f690 Implicit null exception at 0x0000029897377990 to 0x00000298973779bd
Event: 148.783 Thread 0x00000298fc44f690 Implicit null exception at 0x00000298972a1210 to 0x00000298972a123d
Event: 149.928 Thread 0x00000298fc44f690 Implicit null exception at 0x000002989742848a to 0x000002989742952c

VM Operations (20 events):
Event: 158.780 Executing VM operation: Cleanup done
Event: 164.782 Executing VM operation: Cleanup
Event: 164.783 Executing VM operation: Cleanup done
Event: 166.783 Executing VM operation: Cleanup
Event: 166.783 Executing VM operation: Cleanup done
Event: 180.248 Executing VM operation: HandshakeAllThreads
Event: 180.248 Executing VM operation: HandshakeAllThreads done
Event: 336.431 Executing VM operation: Cleanup
Event: 336.431 Executing VM operation: Cleanup done
Event: 439.038 Executing VM operation: Cleanup
Event: 439.038 Executing VM operation: Cleanup done
Event: 443.080 Executing VM operation: Cleanup
Event: 443.080 Executing VM operation: Cleanup done
Event: 448.721 Executing VM operation: ChangeBreakpoints
Event: 448.721 Executing VM operation: ChangeBreakpoints done
Event: 448.722 Executing VM operation: ChangeBreakpoints
Event: 448.722 Executing VM operation: ChangeBreakpoints done
Event: 448.722 Executing VM operation: ChangeBreakpoints
Event: 448.722 Executing VM operation: ChangeBreakpoints done
Event: 450.610 Executing VM operation: Exit

Events (20 events):
Event: 441.982 loading class javafx/event/ActionEvent
Event: 441.982 loading class javafx/event/ActionEvent done
Event: 448.721 Thread 0x00000298faa0f670 Thread exited: 0x00000298faa0f670
Event: 448.726 Thread 0x00000298fa0da560 Thread exited: 0x00000298fa0da560
Event: 450.506 loading class jdk/internal/misc/Signal$1
Event: 450.506 loading class jdk/internal/misc/Signal$1 done
Event: 450.506 Thread 0x00000298841390c0 Thread added: 0x00000298841390c0
Event: 450.506 Thread 0x000002988413b940 Thread added: 0x000002988413b940
Event: 450.506 Thread 0x0000029884139ae0 Thread added: 0x0000029884139ae0
Event: 450.506 Thread 0x0000029884140020 Thread added: 0x0000029884140020
Event: 450.507 loading class com/sun/javafx/tk/quantum/QuantumRenderer
Event: 450.507 loading class com/sun/javafx/tk/quantum/QuantumRenderer done
Event: 450.507 Thread 0x000002988413f600 Thread added: 0x000002988413f600
Event: 450.507 loading class com/sun/javafx/tk/quantum/QuantumToolkit
Event: 450.507 loading class com/sun/javafx/tk/quantum/QuantumToolkit done
Event: 450.507 Thread 0x0000029884140020 Thread exited: 0x0000029884140020
Event: 450.507 Thread 0x000002988413b940 Thread exited: 0x000002988413b940
Event: 450.509 Thread 0x0000029884d4db10 Thread exited: 0x0000029884d4db10
Event: 450.519 Thread 0x00000298fb4289b0 Thread exited: 0x00000298fb4289b0
Event: 450.609 Thread 0x0000029884139ae0 Thread exited: 0x0000029884139ae0


Dynamic libraries:
0x00007ff6756e0000 - 0x00007ff6756f0000 	C:\Program Files\Java\jdk-17\bin\java.exe
0x00007ffef0c30000 - 0x00007ffef0e47000 	C:\WINDOWS\SYSTEM32\ntdll.dll
0x00007ffeef420000 - 0x00007ffeef4e4000 	C:\WINDOWS\System32\KERNEL32.DLL
0x00007ffeee190000 - 0x00007ffeee563000 	C:\WINDOWS\System32\KERNELBASE.dll
0x00007ffeee570000 - 0x00007ffeee681000 	C:\WINDOWS\System32\ucrtbase.dll
0x00007ffe98800000 - 0x00007ffe9881b000 	C:\Program Files\Java\jdk-17\bin\VCRUNTIME140.dll
0x00007ffebd4a0000 - 0x00007ffebd4b9000 	C:\Program Files\Java\jdk-17\bin\jli.dll
0x00007ffeefd50000 - 0x00007ffeefe01000 	C:\WINDOWS\System32\ADVAPI32.dll
0x00007ffef0b00000 - 0x00007ffef0ba7000 	C:\WINDOWS\System32\msvcrt.dll
0x00007ffef0a50000 - 0x00007ffef0af8000 	C:\WINDOWS\System32\sechost.dll
0x00007ffeee020000 - 0x00007ffeee048000 	C:\WINDOWS\System32\bcrypt.dll
0x00007ffeef870000 - 0x00007ffeef984000 	C:\WINDOWS\System32\RPCRT4.dll
0x00007ffeef0a0000 - 0x00007ffeef251000 	C:\WINDOWS\System32\USER32.dll
0x00007ffeee8a0000 - 0x00007ffeee8c6000 	C:\WINDOWS\System32\win32u.dll
0x00007ffef0bb0000 - 0x00007ffef0bd9000 	C:\WINDOWS\System32\GDI32.dll
0x00007ffeede00000 - 0x00007ffeedf1b000 	C:\WINDOWS\System32\gdi32full.dll
0x00007ffed1ed0000 - 0x00007ffed2168000 	C:\WINDOWS\WinSxS\amd64_microsoft.windows.common-controls_6595b64144ccf1df_6.0.22621.5124_none_270e8f4f7386d69d\COMCTL32.dll
0x00007ffeee800000 - 0x00007ffeee89a000 	C:\WINDOWS\System32\msvcp_win.dll
0x00007ffee93c0000 - 0x00007ffee93ca000 	C:\WINDOWS\SYSTEM32\VERSION.dll
0x00007ffeefe10000 - 0x00007ffeefe41000 	C:\WINDOWS\System32\IMM32.DLL
0x00007ffece530000 - 0x00007ffece53c000 	C:\Program Files\Java\jdk-17\bin\vcruntime140_1.dll
0x00007ffe8ee50000 - 0x00007ffe8eede000 	C:\Program Files\Java\jdk-17\bin\msvcp140.dll
0x00007ffe71fe0000 - 0x00007ffe72bc0000 	C:\Program Files\Java\jdk-17\bin\server\jvm.dll
0x00007ffef0be0000 - 0x00007ffef0be8000 	C:\WINDOWS\System32\PSAPI.DLL
0x00007ffee93d0000 - 0x00007ffee9404000 	C:\WINDOWS\SYSTEM32\WINMM.dll
0x00007ffece1f0000 - 0x00007ffece1f9000 	C:\WINDOWS\SYSTEM32\WSOCK32.dll
0x00007ffeeefb0000 - 0x00007ffeef021000 	C:\WINDOWS\System32\WS2_32.dll
0x00007ffeecd70000 - 0x00007ffeecd88000 	C:\WINDOWS\SYSTEM32\kernel.appcore.dll
0x00007ffecc780000 - 0x00007ffecc78a000 	C:\Program Files\Java\jdk-17\bin\jimage.dll
0x00007ffeeb8b0000 - 0x00007ffeebae2000 	C:\WINDOWS\SYSTEM32\DBGHELP.DLL
0x00007ffeef990000 - 0x00007ffeefd22000 	C:\WINDOWS\System32\combase.dll
0x00007ffeef6b0000 - 0x00007ffeef787000 	C:\WINDOWS\System32\OLEAUT32.dll
0x00007ffecb3a0000 - 0x00007ffecb3d2000 	C:\WINDOWS\SYSTEM32\dbgcore.DLL
0x00007ffeedf20000 - 0x00007ffeedf9b000 	C:\WINDOWS\System32\bcryptPrimitives.dll
0x00007ffe82160000 - 0x00007ffe8219b000 	C:\Program Files\Java\jdk-17\bin\jdwp.dll
0x00007ffe823b0000 - 0x00007ffe825be000 	C:\Users\Abir12\AppData\Local\Temp\idea_libasyncProfiler_dll_temp_folder1592\libasyncProfiler.dll
0x00007ffebf910000 - 0x00007ffebf91e000 	C:\Program Files\Java\jdk-17\bin\instrument.dll
0x00007ffe930b0000 - 0x00007ffe930d5000 	C:\Program Files\Java\jdk-17\bin\java.dll
0x00007ffe92cb0000 - 0x00007ffe92cc8000 	C:\Program Files\Java\jdk-17\bin\zip.dll
0x00007ffe89c70000 - 0x00007ffe89d47000 	C:\Program Files\Java\jdk-17\bin\jsvml.dll
0x00007ffeefff0000 - 0x00007ffef0886000 	C:\WINDOWS\System32\SHELL32.dll
0x00007ffeee050000 - 0x00007ffeee18f000 	C:\WINDOWS\System32\wintypes.dll
0x00007ffeebaf0000 - 0x00007ffeec40a000 	C:\WINDOWS\SYSTEM32\windows.storage.dll
0x00007ffef0940000 - 0x00007ffef0a4a000 	C:\WINDOWS\System32\SHCORE.dll
0x00007ffeeedd0000 - 0x00007ffeeee33000 	C:\WINDOWS\System32\shlwapi.dll
0x00007ffeedc70000 - 0x00007ffeedc9b000 	C:\WINDOWS\SYSTEM32\profapi.dll
0x00007ffe95b30000 - 0x00007ffe95b49000 	C:\Program Files\Java\jdk-17\bin\net.dll
0x00007ffeea180000 - 0x00007ffeea2ac000 	C:\WINDOWS\SYSTEM32\WINHTTP.dll
0x00007ffeed1f0000 - 0x00007ffeed25a000 	C:\WINDOWS\system32\mswsock.dll
0x00007ffe92cd0000 - 0x00007ffe92ce6000 	C:\Program Files\Java\jdk-17\bin\nio.dll
0x00007ffebf870000 - 0x00007ffebf87c000 	C:\Program Files\Java\jdk-17\bin\dt_socket.dll
0x00007ffeec7e0000 - 0x00007ffeec80d000 	C:\WINDOWS\SYSTEM32\IPHLPAPI.DLL
0x00000298b4f90000 - 0x00000298b4f93000 	C:\Users\Abir12\Downloads\javafx-sdk-21.0.7\bin\api-ms-win-core-console-l1-1-0.dll
0x00000298b4fa0000 - 0x00000298b4fa3000 	C:\Users\Abir12\Downloads\javafx-sdk-21.0.7\bin\api-ms-win-core-console-l1-2-0.dll
0x00000298b4fb0000 - 0x00000298b4fb3000 	C:\Users\Abir12\Downloads\javafx-sdk-21.0.7\bin\api-ms-win-core-datetime-l1-1-0.dll
0x00000298b4fc0000 - 0x00000298b4fc3000 	C:\Users\Abir12\Downloads\javafx-sdk-21.0.7\bin\api-ms-win-core-debug-l1-1-0.dll
0x00000298b4fd0000 - 0x00000298b4fd3000 	C:\Users\Abir12\Downloads\javafx-sdk-21.0.7\bin\api-ms-win-core-errorhandling-l1-1-0.dll
0x00000298b4fe0000 - 0x00000298b4fe4000 	C:\Users\Abir12\Downloads\javafx-sdk-21.0.7\bin\api-ms-win-core-file-l1-1-0.dll
0x00000298b4dd0000 - 0x00000298b4dd3000 	C:\Users\Abir12\Downloads\javafx-sdk-21.0.7\bin\api-ms-win-core-file-l1-2-0.dll
0x00000298b4de0000 - 0x00000298b4de3000 	C:\Users\Abir12\Downloads\javafx-sdk-21.0.7\bin\api-ms-win-core-file-l2-1-0.dll
0x00000298b4df0000 - 0x00000298b4df3000 	C:\Users\Abir12\Downloads\javafx-sdk-21.0.7\bin\api-ms-win-core-handle-l1-1-0.dll
0x00000298b4e00000 - 0x00000298b4e03000 	C:\Users\Abir12\Downloads\javafx-sdk-21.0.7\bin\api-ms-win-core-heap-l1-1-0.dll
0x00000298b4e10000 - 0x00000298b4e13000 	C:\Users\Abir12\Downloads\javafx-sdk-21.0.7\bin\api-ms-win-core-interlocked-l1-1-0.dll
0x00000298b4e20000 - 0x00000298b4e23000 	C:\Users\Abir12\Downloads\javafx-sdk-21.0.7\bin\api-ms-win-core-libraryloader-l1-1-0.dll
0x00000298b4e30000 - 0x00000298b4e33000 	C:\Users\Abir12\Downloads\javafx-sdk-21.0.7\bin\api-ms-win-core-localization-l1-2-0.dll
0x00000298b4e40000 - 0x00000298b4e43000 	C:\Users\Abir12\Downloads\javafx-sdk-21.0.7\bin\api-ms-win-core-memory-l1-1-0.dll
0x00000298b4e50000 - 0x00000298b4e53000 	C:\Users\Abir12\Downloads\javafx-sdk-21.0.7\bin\api-ms-win-core-namedpipe-l1-1-0.dll
0x00000298b4e60000 - 0x00000298b4e63000 	C:\Users\Abir12\Downloads\javafx-sdk-21.0.7\bin\api-ms-win-core-processenvironment-l1-1-0.dll
0x00000298b4f80000 - 0x00000298b4f83000 	C:\Users\Abir12\Downloads\javafx-sdk-21.0.7\bin\api-ms-win-core-processthreads-l1-1-0.dll
0x00000298b4ff0000 - 0x00000298b4ff3000 	C:\Users\Abir12\Downloads\javafx-sdk-21.0.7\bin\api-ms-win-core-processthreads-l1-1-1.dll
0x00000298fb7d0000 - 0x00000298fb7d3000 	C:\Users\Abir12\Downloads\javafx-sdk-21.0.7\bin\api-ms-win-core-profile-l1-1-0.dll
0x00000298fb7e0000 - 0x00000298fb7e3000 	C:\Users\Abir12\Downloads\javafx-sdk-21.0.7\bin\api-ms-win-core-rtlsupport-l1-1-0.dll
0x00000298fb7f0000 - 0x00000298fb7f3000 	C:\Users\Abir12\Downloads\javafx-sdk-21.0.7\bin\api-ms-win-core-string-l1-1-0.dll
0x00000298fb800000 - 0x00000298fb803000 	C:\Users\Abir12\Downloads\javafx-sdk-21.0.7\bin\api-ms-win-core-synch-l1-1-0.dll
0x00000298fb810000 - 0x00000298fb813000 	C:\Users\Abir12\Downloads\javafx-sdk-21.0.7\bin\api-ms-win-core-synch-l1-2-0.dll
0x00000298fb820000 - 0x00000298fb823000 	C:\Users\Abir12\Downloads\javafx-sdk-21.0.7\bin\api-ms-win-core-sysinfo-l1-1-0.dll
0x00000298fb830000 - 0x00000298fb833000 	C:\Users\Abir12\Downloads\javafx-sdk-21.0.7\bin\api-ms-win-core-timezone-l1-1-0.dll
0x00000298fb840000 - 0x00000298fb843000 	C:\Users\Abir12\Downloads\javafx-sdk-21.0.7\bin\api-ms-win-core-util-l1-1-0.dll
0x00000298fb850000 - 0x00000298fb853000 	C:\Users\Abir12\Downloads\javafx-sdk-21.0.7\bin\api-ms-win-crt-conio-l1-1-0.dll
0x00000298fb860000 - 0x00000298fb864000 	C:\Users\Abir12\Downloads\javafx-sdk-21.0.7\bin\api-ms-win-crt-convert-l1-1-0.dll
0x00000298fb870000 - 0x00000298fb873000 	C:\Users\Abir12\Downloads\javafx-sdk-21.0.7\bin\api-ms-win-crt-environment-l1-1-0.dll
0x00000298fb880000 - 0x00000298fb883000 	C:\Users\Abir12\Downloads\javafx-sdk-21.0.7\bin\api-ms-win-crt-filesystem-l1-1-0.dll
0x00000298fb890000 - 0x00000298fb893000 	C:\Users\Abir12\Downloads\javafx-sdk-21.0.7\bin\api-ms-win-crt-heap-l1-1-0.dll
0x00000298fb8a0000 - 0x00000298fb8a3000 	C:\Users\Abir12\Downloads\javafx-sdk-21.0.7\bin\api-ms-win-crt-locale-l1-1-0.dll
0x00000298fb8b0000 - 0x00000298fb8b5000 	C:\Users\Abir12\Downloads\javafx-sdk-21.0.7\bin\api-ms-win-crt-math-l1-1-0.dll
0x00000298fb8c0000 - 0x00000298fb8c5000 	C:\Users\Abir12\Downloads\javafx-sdk-21.0.7\bin\api-ms-win-crt-multibyte-l1-1-0.dll
0x00000298fb8d0000 - 0x00000298fb8e0000 	C:\Users\Abir12\Downloads\javafx-sdk-21.0.7\bin\api-ms-win-crt-private-l1-1-0.dll
0x00000298fb8e0000 - 0x00000298fb8e3000 	C:\Users\Abir12\Downloads\javafx-sdk-21.0.7\bin\api-ms-win-crt-process-l1-1-0.dll
0x00000298fb8f0000 - 0x00000298fb8f4000 	C:\Users\Abir12\Downloads\javafx-sdk-21.0.7\bin\api-ms-win-crt-runtime-l1-1-0.dll
0x00000298b4e70000 - 0x00000298b4e74000 	C:\Users\Abir12\Downloads\javafx-sdk-21.0.7\bin\api-ms-win-crt-stdio-l1-1-0.dll
0x00000298b4e80000 - 0x00000298b4e84000 	C:\Users\Abir12\Downloads\javafx-sdk-21.0.7\bin\api-ms-win-crt-string-l1-1-0.dll
0x00000298b4e90000 - 0x00000298b4e93000 	C:\Users\Abir12\Downloads\javafx-sdk-21.0.7\bin\api-ms-win-crt-time-l1-1-0.dll
0x00000298b4ea0000 - 0x00000298b4ea3000 	C:\Users\Abir12\Downloads\javafx-sdk-21.0.7\bin\api-ms-win-crt-utility-l1-1-0.dll
0x00007ffe660c0000 - 0x00007ffe661bc000 	C:\Users\Abir12\Downloads\javafx-sdk-21.0.7\bin\ucrtbase.dll
0x00007ffe92a40000 - 0x00007ffe92a5b000 	C:\Users\Abir12\Downloads\javafx-sdk-21.0.7\bin\vcruntime140.dll
0x00007ffebf6d0000 - 0x00007ffebf6dc000 	C:\Users\Abir12\Downloads\javafx-sdk-21.0.7\bin\vcruntime140_1.dll
0x00007ffe81ef0000 - 0x00007ffe81f7e000 	C:\Users\Abir12\Downloads\javafx-sdk-21.0.7\bin\msvcp140.dll
0x00007ffebf510000 - 0x00007ffebf519000 	C:\Users\Abir12\Downloads\javafx-sdk-21.0.7\bin\msvcp140_1.dll
0x00007ffe66070000 - 0x00007ffe660b1000 	C:\Users\Abir12\Downloads\javafx-sdk-21.0.7\bin\msvcp140_2.dll
0x00007ffe91210000 - 0x00007ffe91240000 	C:\Users\Abir12\Downloads\javafx-sdk-21.0.7\bin\prism_d3d.dll
0x00007ffe9b000000 - 0x00007ffe9b1a8000 	C:\WINDOWS\system32\d3d9.dll
0x00007ffeeb290000 - 0x00007ffeeb2be000 	C:\WINDOWS\SYSTEM32\dwmapi.dll
0x00007ffeeb0b0000 - 0x00007ffeeb0e7000 	C:\WINDOWS\SYSTEM32\dxcore.dll
0x00007ffeeae30000 - 0x00007ffeeaee3000 	C:\WINDOWS\system32\uxtheme.dll
0x00007ffeef270000 - 0x00007ffeef411000 	C:\WINDOWS\System32\ole32.dll
0x00007ffee4420000 - 0x00007ffee4469000 	C:\WINDOWS\SYSTEM32\directxdatabasehelper.dll
0x00007ffe66020000 - 0x00007ffe66062000 	C:\Users\Abir12\Downloads\javafx-sdk-21.0.7\bin\glass.dll
0x00007ffeefe50000 - 0x00007ffeeff53000 	C:\WINDOWS\System32\COMDLG32.dll
0x00007ffeeee50000 - 0x00007ffeeefb0000 	C:\WINDOWS\System32\MSCTF.dll
0x00007ffeec850000 - 0x00007ffeec952000 	C:\WINDOWS\SYSTEM32\DNSAPI.dll
0x00007ffeef790000 - 0x00007ffeef799000 	C:\WINDOWS\System32\NSI.dll
0x00007ffee6e00000 - 0x00007ffee6e0a000 	C:\Windows\System32\rasadhlp.dll
0x00007ffee6e10000 - 0x00007ffee6e93000 	C:\WINDOWS\System32\fwpuclnt.dll
0x00007ffe91f80000 - 0x00007ffe91f95000 	C:\Users\Abir12\Downloads\javafx-sdk-21.0.7\bin\javafx_font.dll
0x00007ffee78b0000 - 0x00007ffee7b23000 	C:\WINDOWS\SYSTEM32\dwrite.dll
0x00007ffef0890000 - 0x00007ffef0940000 	C:\WINDOWS\System32\clbcatq.dll
0x00007ffeeab80000 - 0x00007ffeead30000 	C:\WINDOWS\SYSTEM32\WindowsCodecs.dll
0x00007ffecdba0000 - 0x00007ffecdbfe000 	C:\WINDOWS\system32\dataexchange.dll
0x00007ffee6330000 - 0x00007ffee65d6000 	C:\WINDOWS\system32\twinapi.appcore.dll
0x00007ffe81db0000 - 0x00007ffe81de2000 	C:\Program Files\Common Files\Microsoft Shared\Ink\rtscom.dll
0x00007ffede0e0000 - 0x00007ffede224000 	C:\WINDOWS\SYSTEM32\textinputframework.dll
0x00007ffee8b50000 - 0x00007ffee8c85000 	C:\WINDOWS\SYSTEM32\CoreMessaging.dll
0x00007ffee3ea0000 - 0x00007ffee420c000 	C:\WINDOWS\SYSTEM32\CoreUIComponents.dll
0x00007ffeed4d0000 - 0x00007ffeed4dc000 	C:\WINDOWS\SYSTEM32\CRYPTBASE.DLL
0x00007ffec0850000 - 0x00007ffec08b9000 	C:\WINDOWS\system32\Oleacc.dll
0x00007ffede3e0000 - 0x00007ffede42b000 	C:\WINDOWS\system32\ApplicationTargetedFeatureDatabase.dll
0x00007ffecf0c0000 - 0x00007ffecf12b000 	C:\WINDOWS\system32\Ninput.dll
0x00007ffe5be60000 - 0x00007ffe5bff1000 	C:\Program Files\Java\jdk-17\bin\awt.dll

dbghelp: loaded successfully - version: 4.0.5 - missing functions: none
symbol engine: initialized successfully - sym options: 0x614 - pdb path: .;C:\Program Files\Java\jdk-17\bin;C:\WINDOWS\SYSTEM32;C:\WINDOWS\WinSxS\amd64_microsoft.windows.common-controls_6595b64144ccf1df_6.0.22621.5124_none_270e8f4f7386d69d;C:\Program Files\Java\jdk-17\bin\server;C:\Users\Abir12\AppData\Local\Temp\idea_libasyncProfiler_dll_temp_folder1592;C:\Users\Abir12\Downloads\javafx-sdk-21.0.7\bin;C:\WINDOWS\System32\DriverStore\FileRepository\iigd_dch.inf_amd64_757104785c02f4c4;C:\Program Files\Common Files\Microsoft Shared\Ink

VM Arguments:
jvm_args: -agentlib:jdwp=transport=dt_socket,address=127.0.0.1:59572,suspend=y,server=n --module-path=C:\Users\Abir12\Downloads\javafx-sdk-21.0.7\lib --add-modules=javafx.controls,javafx.fxml -agentpath:C:\Users\Abir12\AppData\Local\Temp\idea_libasyncProfiler_dll_temp_folder1592\libasyncProfiler.dll=version,jfr,event=wall,interval=10ms,cstack=no,file=C:\Users\Abir12\IdeaSnapshots\FxMain_2025_05_02_115123.jfr,dbghelppath=C:\Users\Abir12\AppData\Local\Temp\idea_dbghelp_dll_temp_folder1\dbghelp.dll,log=C:\Users\Abir12\AppData\Local\Temp\FxMain_2025_05_02_115123.jfr.log.txt,logLevel=DEBUG -javaagent:C:\Users\Abir12\AppData\Local\JetBrains\IntelliJIdea2024.3\captureAgent\debugger-agent.jar -Dkotlinx.coroutines.debug.enable.creation.stack.trace=false -Ddebugger.agent.enable.coroutines=true -Dkotlinx.coroutines.debug.enable.flows.stack.trace=true -Dkotlinx.coroutines.debug.enable.mutable.state.flows.stack.trace=true -Dfile.encoding=UTF-8 
java_command: test.FxMain
java_class_path (initial): C:\Users\Abir12\Desktop\artphoria\target\classes;C:\Users\Abir12\.m2\repository\org\springframework\boot\spring-boot-starter-web\3.2.3\spring-boot-starter-web-3.2.3.jar;C:\Users\Abir12\.m2\repository\org\springframework\boot\spring-boot-starter\3.2.3\spring-boot-starter-3.2.3.jar;C:\Users\Abir12\.m2\repository\org\springframework\boot\spring-boot\3.2.3\spring-boot-3.2.3.jar;C:\Users\Abir12\.m2\repository\org\springframework\boot\spring-boot-autoconfigure\3.2.3\spring-boot-autoconfigure-3.2.3.jar;C:\Users\Abir12\.m2\repository\org\springframework\boot\spring-boot-starter-logging\3.2.3\spring-boot-starter-logging-3.2.3.jar;C:\Users\Abir12\.m2\repository\ch\qos\logback\logback-classic\1.4.14\logback-classic-1.4.14.jar;C:\Users\Abir12\.m2\repository\ch\qos\logback\logback-core\1.4.14\logback-core-1.4.14.jar;C:\Users\Abir12\.m2\repository\org\apache\logging\log4j\log4j-to-slf4j\2.21.1\log4j-to-slf4j-2.21.1.jar;C:\Users\Abir12\.m2\repository\org\apache\logging\log4j\log4j-api\2.21.1\log4j-api-2.21.1.jar;C:\Users\Abir12\.m2\repository\org\slf4j\jul-to-slf4j\2.0.12\jul-to-slf4j-2.0.12.jar;C:\Users\Abir12\.m2\repository\jakarta\annotation\jakarta.annotation-api\2.1.1\jakarta.annotation-api-2.1.1.jar;C:\Users\Abir12\.m2\repository\org\springframework\spring-core\6.1.4\spring-core-6.1.4.jar;C:\Users\Abir12\.m2\repository\org\springframework\spring-jcl\6.1.4\spring-jcl-6.1.4.jar;C:\Users\Abir12\.m2\repository\org\yaml\snakeyaml\2.2\snakeyaml-2.2.jar;C:\Users\Abir12\.m2\repository\org\springframework\boot\spring-boot-starter-json\3.2.3\spring-boot-starter-json-3.2.3.jar;C:\Users\Abir12\.m2\repository\com\fasterxml\jackson\core\jackson-databind\2.15.4\jackson-databind-2.15.4.jar;C:\Users\Abir12\.m2\repository\com\fasterxml\jackson\core\jackson-annotations\2.15.4\jackson-annotations-2.15.4.jar;C:\Users\Abir12\.m2\repository\com\fasterxml\jackson\core\jackson-core\2.15.4\jackson-core-2.15.4.jar;C:\Users\Abir12\.m2\repository\com\fasterxml\jackson\dataty
Launcher Type: SUN_STANDARD

[Global flags]
     intx CICompilerCount                          = 4                                         {product} {ergonomic}
     uint ConcGCThreads                            = 2                                         {product} {ergonomic}
     uint G1ConcRefinementThreads                  = 8                                         {product} {ergonomic}
   size_t G1HeapRegionSize                         = 4194304                                   {product} {ergonomic}
    uintx GCDrainStackTargetSize                   = 64                                        {product} {ergonomic}
   size_t InitialHeapSize                          = 536870912                                 {product} {ergonomic}
   size_t MarkStackSize                            = 4194304                                   {product} {ergonomic}
   size_t MaxHeapSize                              = 8531214336                                {product} {ergonomic}
   size_t MaxNewSize                               = 5117050880                                {product} {ergonomic}
   size_t MinHeapDeltaBytes                        = 4194304                                   {product} {ergonomic}
   size_t MinHeapSize                              = 8388608                                   {product} {ergonomic}
    uintx NonNMethodCodeHeapSize                   = 5839372                                {pd product} {ergonomic}
    uintx NonProfiledCodeHeapSize                  = 122909434                              {pd product} {ergonomic}
    uintx ProfiledCodeHeapSize                     = 122909434                              {pd product} {ergonomic}
    uintx ReservedCodeCacheSize                    = 251658240                              {pd product} {ergonomic}
     bool SegmentedCodeCache                       = true                                      {product} {ergonomic}
   size_t SoftMaxHeapSize                          = 8531214336                             {manageable} {ergonomic}
     bool UseCompressedClassPointers               = true                           {product lp64_product} {ergonomic}
     bool UseCompressedOops                        = true                           {product lp64_product} {ergonomic}
     bool UseG1GC                                  = true                                      {product} {ergonomic}
     bool UseLargePagesIndividualAllocation        = false                                  {pd product} {ergonomic}

Logging:
Log output configuration:
 #0: stdout all=off uptime,level,tags
 #1: stderr all=off uptime,level,tags

Environment Variables:
PATH=C:\Program Files\Common Files\Oracle\Java\javapath;C:\oraclexe\app\oracle\product\11.2.0\server\bin;C:\oraclexe\app\oracle\product\11.2.0\server\bin;C:\WINDOWS\system32;C:\WINDOWS;C:\WINDOWS\System32\Wbem;C:\WINDOWS\System32\WindowsPowerShell\v1.0\;C:\WINDOWS\System32\OpenSSH\;C:\Strawberry\c\bin;C:\Strawberry\perl\site\bin;C:\Strawberry\perl\bin;C:\oraclexe\app\app\oracle\admin\XE;C:\oraclexe;C:\instantclient12_2;C:\Program Files\Git\cmd;C:\instantclient12_2;C:\oraclexe;C:\oraclexe\app\app\oracle\product\11.2.0\server\bin;C:\oraclexe\app\app\oracle\admin\XE;C:\xampp\php;C:\composer;C:\Users\Abir12\Desktop\apache-maven-3.8.8\bin;C:\Users\Abir12\scoop\shims;C:\Users\Abir12\AppData\Local\Microsoft\WindowsApps;C:\Users\Abir12\AppData\Local\Programs\Microsoft VS Code\bin;C:\Program Files\Java\jdk-17\bin;C:\Users\Abir12\AppData\Roaming\Composer\vendor\bin;C:\Users\Abir12\Desktop\IntelliJ IDEA 2024.3.5\bin;;C:\Users\Abir12\Desktop\cursor\resources\app\bin
USERNAME=Abir12
OS=Windows_NT
PROCESSOR_IDENTIFIER=Intel64 Family 6 Model 140 Stepping 1, GenuineIntel



---------------  S Y S T E M  ---------------

OS:
 Windows 11 , 64 bit Build 22621 (10.0.22621.5124)
OS uptime: 2 days 2:34 hours

CPU: total 8 (initial active 8) (4 cores per cpu, 2 threads per core) family 6 model 140 stepping 1 microcode 0x9a, cx8, cmov, fxsr, ht, mmx, 3dnowpref, sse, sse2, sse3, ssse3, sse4.1, sse4.2, popcnt, lzcnt, tsc, tscinvbit, avx, avx2, aes, erms, clmul, bmi1, bmi2, adx, avx512f, avx512dq, avx512cd, avx512bw, avx512vl, sha, fma, vzeroupper, avx512_vpopcntdq, avx512_vpclmulqdq, avx512_vaes, avx512_vnni, clflush, clflushopt, clwb, avx512_vbmi2, avx512_vbmi

Memory: 4k page, system-wide physical 32535M (15339M free)
TotalPageFile size 34583M (AvailPageFile size 15325M)
current process WorkingSet (physical memory assigned to process): 528M, peak: 689M
current process commit charge ("private bytes"): 573M, peak: 746M

vm_info: Java HotSpot(TM) 64-Bit Server VM (17.0.11+7-LTS-207) for windows-amd64 JRE (17.0.11+7-LTS-207), built on Mar 11 2024 19:01:50 by "mach5one" with MS VC++ 17.6 (VS2022)

END.
