#
# A fatal error has been detected by the Java Runtime Environment:
#
#  EXCEPTION_ACCESS_VIOLATION (0xc0000005) at pc=0x00007ffe76f66a17, pid=26104, tid=32976
#
# JRE version: Java(TM) SE Runtime Environment (17.0.11+7) (build 17.0.11+7-LTS-207)
# Java VM: Java HotSpot(TM) 64-Bit Server VM (17.0.11+7-LTS-207, mixed mode, sharing, tiered, compressed oops, compressed class ptrs, g1 gc, windows-amd64)
# Problematic frame:
# C  [glass.dll+0x26a17]
#
# No core dump will be written. Minidumps are not enabled by default on client versions of Windows
#
# If you would like to submit a bug report, please visit:
#   https://bugreport.java.com/bugreport/crash.jsp
#

---------------  S U M M A R Y ------------

Command Line: -agentlib:jdwp=transport=dt_socket,address=127.0.0.1:65056,suspend=y,server=n --module-path=C:\Users\Abir12\Downloads\javafx-sdk-21.0.7\lib --add-modules=javafx.controls,javafx.fxml -agentpath:C:\Users\Abir12\AppData\Local\Temp\idea_libasyncProfiler_dll_temp_folder10\libasyncProfiler.dll=version,jfr,event=wall,interval=10ms,cstack=no,file=C:\Users\Abir12\IdeaSnapshots\FxMain_2025_05_02_005057.jfr,dbghelppath=C:\Users\Abir12\AppData\Local\Temp\idea_dbghelp_dll_temp_folder1\dbghelp.dll,log=C:\Users\Abir12\AppData\Local\Temp\FxMain_2025_05_02_005057.jfr.log.txt,logLevel=DEBUG -javaagent:C:\Users\Abir12\AppData\Local\JetBrains\IntelliJIdea2024.3\captureAgent\debugger-agent.jar -Dkotlinx.coroutines.debug.enable.creation.stack.trace=false -Ddebugger.agent.enable.coroutines=true -Dkotlinx.coroutines.debug.enable.flows.stack.trace=true -Dkotlinx.coroutines.debug.enable.mutable.state.flows.stack.trace=true -Dfile.encoding=UTF-8 test.FxMain

Host: 11th Gen Intel(R) Core(TM) i7-1165G7 @ 2.80GHz, 8 cores, 31G,  Windows 11 , 64 bit Build 22621 (10.0.22621.5124)
Time: Fri May  2 00:51:46 2025 Afr. centrale Ouest elapsed time: 49.181371 seconds (0d 0h 0m 49s)

---------------  T H R E A D  ---------------

Current thread (0x000001e565f64a60):  VMThread "VM Thread" [stack: 0x000000dd34300000,0x000000dd34400000] [id=32976]

Stack: [0x000000dd34300000,0x000000dd34400000],  sp=0x000000dd343ff2e0,  free space=1020k
Native frames: (J=compiled Java code, j=interpreted, Vv=VM code, C=native code)
C  [glass.dll+0x26a17]


siginfo: EXCEPTION_ACCESS_VIOLATION (0xc0000005), reading address 0x0000000000000000


Registers:
RAX=0x0000000000000000, RBX=0x000001e5b4bb9ff0, RCX=0x000001e565f64a60, RDX=0x000000dd343ff2e0
RSP=0x000000dd343ff2e0, RBP=0x000001e5ac41e1a8, RSI=0x000000dd343ff3e8, RDI=0x000001e5ac41e180
R8 =0x0000000000010002, R9 =0x000001e5ac41e180, R10=0x85f13e9656da4870, R11=0x000000dd343ff270
R12=0x00007ffe76f64360, R13=0x00007ffe21263240, R14=0x0000be3bb568ff06, R15=0x000001e5ac41e180
RIP=0x00007ffe76f66a17, EFLAGS=0x0000000000010206


Register to memory mapping:

RIP=0x00007ffe76f66a17 glass.dll
RAX=0x0 is NULL
RBX=0x000001e5b4bb9ff0 is a global jni handle
RCX=0x000001e565f64a60 points into unknown readable memory: 0x00007ffe210a7fd8 | d8 7f 0a 21 fe 7f 00 00
RDX=0x000000dd343ff2e0 points into unknown readable memory: 0x0000000000000000 | 00 00 00 00 00 00 00 00
RSP=0x000000dd343ff2e0 points into unknown readable memory: 0x0000000000000000 | 00 00 00 00 00 00 00 00
RBP=0x000001e5ac41e1a8 points into unknown readable memory: 0x0000be3bb568ff06 | 06 ff 68 b5 3b be 00 00
RSI=0x000000dd343ff3e8 points into unknown readable memory: 0x000000dd343ff3d0 | d0 f3 3f 34 dd 00 00 00
RDI=0x000001e5ac41e180 points into unknown readable memory: 0x001f41a608e76106 | 06 61 e7 08 a6 41 1f 00
R8 =0x0000000000010002 is an unknown value
R9 =0x000001e5ac41e180 points into unknown readable memory: 0x001f41a608e76106 | 06 61 e7 08 a6 41 1f 00
R10=0x85f13e9656da4870 is an unknown value
R11=0x000000dd343ff270 points into unknown readable memory: 0x000001e5ac41e180 | 80 e1 41 ac e5 01 00 00
R12=0x00007ffe76f64360 glass.dll
R13=0x00007ffe21263240 jvm.dll
R14=0x0000be3bb568ff06 is an unknown value
R15=0x000001e5ac41e180 points into unknown readable memory: 0x001f41a608e76106 | 06 61 e7 08 a6 41 1f 00


Top of Stack: (sp=0x000000dd343ff2e0)
0x000000dd343ff2e0:   0000000000000000 000000dd343ff3e8
0x000000dd343ff2f0:   00007ffe21263240 00007ffe76f64360
0x000000dd343ff300:   000001e5ac41e188 00007ffeee5c3a93
0x000000dd343ff310:   000001e5ac41e180 000001e500000000
0x000000dd343ff320:   000001e5ac41e1a8 000000dd343ff3e8
0x000000dd343ff330:   fffffffffffffffe 0000000000000000
0x000000dd343ff340:   0000000000000001 00007ffe76f40000
0x000000dd343ff350:   000000dd343ff3d8 00007ffeee59042e
0x000000dd343ff360:   0000000000000000 000000dd343ff3e8
0x000000dd343ff370:   000000dd343ff6d0 0000000000000001
0x000000dd343ff380:   0000000000000001 00007ffeee58dddd
0x000000dd343ff390:   0000000000000000 00007ffe76f63b59
0x000000dd343ff3a0:   0000000000000000 000000dd343ff3d8
0x000000dd343ff3b0:   fffffffffffffffe 000000dd343ff600
0x000000dd343ff3c0:   0000000000000000 00007ffe76f641ed
0x000000dd343ff3d0:   00007ffe76f7a008 00007ffe00000002 

Instructions: (pc=0x00007ffe76f66a17)
0x00007ffe76f66917:   8b 4d 58 e8 8d cf ff ff 48 8b 4d 60 e8 84 cf ff
0x00007ffe76f66927:   ff 48 8b 95 80 00 00 00 48 8b 8d 18 01 00 00 e8
0x00007ffe76f66937:   76 c4 ff ff 33 d2 33 c9 e8 cc e1 ff ff 90 48 89
0x00007ffe76f66947:   54 24 10 55 48 83 ec 20 48 8b ea 48 b8 00 00 00
0x00007ffe76f66957:   00 00 00 00 00 48 83 c4 20 5d c3 cc 40 55 48 8b
0x00007ffe76f66967:   ea 48 8b 01 33 c9 81 38 05 00 00 c0 0f 94 c1 8b
0x00007ffe76f66977:   c1 5d c3 cc 40 55 48 83 ec 20 48 8b ea 8a 4d 40
0x00007ffe76f66987:   48 83 c4 20 5d e9 73 d3 ff ff cc 40 55 48 83 ec
0x00007ffe76f66997:   20 48 8b ea 8a 4d 20 e8 61 d3 ff ff 90 48 83 c4
0x00007ffe76f669a7:   20 5d c3 cc 40 55 48 83 ec 20 48 8b ea 48 83 c4
0x00007ffe76f669b7:   20 5d e9 c2 d1 ff ff cc 40 55 48 83 ec 30 48 8b
0x00007ffe76f669c7:   ea 48 8b 01 8b 10 48 89 4c 24 28 89 54 24 20 4c
0x00007ffe76f669d7:   8d 0d 63 d6 ff ff 4c 8b 45 70 8b 55 68 48 8b 4d
0x00007ffe76f669e7:   60 e8 03 d1 ff ff 90 48 83 c4 30 5d c3 cc cc cc
0x00007ffe76f669f7:   cc cc cc cc cc cc cc cc cc 40 53 48 83 ec 20 48
0x00007ffe76f66a07:   8b 1d fb 2f 01 00 48 85 db 74 16 e8 89 8f ff ff
0x00007ffe76f66a17:   4c 8b 00 48 8b d3 48 8b c8 41 ff 90 b0 00 00 00
0x00007ffe76f66a27:   90 48 83 c4 20 5b c3 cc cc 40 53 48 83 ec 20 48
0x00007ffe76f66a37:   8b 1d 6b 31 01 00 48 85 db 74 57 b8 ff ff ff ff
0x00007ffe76f66a47:   f0 0f c1 43 10 83 f8 01 75 3d 48 85 db 74 38 48
0x00007ffe76f66a57:   8b 0b 48 85 c9 74 0d ff 15 44 08 00 00 48 c7 03
0x00007ffe76f66a67:   00 00 00 00 48 8b 4b 08 48 85 c9 74 0d e8 33 ce
0x00007ffe76f66a77:   ff ff 48 c7 43 08 00 00 00 00 ba 18 00 00 00 48
0x00007ffe76f66a87:   8b cb e8 1e ce ff ff 48 c7 05 0f 31 01 00 00 00
0x00007ffe76f66a97:   00 00 48 83 c4 20 5b c3 cc 40 53 48 83 ec 20 48
0x00007ffe76f66aa7:   8b 1d db 30 01 00 48 85 db 74 57 b8 ff ff ff ff
0x00007ffe76f66ab7:   f0 0f c1 43 10 83 f8 01 75 3d 48 85 db 74 38 48
0x00007ffe76f66ac7:   8b 0b 48 85 c9 74 0d ff 15 d4 07 00 00 48 c7 03
0x00007ffe76f66ad7:   00 00 00 00 48 8b 4b 08 48 85 c9 74 0d e8 c3 cd
0x00007ffe76f66ae7:   ff ff 48 c7 43 08 00 00 00 00 ba 18 00 00 00 48
0x00007ffe76f66af7:   8b cb e8 ae cd ff ff 48 c7 05 7f 30 01 00 00 00
0x00007ffe76f66b07:   00 00 48 83 c4 20 5b c3 cc 40 53 48 83 ec 20 48 


Stack slot to memory mapping:
stack at sp + 0 slots: 0x0 is NULL
stack at sp + 1 slots: 0x000000dd343ff3e8 points into unknown readable memory: 0x000000dd343ff3d0 | d0 f3 3f 34 dd 00 00 00
stack at sp + 2 slots: 0x00007ffe21263240 jvm.dll
stack at sp + 3 slots: 0x00007ffe76f64360 glass.dll
stack at sp + 4 slots: 0x000001e5ac41e188 points into unknown readable memory: 0x0000be3bb568ff06 | 06 ff 68 b5 3b be 00 00
stack at sp + 5 slots: 0x00007ffeee5c3a93 ucrtbase.dll
stack at sp + 6 slots: 0x000001e5ac41e180 points into unknown readable memory: 0x001f41a608e76106 | 06 61 e7 08 a6 41 1f 00
stack at sp + 7 slots: 0x000001e500000000 is an unknown value

VM_Operation (0x000000dd33bff530): Exit, mode: safepoint, requested by thread 0x000001e5b4df06e0


---------------  P R O C E S S  ---------------

Threads class SMR info:
_java_thread_list=0x000001e5acfc7f70, length=22, elements={
0x000001e53702e780, 0x000001e565f658b0, 0x000001e565f68460, 0x000001e565f81dd0,
0x000001e565f825a0, 0x000001e565f86c90, 0x000001e565f8af00, 0x000001e565f97ca0,
0x000001e565fb8740, 0x000001e565fb9120, 0x000001e565f4e360, 0x000001e5ac3de230,
0x000001e5ac6238d0, 0x000001e566564590, 0x000001e5ad2d98c0, 0x000001e5ad23b7d0,
0x000001e5ac999ad0, 0x000001e5acee6c90, 0x000001e5acee9a20, 0x000001e5b49df4e0,
0x000001e5b4def2a0, 0x000001e5b4df06e0
}

Java Threads: ( => current thread )
  0x000001e53702e780 JavaThread "main" [_thread_blocked, id=44488, stack(0x000000dd33d00000,0x000000dd33e00000)]
  0x000001e565f658b0 JavaThread "Reference Handler" daemon [_thread_blocked, id=48836, stack(0x000000dd34400000,0x000000dd34500000)]
  0x000001e565f68460 JavaThread "Finalizer" daemon [_thread_blocked, id=46016, stack(0x000000dd34500000,0x000000dd34600000)]
  0x000001e565f81dd0 JavaThread "Signal Dispatcher" daemon [_thread_blocked, id=48560, stack(0x000000dd34600000,0x000000dd34700000)]
  0x000001e565f825a0 JavaThread "Attach Listener" daemon [_thread_blocked, id=46020, stack(0x000000dd34700000,0x000000dd34800000)]
  0x000001e565f86c90 JavaThread "Service Thread" daemon [_thread_blocked, id=48172, stack(0x000000dd34800000,0x000000dd34900000)]
  0x000001e565f8af00 JavaThread "Monitor Deflation Thread" daemon [_thread_blocked, id=49460, stack(0x000000dd34900000,0x000000dd34a00000)]
  0x000001e565f97ca0 JavaThread "C2 CompilerThread0" daemon [_thread_blocked, id=49568, stack(0x000000dd34a00000,0x000000dd34b00000)]
  0x000001e565fb8740 JavaThread "C1 CompilerThread0" daemon [_thread_blocked, id=15536, stack(0x000000dd34b00000,0x000000dd34c00000)]
  0x000001e565fb9120 JavaThread "Sweeper thread" daemon [_thread_blocked, id=14296, stack(0x000000dd34c00000,0x000000dd34d00000)]
  0x000001e565f4e360 JavaThread "Common-Cleaner" daemon [_thread_blocked, id=45452, stack(0x000000dd34d00000,0x000000dd34e00000)]
  0x000001e5ac3de230 JavaThread "JDWP Event Helper Thread" daemon [_thread_blocked, id=42880, stack(0x000000dd35100000,0x000000dd35200000)]
  0x000001e5ac6238d0 JavaThread "Notification Thread" daemon [_thread_blocked, id=13632, stack(0x000000dd35300000,0x000000dd35400000)]
  0x000001e566564590 JavaThread "QuantumRenderer-0" daemon [_thread_blocked, id=47608, stack(0x000000dd34f00000,0x000000dd35000000)]
  0x000001e5ad2d98c0 JavaThread "InvokeLaterDispatcher" daemon [_thread_blocked, id=21068, stack(0x000000dd35500000,0x000000dd35600000)]
  0x000001e5ad23b7d0 JavaThread "JavaFX Application Thread" [_thread_in_native, id=45336, stack(0x000000dd35600000,0x000000dd35700000)]
  0x000001e5ac999ad0 JavaThread "Thread-1" daemon [_thread_in_native, id=19788, stack(0x000000dd35a00000,0x000000dd35b00000)]
  0x000001e5acee6c90 JavaThread "JavaFX-Launcher" [_thread_blocked, id=48808, stack(0x000000dd36200000,0x000000dd36300000)]
  0x000001e5acee9a20 JavaThread "mysql-cj-abandoned-connection-cleanup" daemon [_thread_blocked, id=47728, stack(0x000000dd36300000,0x000000dd36400000)]
  0x000001e5b49df4e0 JavaThread "Prism Font Disposer" daemon [_thread_blocked, id=7280, stack(0x000000dd36800000,0x000000dd36900000)]
  0x000001e5b4def2a0 JavaThread "Cleaner-0" daemon [_thread_blocked, id=45028, stack(0x000000dd36400000,0x000000dd36500000)]
  0x000001e5b4df06e0 JavaThread "SIGINT handler" daemon [_thread_blocked, id=47368, stack(0x000000dd33b00000,0x000000dd33c00000)]

Other Threads:
=>0x000001e565f64a60 VMThread "VM Thread" [stack: 0x000000dd34300000,0x000000dd34400000] [id=32976]
  0x000001e540b24930 GCTaskThread "GC Thread#0" [stack: 0x000000dd33e00000,0x000000dd33f00000] [id=47920]
  0x000001e5ac8326e0 GCTaskThread "GC Thread#1" [stack: 0x000000dd35b00000,0x000000dd35c00000] [id=28232]
  0x000001e5ac82f7c0 GCTaskThread "GC Thread#2" [stack: 0x000000dd35c00000,0x000000dd35d00000] [id=49624]
  0x000001e5adae3f00 GCTaskThread "GC Thread#3" [stack: 0x000000dd35d00000,0x000000dd35e00000] [id=7012]
  0x000001e5ac838d10 GCTaskThread "GC Thread#4" [stack: 0x000000dd35e00000,0x000000dd35f00000] [id=30612]
  0x000001e5ac999fb0 GCTaskThread "GC Thread#5" [stack: 0x000000dd35f00000,0x000000dd36000000] [id=49240]
  0x000001e5ac740550 GCTaskThread "GC Thread#6" [stack: 0x000000dd36000000,0x000000dd36100000] [id=49112]
  0x000001e5ada82c60 GCTaskThread "GC Thread#7" [stack: 0x000000dd36100000,0x000000dd36200000] [id=46452]
  0x000001e540b378f0 ConcurrentGCThread "G1 Main Marker" terminated
  0x000001e540b38300 ConcurrentGCThread "G1 Conc#0" [stack: 0x000000dd34000000,0x000000dd34100000] [id=45192]
  0x000001e5b4965da0 ConcurrentGCThread "G1 Conc#1" [stack: 0x000000dd36900000,0x000000dd36a00000] [id=25704]
  0x000001e540c05270 ConcurrentGCThread "G1 Refine#0" terminated
  0x000001e565e200a0 ConcurrentGCThread "G1 Service" terminated

Threads with active compile tasks:

VM state: at safepoint (shutting down)

VM Mutex/Monitor currently owned by a thread:  ([mutex/lock_event])
[0x000001e540a66740] Threads_lock - owner thread: 0x000001e565f64a60
[0x000001e540a65ed0] Heap_lock - owner thread: 0x000001e5b4df06e0

Heap address: 0x0000000603800000, size: 8136 MB, Compressed Oops mode: Zero based, Oop shift amount: 3

CDS archive(s) mapped at: [0x000001e567000000-0x000001e567bd0000-0x000001e567bd0000), size 12386304, SharedBaseAddress: 0x000001e567000000, ArchiveRelocationMode: 1.
Compressed class space mapped at: 0x000001e568000000-0x000001e5a8000000, reserved size: 1073741824
Narrow klass base: 0x000001e567000000, Narrow klass shift: 0, Narrow klass range: 0x100000000

GC Precious Log:
 CPUs: 8 total, 8 available
 Memory: 32535M
 Large Page Support: Disabled
 NUMA Support: Disabled
 Compressed Oops: Enabled (Zero based)
 Heap Region Size: 4M
 Heap Min Capacity: 8M
 Heap Initial Capacity: 512M
 Heap Max Capacity: 8136M
 Pre-touch: Disabled
 Parallel Workers: 8
 Concurrent Workers: 2
 Concurrent Refinement Workers: 8
 Periodic GC: Disabled

Heap:
 garbage-first heap   total 110592K, used 36255K [0x0000000603800000, 0x0000000800000000)
  region size 4096K, 2 young (8192K), 1 survivors (4096K)
 Metaspace       used 27384K, committed 27648K, reserved 1114112K
  class space    used 3644K, committed 3776K, reserved 1048576K

Heap Regions: E=young(eden), S=young(survivor), O=old, HS=humongous(starts), HC=humongous(continues), CS=collection set, F=free, OA=open archive, CA=closed archive, TAMS=top-at-mark-start (previous, next)
|   0|0x0000000603800000, 0x0000000603c00000, 0x0000000603c00000|100%| O|  |TAMS 0x0000000603a06000, 0x0000000603800000| Untracked 
|   1|0x0000000603c00000, 0x0000000604000000, 0x0000000604000000|100%|HS|  |TAMS 0x0000000604000000, 0x0000000603c00000| Complete 
|   2|0x0000000604000000, 0x0000000604400000, 0x0000000604400000|100%| O|  |TAMS 0x0000000604000000, 0x0000000604000000| Untracked 
|   3|0x0000000604400000, 0x0000000604800000, 0x0000000604800000|100%| O|  |TAMS 0x0000000604400000, 0x0000000604400000| Untracked 
|   4|0x0000000604800000, 0x0000000604800000, 0x0000000604c00000|  0%| F|  |TAMS 0x0000000604800000, 0x0000000604800000| Untracked 
|   5|0x0000000604c00000, 0x0000000605000000, 0x0000000605000000|100%| O|  |TAMS 0x0000000604c00000, 0x0000000604c00000| Untracked 
|   6|0x0000000605000000, 0x0000000605400000, 0x0000000605400000|100%| O|  |TAMS 0x0000000605000000, 0x0000000605000000| Untracked 
|   7|0x0000000605400000, 0x0000000605800000, 0x0000000605800000|100%| O|  |TAMS 0x0000000605400000, 0x0000000605400000| Untracked 
|   8|0x0000000605800000, 0x0000000605c00000, 0x0000000605c00000|100%| O|  |TAMS 0x0000000605800000, 0x0000000605800000| Untracked 
|   9|0x0000000605c00000, 0x0000000605e5e400, 0x0000000606000000| 59%| O|  |TAMS 0x0000000605c00000, 0x0000000605c00000| Untracked 
|  10|0x0000000606000000, 0x0000000606000000, 0x0000000606400000|  0%| F|  |TAMS 0x0000000606000000, 0x0000000606000000| Untracked 
|  11|0x0000000606400000, 0x0000000606400000, 0x0000000606800000|  0%| F|  |TAMS 0x0000000606400000, 0x0000000606400000| Untracked 
|  12|0x0000000606800000, 0x0000000606800000, 0x0000000606c00000|  0%| F|  |TAMS 0x0000000606800000, 0x0000000606800000| Untracked 
|  13|0x0000000606c00000, 0x0000000606c00000, 0x0000000607000000|  0%| F|  |TAMS 0x0000000606c00000, 0x0000000606c00000| Untracked 
|  14|0x0000000607000000, 0x0000000607000000, 0x0000000607400000|  0%| F|  |TAMS 0x0000000607000000, 0x0000000607000000| Untracked 
|  15|0x0000000607400000, 0x0000000607400000, 0x0000000607800000|  0%| F|  |TAMS 0x0000000607400000, 0x0000000607400000| Untracked 
|  16|0x0000000607800000, 0x0000000607800000, 0x0000000607c00000|  0%| F|  |TAMS 0x0000000607800000, 0x0000000607800000| Untracked 
|  17|0x0000000607c00000, 0x0000000607c00000, 0x0000000608000000|  0%| F|  |TAMS 0x0000000607c00000, 0x0000000607c00000| Untracked 
|  18|0x0000000608000000, 0x0000000608000000, 0x0000000608400000|  0%| F|  |TAMS 0x0000000608000000, 0x0000000608000000| Untracked 
|  19|0x0000000608400000, 0x0000000608400000, 0x0000000608800000|  0%| F|  |TAMS 0x0000000608400000, 0x0000000608400000| Untracked 
|  20|0x0000000608800000, 0x0000000608800000, 0x0000000608c00000|  0%| F|  |TAMS 0x0000000608800000, 0x0000000608800000| Untracked 
|  21|0x0000000608c00000, 0x0000000608c00000, 0x0000000609000000|  0%| F|  |TAMS 0x0000000608c00000, 0x0000000608c00000| Untracked 
|  22|0x0000000609000000, 0x0000000609000000, 0x0000000609400000|  0%| F|  |TAMS 0x0000000609000000, 0x0000000609000000| Untracked 
|  23|0x0000000609400000, 0x0000000609400000, 0x0000000609800000|  0%| F|  |TAMS 0x0000000609400000, 0x0000000609400000| Untracked 
| 114|0x0000000620000000, 0x0000000620000000, 0x0000000620400000|  0%| F|  |TAMS 0x0000000620000000, 0x0000000620000000| Untracked 
| 115|0x0000000620400000, 0x0000000620509920, 0x0000000620800000| 25%| S|CS|TAMS 0x0000000620400000, 0x0000000620400000| Complete 
| 127|0x0000000623400000, 0x00000006235d2380, 0x0000000623800000| 45%| E|  |TAMS 0x0000000623400000, 0x0000000623400000| Complete 

Card table byte_map: [0x000001e551680000,0x000001e552670000] _byte_map_base: 0x000001e54e664000

Marking Bits (Prev, Next): (CMBitMap*) 0x000001e540b26fa0, (CMBitMap*) 0x000001e540b26f60
 Prev Bits: [0x000001e55b580000, 0x000001e5634a0000)
 Next Bits: [0x000001e553660000, 0x000001e55b580000)

Polling page: 0x000001e537030000

Metaspace:

Usage:
  Non-class:     23.18 MB used.
      Class:      3.56 MB used.
       Both:     26.74 MB used.

Virtual space:
  Non-class space:       64.00 MB reserved,      23.31 MB ( 36%) committed,  1 nodes.
      Class space:        1.00 GB reserved,       3.69 MB ( <1%) committed,  1 nodes.
             Both:        1.06 GB reserved,      27.00 MB (  2%) committed. 

Chunk freelists:
   Non-Class:  8.60 MB
       Class:  12.34 MB
        Both:  20.94 MB

MaxMetaspaceSize: unlimited
CompressedClassSpaceSize: 1.00 GB
Initial GC threshold: 21.00 MB
Current GC threshold: 35.12 MB
CDS: on
MetaspaceReclaimPolicy: balanced
 - commit_granule_bytes: 65536.
 - commit_granule_words: 8192.
 - virtual_space_node_default_size: 8388608.
 - enlarge_chunks_in_place: 1.
 - new_chunks_are_fully_committed: 0.
 - uncommit_free_chunks: 1.
 - use_allocation_guard: 0.
 - handle_deallocations: 1.


Internal statistics:

num_allocs_failed_limit: 3.
num_arena_births: 240.
num_arena_deaths: 0.
num_vsnodes_births: 2.
num_vsnodes_deaths: 0.
num_space_committed: 432.
num_space_uncommitted: 0.
num_chunks_returned_to_freelist: 3.
num_chunks_taken_from_freelist: 1004.
num_chunk_merges: 3.
num_chunk_splits: 721.
num_chunks_enlarged: 569.
num_inconsistent_stats: 0.

CodeHeap 'non-profiled nmethods': size=120000Kb used=2915Kb max_used=3338Kb free=117084Kb
 bounds [0x000001e5486f0000, 0x000001e548a60000, 0x000001e54fc20000]
CodeHeap 'profiled nmethods': size=120000Kb used=10785Kb max_used=12526Kb free=109214Kb
 bounds [0x000001e540c20000, 0x000001e541860000, 0x000001e548150000]
CodeHeap 'non-nmethods': size=5760Kb used=1579Kb max_used=1665Kb free=4180Kb
 bounds [0x000001e548150000, 0x000001e5483c0000, 0x000001e5486f0000]
 total_blobs=5333 nmethods=4455 adapters=790
 compilation: enabled
              stopped_count=0, restarted_count=0
 full_count=0

Compilation events (20 events):
Event: 14.294 Thread 0x000001e565fb8740 5162       3       java.lang.StringUTF16::checkBoundsOffCount (10 bytes)
Event: 14.294 Thread 0x000001e565fb8740 nmethod 5162 0x000001e5415cfc90 code [0x000001e5415cfe40, 0x000001e5415cffe8]
Event: 14.294 Thread 0x000001e565fb8740 5160       3       java.util.Formatter$FixedString::print (26 bytes)
Event: 14.294 Thread 0x000001e565fb8740 nmethod 5160 0x000001e5410dc710 code [0x000001e5410dc8c0, 0x000001e5410dcac8]
Event: 14.294 Thread 0x000001e565fb8740 5161       3       java.lang.StringBuilder::append (8 bytes)
Event: 14.294 Thread 0x000001e565fb8740 nmethod 5161 0x000001e54120ab10 code [0x000001e54120acc0, 0x000001e54120ae88]
Event: 14.512 Thread 0x000001e565fb8740 5164       3       javafx.event.Event::consume (6 bytes)
Event: 14.512 Thread 0x000001e565fb8740 nmethod 5164 0x000001e540caea10 code [0x000001e540caeba0, 0x000001e540caecb8]
Event: 15.397 Thread 0x000001e565fb8740 5165       1       javafx.scene.input.KeyCode::getCode (5 bytes)
Event: 15.397 Thread 0x000001e565fb8740 nmethod 5165 0x000001e5487b5c90 code [0x000001e5487b5e20, 0x000001e5487b5ef8]
Event: 18.241 Thread 0x000001e565fb8740 5166       3       com.sun.javafx.stage.WindowCloseRequestHandler::dispatchBubblingEvent (23 bytes)
Event: 18.241 Thread 0x000001e565fb8740 nmethod 5166 0x000001e540e30c90 code [0x000001e540e30e60, 0x000001e540e31238]
Event: 18.241 Thread 0x000001e565fb8740 5167       3       com.sun.javafx.event.BasicEventDispatcher::dispatchBubblingEvent (2 bytes)
Event: 18.242 Thread 0x000001e565fb8740 nmethod 5167 0x000001e540ccba90 code [0x000001e540ccbc20, 0x000001e540ccbd38]
Event: 20.069 Thread 0x000001e565fb8740 5168       3       com.sun.javafx.css.PseudoClassState::remove (6 bytes)
Event: 20.069 Thread 0x000001e565fb8740 nmethod 5168 0x000001e540f53610 code [0x000001e540f537a0, 0x000001e540f538e8]
Event: 20.069 Thread 0x000001e565fb8740 5169       3       com.sun.javafx.css.BitSet::remove (171 bytes)
Event: 20.070 Thread 0x000001e565fb8740 nmethod 5169 0x000001e541544b10 code [0x000001e541544d20, 0x000001e541545658]
Event: 20.070 Thread 0x000001e565fb8740 5170       3       javafx.scene.Node$FocusPropertyBase::notifyListeners (77 bytes)
Event: 20.070 Thread 0x000001e565fb8740 nmethod 5170 0x000001e540cc0d10 code [0x000001e540cc0fa0, 0x000001e540cc1c78]

GC Heap History (10 events):
Event: 0.793 GC heap before
{Heap before GC invocations=0 (full 0):
 garbage-first heap   total 524288K, used 20480K [0x0000000603800000, 0x0000000800000000)
  region size 4096K, 6 young (24576K), 0 survivors (0K)
 Metaspace       used 5117K, committed 5312K, reserved 1114112K
  class space    used 511K, committed 640K, reserved 1048576K
}
Event: 0.798 GC heap after
{Heap after GC invocations=1 (full 0):
 garbage-first heap   total 524288K, used 5875K [0x0000000603800000, 0x0000000800000000)
  region size 4096K, 1 young (4096K), 1 survivors (4096K)
 Metaspace       used 5117K, committed 5312K, reserved 1114112K
  class space    used 511K, committed 640K, reserved 1048576K
}
Event: 1.893 GC heap before
{Heap before GC invocations=1 (full 0):
 garbage-first heap   total 524288K, used 34547K [0x0000000603800000, 0x0000000800000000)
  region size 4096K, 9 young (36864K), 1 survivors (4096K)
 Metaspace       used 15172K, committed 15360K, reserved 1114112K
  class space    used 1615K, committed 1728K, reserved 1048576K
}
Event: 1.897 GC heap after
{Heap after GC invocations=2 (full 0):
 garbage-first heap   total 524288K, used 10264K [0x0000000603800000, 0x0000000800000000)
  region size 4096K, 2 young (8192K), 2 survivors (8192K)
 Metaspace       used 15172K, committed 15360K, reserved 1114112K
  class space    used 1615K, committed 1728K, reserved 1048576K
}
Event: 2.820 GC heap before
{Heap before GC invocations=2 (full 0):
 garbage-first heap   total 524288K, used 47128K [0x0000000603800000, 0x0000000800000000)
  region size 4096K, 12 young (49152K), 2 survivors (8192K)
 Metaspace       used 21302K, committed 21504K, reserved 1114112K
  class space    used 2687K, committed 2752K, reserved 1048576K
}
Event: 2.827 GC heap after
{Heap after GC invocations=3 (full 0):
 garbage-first heap   total 524288K, used 27155K [0x0000000603800000, 0x0000000800000000)
  region size 4096K, 2 young (8192K), 2 survivors (8192K)
 Metaspace       used 21302K, committed 21504K, reserved 1114112K
  class space    used 2687K, committed 2752K, reserved 1048576K
}
Event: 9.487 GC heap before
{Heap before GC invocations=4 (full 0):
 garbage-first heap   total 110592K, used 68115K [0x0000000603800000, 0x0000000800000000)
  region size 4096K, 14 young (57344K), 2 survivors (8192K)
 Metaspace       used 26914K, committed 27200K, reserved 1114112K
  class space    used 3572K, committed 3712K, reserved 1048576K
}
Event: 9.492 GC heap after
{Heap after GC invocations=5 (full 0):
 garbage-first heap   total 110592K, used 35447K [0x0000000603800000, 0x0000000800000000)
  region size 4096K, 2 young (8192K), 2 survivors (8192K)
 Metaspace       used 26914K, committed 27200K, reserved 1114112K
  class space    used 3572K, committed 3712K, reserved 1048576K
}
Event: 19.888 GC heap before
{Heap before GC invocations=5 (full 0):
 garbage-first heap   total 110592K, used 39543K [0x0000000603800000, 0x0000000800000000)
  region size 4096K, 3 young (12288K), 2 survivors (8192K)
 Metaspace       used 27363K, committed 27648K, reserved 1114112K
  class space    used 3641K, committed 3776K, reserved 1048576K
}
Event: 19.893 GC heap after
{Heap after GC invocations=6 (full 0):
 garbage-first heap   total 110592K, used 36255K [0x0000000603800000, 0x0000000800000000)
  region size 4096K, 1 young (4096K), 1 survivors (4096K)
 Metaspace       used 27363K, committed 27648K, reserved 1114112K
  class space    used 3641K, committed 3776K, reserved 1048576K
}

Deoptimization events (20 events):
Event: 11.085 Thread 0x000001e5ad23b7d0 DEOPT PACKING pc=0x000001e548a01b08 sp=0x000000dd356f96c0
Event: 11.085 Thread 0x000001e5ad23b7d0 DEOPT UNPACKING pc=0x000001e5481a5ba3 sp=0x000000dd356f9648 mode 2
Event: 11.093 Thread 0x000001e5ad23b7d0 Uncommon trap: trap_request=0xffffffde fr.pc=0x000001e5489fcc60 relative=0x00000000000002a0
Event: 11.093 Thread 0x000001e5ad23b7d0 Uncommon trap: reason=class_check action=maybe_recompile pc=0x000001e5489fcc60 method=java.util.WeakHashMap.matchesKey(Ljava/util/WeakHashMap$Entry;Ljava/lang/Object;)Z @ 21 c2
Event: 11.093 Thread 0x000001e5ad23b7d0 DEOPT PACKING pc=0x000001e5489fcc60 sp=0x000000dd356f9a80
Event: 11.093 Thread 0x000001e5ad23b7d0 DEOPT UNPACKING pc=0x000001e5481a5ba3 sp=0x000000dd356f99d8 mode 2
Event: 11.093 Thread 0x000001e5ad23b7d0 DEOPT PACKING pc=0x000001e540e4faec sp=0x000000dd356f97f0
Event: 11.093 Thread 0x000001e5ad23b7d0 DEOPT UNPACKING pc=0x000001e5481a66e3 sp=0x000000dd356f8dd8 mode 1
Event: 11.093 Thread 0x000001e5ad23b7d0 DEOPT PACKING pc=0x000001e540e7e7dc sp=0x000000dd356f99e0
Event: 11.094 Thread 0x000001e5ad23b7d0 DEOPT UNPACKING pc=0x000001e5481a66e3 sp=0x000000dd356f8ea8 mode 1
Event: 12.883 Thread 0x000001e5ad23b7d0 Uncommon trap: trap_request=0xffffff45 fr.pc=0x000001e548a2fe6c relative=0x000000000000038c
Event: 12.883 Thread 0x000001e5ad23b7d0 Uncommon trap: reason=unstable_if action=reinterpret pc=0x000001e548a2fe6c method=javafx.scene.Node$MiscProperties.isMouseTransparent()Z @ 4 c2
Event: 12.883 Thread 0x000001e5ad23b7d0 DEOPT PACKING pc=0x000001e548a2fe6c sp=0x000000dd356f9280
Event: 12.883 Thread 0x000001e5ad23b7d0 DEOPT UNPACKING pc=0x000001e5481a5ba3 sp=0x000000dd356f8f28 mode 2
Event: 12.890 Thread 0x000001e5ad23b7d0 Uncommon trap: trap_request=0xffffff45 fr.pc=0x000001e5489d99f0 relative=0x0000000000000090
Event: 12.890 Thread 0x000001e5ad23b7d0 Uncommon trap: reason=unstable_if action=reinterpret pc=0x000001e5489d99f0 method=javafx.scene.Node$MiscProperties.isMouseTransparent()Z @ 4 c2
Event: 12.890 Thread 0x000001e5ad23b7d0 DEOPT PACKING pc=0x000001e5489d99f0 sp=0x000000dd356f8b00
Event: 12.890 Thread 0x000001e5ad23b7d0 DEOPT UNPACKING pc=0x000001e5481a5ba3 sp=0x000000dd356f89c0 mode 2
Event: 48.664 Thread 0x000001e5b4df2f60 DEOPT PACKING pc=0x000001e540e7d74c sp=0x000000dd352ff2d0
Event: 48.664 Thread 0x000001e5b4df2f60 DEOPT UNPACKING pc=0x000001e5481a66e3 sp=0x000000dd352fe730 mode 1

Classes unloaded (0 events):
No events

Classes redefined (1 events):
Event: 0.276 Thread 0x000001e565f64a60 redefined class name=java.lang.Throwable, count=1

Internal exceptions (20 events):
Event: 3.322 Thread 0x000001e5ad23b7d0 Exception <a 'java/io/FileNotFoundException'{0x0000000608178240}> (0x0000000608178240) 
thrown [s\open\src\hotspot\share\prims\jni.cpp, line 516]
Event: 3.400 Thread 0x000001e5ad23b7d0 Exception <a 'java/lang/NoSuchMethodError'{0x0000000608221080}: 'java.lang.Object java.lang.invoke.DirectMethodHandle$Holder.newInvokeSpecial(java.lang.Object, java.lang.Object, int)'> (0x0000000608221080) 
thrown [s\open\src\hotspot\share\interpreter\linkResolver.cpp, line 759]
Event: 3.503 Thread 0x000001e566564590 Exception <a 'java/lang/NoSuchMethodError'{0x0000000607c00430}: 'int java.lang.invoke.DirectMethodHandle$Holder.invokeStaticInit(java.lang.Object, java.lang.Object)'> (0x0000000607c00430) 
thrown [s\open\src\hotspot\share\interpreter\linkResolver.cpp, line 759]
Event: 3.522 Thread 0x000001e566564590 Exception <a 'java/lang/NoSuchMethodError'{0x0000000607cb6458}: 'java.lang.Object java.lang.invoke.DirectMethodHandle$Holder.invokeStaticInit(java.lang.Object, int)'> (0x0000000607cb6458) 
thrown [s\open\src\hotspot\share\interpreter\linkResolver.cpp, line 759]
Event: 5.794 Thread 0x000001e5ad23b7d0 Exception <a 'java/lang/NoSuchMethodError'{0x0000000608394930}: 'java.lang.Object java.lang.invoke.DirectMethodHandle$Holder.newInvokeSpecial(java.lang.Object, java.lang.Object, java.lang.Object, double, double, double, double, int, int, int, int, int, int, int, int, int)'> (0x0000000608394930) 
thrown [s\open\src\hotspot\share\interpreter\linkResolver.cpp, line 759]
Event: 9.225 Thread 0x000001e5ad23b7d0 Exception <a 'java/lang/NoSuchMethodError'{0x000000060769b690}: 'long java.lang.invoke.DirectMethodHandle$Holder.invokeStatic(java.lang.Object, java.lang.Object, java.lang.Object)'> (0x000000060769b690) 
thrown [s\open\src\hotspot\share\interpreter\linkResolver.cpp, line 759]
Event: 9.225 Thread 0x000001e5ad23b7d0 Exception <a 'java/lang/NoSuchMethodError'{0x000000060769ee98}: 'long java.lang.invoke.DirectMethodHandle$Holder.invokeStaticInit(java.lang.Object, java.lang.Object, java.lang.Object)'> (0x000000060769ee98) 
thrown [s\open\src\hotspot\share\interpreter\linkResolver.cpp, line 759]
Event: 9.227 Thread 0x000001e5ad23b7d0 Exception <a 'java/lang/NoSuchMethodError'{0x00000006076b6af8}: 'java.lang.Object java.lang.invoke.DirectMethodHandle$Holder.newInvokeSpecial(java.lang.Object, java.lang.Object, long)'> (0x00000006076b6af8) 
thrown [s\open\src\hotspot\share\interpreter\linkResolver.cpp, line 759]
Event: 9.227 Thread 0x000001e5ad23b7d0 Exception <a 'java/lang/NoSuchMethodError'{0x00000006076ba6c8}: 'java.lang.Object java.lang.invoke.Invokers$Holder.linkToTargetMethod(java.lang.Object, long, java.lang.Object)'> (0x00000006076ba6c8) 
thrown [s\open\src\hotspot\share\interpreter\linkResolver.cpp, line 759]
Event: 9.237 Thread 0x000001e566564590 Implicit null exception at 0x000001e5489c38ce to 0x000001e5489c5cb8
Event: 9.237 Thread 0x000001e566564590 Implicit null exception at 0x000001e5489c96e6 to 0x000001e5489cbed6
Event: 9.448 Thread 0x000001e5ad23b7d0 Implicit null exception at 0x000001e5488d5554 to 0x000001e5488d55d0
Event: 9.449 Thread 0x000001e5ad23b7d0 Exception <a 'java/io/FileNotFoundException'{0x00000006073cc430}> (0x00000006073cc430) 
thrown [s\open\src\hotspot\share\prims\jni.cpp, line 516]
Event: 11.064 Thread 0x000001e5ad23b7d0 Exception <a 'java/lang/NoSuchMethodError'{0x0000000623591770}: 'java.lang.Object java.lang.invoke.DirectMethodHandle$Holder.newInvokeSpecial(java.lang.Object, java.lang.Object, java.lang.Object, double)'> (0x0000000623591770) 
thrown [s\open\src\hotspot\share\interpreter\linkResolver.cpp, line 759]
Event: 11.064 Thread 0x000001e5ad23b7d0 Exception <a 'java/lang/NoSuchMethodError'{0x00000006235960d0}: 'java.lang.Object java.lang.invoke.DirectMethodHandle$Holder.invokeSpecial(java.lang.Object, java.lang.Object, java.lang.Object, java.lang.Object, double)'> (0x00000006235960d0) 
thrown [s\open\src\hotspot\share\interpreter\linkResolver.cpp, line 759]
Event: 11.064 Thread 0x000001e5ad23b7d0 Exception <a 'java/lang/NoSuchMethodError'{0x000000062359a458}: 'java.lang.Object java.lang.invoke.Invokers$Holder.linkToTargetMethod(java.lang.Object, java.lang.Object, double, java.lang.Object)'> (0x000000062359a458) 
thrown [s\open\src\hotspot\share\interpreter\linkResolver.cpp, line 759]
Event: 11.082 Thread 0x000001e5ad23b7d0 Implicit null exception at 0x000001e54889cd47 to 0x000001e54889e370
Event: 12.835 Thread 0x000001e5ad23b7d0 Exception <a 'java/lang/NoSuchMethodError'{0x00000006237a6580}: 'java.lang.Object java.lang.invoke.DirectMethodHandle$Holder.newInvokeSpecial(java.lang.Object, java.lang.Object, int, int, int, int, int, java.lang.Object)'> (0x00000006237a6580) 
thrown [s\open\src\hotspot\share\interpreter\linkResolver.cpp, line 759]
Event: 12.836 Thread 0x000001e5ad23b7d0 Exception <a 'java/lang/NoSuchMethodError'{0x00000006237ba308}: 'java.lang.Object java.lang.invoke.DirectMethodHandle$Holder.newInvokeSpecial(java.lang.Object, java.lang.Object, java.lang.Object, int, int, int, int, int)'> (0x00000006237ba308) 
thrown [s\open\src\hotspot\share\interpreter\linkResolver.cpp, line 759]
Event: 12.836 Thread 0x000001e5ad23b7d0 Exception <a 'java/lang/NoSuchMethodError'{0x00000006237c2380}: 'java.lang.Object java.lang.invoke.Invokers$Holder.linkToTargetMethod(java.lang.Object, java.lang.Object, int, int, int, int, int, java.lang.Object)'> (0x00000006237c2380) 
thrown [s\open\src\hotspot\share\interpreter\linkResolver.cpp, line 759]

VM Operations (20 events):
Event: 11.073 Executing VM operation: HandshakeAllThreads done
Event: 12.073 Executing VM operation: Cleanup
Event: 12.073 Executing VM operation: Cleanup done
Event: 13.074 Executing VM operation: Cleanup
Event: 13.074 Executing VM operation: Cleanup done
Event: 14.074 Executing VM operation: Cleanup
Event: 14.074 Executing VM operation: Cleanup done
Event: 15.075 Executing VM operation: Cleanup
Event: 15.075 Executing VM operation: Cleanup done
Event: 16.075 Executing VM operation: Cleanup
Event: 16.075 Executing VM operation: Cleanup done
Event: 19.888 Executing VM operation: G1CollectForAllocation
Event: 19.893 Executing VM operation: G1CollectForAllocation done
Event: 48.340 Executing VM operation: ChangeBreakpoints
Event: 48.340 Executing VM operation: ChangeBreakpoints done
Event: 48.341 Executing VM operation: ChangeBreakpoints
Event: 48.341 Executing VM operation: ChangeBreakpoints done
Event: 48.341 Executing VM operation: ChangeBreakpoints
Event: 48.341 Executing VM operation: ChangeBreakpoints done
Event: 48.664 Executing VM operation: Exit

Events (20 events):
Event: 12.835 loading class com/sun/javafx/tk/quantum/GlassSceneDnDEventHandler done
Event: 12.835 loading class com/sun/glass/ui/ClipboardAssistance
Event: 12.835 loading class com/sun/glass/ui/ClipboardAssistance done
Event: 15.397 loading class com/sun/javafx/tk/quantum/GlassViewEventHandler
Event: 15.397 loading class com/sun/javafx/tk/quantum/GlassViewEventHandler done
Event: 48.341 Thread 0x000001e5661ddfa0 Thread exited: 0x000001e5661ddfa0
Event: 48.344 Thread 0x000001e5668c65d0 Thread exited: 0x000001e5668c65d0
Event: 48.662 loading class jdk/internal/misc/Signal$1
Event: 48.662 loading class jdk/internal/misc/Signal$1 done
Event: 48.662 Thread 0x000001e5b4df06e0 Thread added: 0x000001e5b4df06e0
Event: 48.662 loading class java/util/IdentityHashMap$KeyIterator
Event: 48.662 loading class java/util/IdentityHashMap$KeyIterator done
Event: 48.662 Thread 0x000001e5b4df1610 Thread added: 0x000001e5b4df1610
Event: 48.663 Thread 0x000001e5b4df2f60 Thread added: 0x000001e5b4df2f60
Event: 48.663 Thread 0x000001e5b4df1610 Thread exited: 0x000001e5b4df1610
Event: 48.663 loading class com/sun/javafx/tk/quantum/QuantumRenderer
Event: 48.663 loading class com/sun/javafx/tk/quantum/QuantumRenderer done
Event: 48.663 loading class com/sun/javafx/tk/quantum/QuantumToolkit
Event: 48.663 loading class com/sun/javafx/tk/quantum/QuantumToolkit done
Event: 48.664 Thread 0x000001e5b4df2f60 Thread exited: 0x000001e5b4df2f60


Dynamic libraries:
0x00007ff7620d0000 - 0x00007ff7620e0000 	C:\Program Files\Java\jdk-17\bin\java.exe
0x00007ffef0c30000 - 0x00007ffef0e47000 	C:\WINDOWS\SYSTEM32\ntdll.dll
0x00007ffeef420000 - 0x00007ffeef4e4000 	C:\WINDOWS\System32\KERNEL32.DLL
0x00007ffeee190000 - 0x00007ffeee563000 	C:\WINDOWS\System32\KERNELBASE.dll
0x00007ffeee570000 - 0x00007ffeee681000 	C:\WINDOWS\System32\ucrtbase.dll
0x00007ffee95a0000 - 0x00007ffee95b9000 	C:\Program Files\Java\jdk-17\bin\jli.dll
0x00007ffee7850000 - 0x00007ffee786b000 	C:\Program Files\Java\jdk-17\bin\VCRUNTIME140.dll
0x00007ffeefd50000 - 0x00007ffeefe01000 	C:\WINDOWS\System32\ADVAPI32.dll
0x00007ffef0b00000 - 0x00007ffef0ba7000 	C:\WINDOWS\System32\msvcrt.dll
0x00007ffef0a50000 - 0x00007ffef0af8000 	C:\WINDOWS\System32\sechost.dll
0x00007ffeee020000 - 0x00007ffeee048000 	C:\WINDOWS\System32\bcrypt.dll
0x00007ffeef870000 - 0x00007ffeef984000 	C:\WINDOWS\System32\RPCRT4.dll
0x00007ffeef0a0000 - 0x00007ffeef251000 	C:\WINDOWS\System32\USER32.dll
0x00007ffeee8a0000 - 0x00007ffeee8c6000 	C:\WINDOWS\System32\win32u.dll
0x00007ffef0bb0000 - 0x00007ffef0bd9000 	C:\WINDOWS\System32\GDI32.dll
0x00007ffed1ed0000 - 0x00007ffed2168000 	C:\WINDOWS\WinSxS\amd64_microsoft.windows.common-controls_6595b64144ccf1df_6.0.22621.5124_none_270e8f4f7386d69d\COMCTL32.dll
0x00007ffeede00000 - 0x00007ffeedf1b000 	C:\WINDOWS\System32\gdi32full.dll
0x00007ffeee800000 - 0x00007ffeee89a000 	C:\WINDOWS\System32\msvcp_win.dll
0x00007ffee93c0000 - 0x00007ffee93ca000 	C:\WINDOWS\SYSTEM32\VERSION.dll
0x00007ffeefe10000 - 0x00007ffeefe41000 	C:\WINDOWS\System32\IMM32.DLL
0x00007ffeea4b0000 - 0x00007ffeea4bc000 	C:\Program Files\Java\jdk-17\bin\vcruntime140_1.dll
0x00007ffebf9c0000 - 0x00007ffebfa4e000 	C:\Program Files\Java\jdk-17\bin\msvcp140.dll
0x00007ffe20720000 - 0x00007ffe21300000 	C:\Program Files\Java\jdk-17\bin\server\jvm.dll
0x00007ffef0be0000 - 0x00007ffef0be8000 	C:\WINDOWS\System32\PSAPI.DLL
0x00007ffeea2d0000 - 0x00007ffeea2d9000 	C:\WINDOWS\SYSTEM32\WSOCK32.dll
0x00007ffee93d0000 - 0x00007ffee9404000 	C:\WINDOWS\SYSTEM32\WINMM.dll
0x00007ffeeefb0000 - 0x00007ffeef021000 	C:\WINDOWS\System32\WS2_32.dll
0x00007ffeecd70000 - 0x00007ffeecd88000 	C:\WINDOWS\SYSTEM32\kernel.appcore.dll
0x00007ffee9610000 - 0x00007ffee961a000 	C:\Program Files\Java\jdk-17\bin\jimage.dll
0x00007ffeeb8b0000 - 0x00007ffeebae2000 	C:\WINDOWS\SYSTEM32\DBGHELP.DLL
0x00007ffeef990000 - 0x00007ffeefd22000 	C:\WINDOWS\System32\combase.dll
0x00007ffeef6b0000 - 0x00007ffeef787000 	C:\WINDOWS\System32\OLEAUT32.dll
0x00007ffecb3a0000 - 0x00007ffecb3d2000 	C:\WINDOWS\SYSTEM32\dbgcore.DLL
0x00007ffeedf20000 - 0x00007ffeedf9b000 	C:\WINDOWS\System32\bcryptPrimitives.dll
0x00007ffe965f0000 - 0x00007ffe9662b000 	C:\Program Files\Java\jdk-17\bin\jdwp.dll
0x00007ffe77400000 - 0x00007ffe7760e000 	C:\Users\Abir12\AppData\Local\Temp\idea_libasyncProfiler_dll_temp_folder10\libasyncProfiler.dll
0x00007ffee9480000 - 0x00007ffee948e000 	C:\Program Files\Java\jdk-17\bin\instrument.dll
0x00007ffee3610000 - 0x00007ffee3635000 	C:\Program Files\Java\jdk-17\bin\java.dll
0x00007ffe96630000 - 0x00007ffe96648000 	C:\Program Files\Java\jdk-17\bin\zip.dll
0x00007ffeb5f30000 - 0x00007ffeb6007000 	C:\Program Files\Java\jdk-17\bin\jsvml.dll
0x00007ffeefff0000 - 0x00007ffef0886000 	C:\WINDOWS\System32\SHELL32.dll
0x00007ffeee050000 - 0x00007ffeee18f000 	C:\WINDOWS\System32\wintypes.dll
0x00007ffeebaf0000 - 0x00007ffeec40a000 	C:\WINDOWS\SYSTEM32\windows.storage.dll
0x00007ffef0940000 - 0x00007ffef0a4a000 	C:\WINDOWS\System32\SHCORE.dll
0x00007ffeeedd0000 - 0x00007ffeeee33000 	C:\WINDOWS\System32\shlwapi.dll
0x00007ffeedc70000 - 0x00007ffeedc9b000 	C:\WINDOWS\SYSTEM32\profapi.dll
0x00007ffebcd90000 - 0x00007ffebcda9000 	C:\Program Files\Java\jdk-17\bin\net.dll
0x00007ffeea180000 - 0x00007ffeea2ac000 	C:\WINDOWS\SYSTEM32\WINHTTP.dll
0x00007ffeed1f0000 - 0x00007ffeed25a000 	C:\WINDOWS\system32\mswsock.dll
0x00007ffe96650000 - 0x00007ffe96666000 	C:\Program Files\Java\jdk-17\bin\nio.dll
0x00007ffee3600000 - 0x00007ffee360c000 	C:\Program Files\Java\jdk-17\bin\dt_socket.dll
0x00007ffeec7e0000 - 0x00007ffeec80d000 	C:\WINDOWS\SYSTEM32\IPHLPAPI.DLL
0x000001e566b20000 - 0x000001e566b23000 	C:\Users\Abir12\Downloads\javafx-sdk-21.0.7\bin\api-ms-win-core-console-l1-1-0.dll
0x000001e566b30000 - 0x000001e566b33000 	C:\Users\Abir12\Downloads\javafx-sdk-21.0.7\bin\api-ms-win-core-console-l1-2-0.dll
0x000001e566b40000 - 0x000001e566b43000 	C:\Users\Abir12\Downloads\javafx-sdk-21.0.7\bin\api-ms-win-core-datetime-l1-1-0.dll
0x000001e566b50000 - 0x000001e566b53000 	C:\Users\Abir12\Downloads\javafx-sdk-21.0.7\bin\api-ms-win-core-debug-l1-1-0.dll
0x000001e566b60000 - 0x000001e566b63000 	C:\Users\Abir12\Downloads\javafx-sdk-21.0.7\bin\api-ms-win-core-errorhandling-l1-1-0.dll
0x000001e566b70000 - 0x000001e566b74000 	C:\Users\Abir12\Downloads\javafx-sdk-21.0.7\bin\api-ms-win-core-file-l1-1-0.dll
0x000001e566ce0000 - 0x000001e566ce3000 	C:\Users\Abir12\Downloads\javafx-sdk-21.0.7\bin\api-ms-win-core-file-l1-2-0.dll
0x000001e566b80000 - 0x000001e566b83000 	C:\Users\Abir12\Downloads\javafx-sdk-21.0.7\bin\api-ms-win-core-file-l2-1-0.dll
0x000001e566b90000 - 0x000001e566b93000 	C:\Users\Abir12\Downloads\javafx-sdk-21.0.7\bin\api-ms-win-core-handle-l1-1-0.dll
0x000001e566ba0000 - 0x000001e566ba3000 	C:\Users\Abir12\Downloads\javafx-sdk-21.0.7\bin\api-ms-win-core-heap-l1-1-0.dll
0x000001e566bb0000 - 0x000001e566bb3000 	C:\Users\Abir12\Downloads\javafx-sdk-21.0.7\bin\api-ms-win-core-interlocked-l1-1-0.dll
0x000001e566bc0000 - 0x000001e566bc3000 	C:\Users\Abir12\Downloads\javafx-sdk-21.0.7\bin\api-ms-win-core-libraryloader-l1-1-0.dll
0x000001e566bd0000 - 0x000001e566bd3000 	C:\Users\Abir12\Downloads\javafx-sdk-21.0.7\bin\api-ms-win-core-localization-l1-2-0.dll
0x000001e566be0000 - 0x000001e566be3000 	C:\Users\Abir12\Downloads\javafx-sdk-21.0.7\bin\api-ms-win-core-memory-l1-1-0.dll
0x000001e566bf0000 - 0x000001e566bf3000 	C:\Users\Abir12\Downloads\javafx-sdk-21.0.7\bin\api-ms-win-core-namedpipe-l1-1-0.dll
0x000001e566c00000 - 0x000001e566c03000 	C:\Users\Abir12\Downloads\javafx-sdk-21.0.7\bin\api-ms-win-core-processenvironment-l1-1-0.dll
0x000001e566c10000 - 0x000001e566c13000 	C:\Users\Abir12\Downloads\javafx-sdk-21.0.7\bin\api-ms-win-core-processthreads-l1-1-0.dll
0x000001e566c20000 - 0x000001e566c23000 	C:\Users\Abir12\Downloads\javafx-sdk-21.0.7\bin\api-ms-win-core-processthreads-l1-1-1.dll
0x000001e566c30000 - 0x000001e566c33000 	C:\Users\Abir12\Downloads\javafx-sdk-21.0.7\bin\api-ms-win-core-profile-l1-1-0.dll
0x000001e566c40000 - 0x000001e566c43000 	C:\Users\Abir12\Downloads\javafx-sdk-21.0.7\bin\api-ms-win-core-rtlsupport-l1-1-0.dll
0x000001e566c50000 - 0x000001e566c53000 	C:\Users\Abir12\Downloads\javafx-sdk-21.0.7\bin\api-ms-win-core-string-l1-1-0.dll
0x000001e566c60000 - 0x000001e566c63000 	C:\Users\Abir12\Downloads\javafx-sdk-21.0.7\bin\api-ms-win-core-synch-l1-1-0.dll
0x000001e566c70000 - 0x000001e566c73000 	C:\Users\Abir12\Downloads\javafx-sdk-21.0.7\bin\api-ms-win-core-synch-l1-2-0.dll
0x000001e566c80000 - 0x000001e566c83000 	C:\Users\Abir12\Downloads\javafx-sdk-21.0.7\bin\api-ms-win-core-sysinfo-l1-1-0.dll
0x000001e566c90000 - 0x000001e566c93000 	C:\Users\Abir12\Downloads\javafx-sdk-21.0.7\bin\api-ms-win-core-timezone-l1-1-0.dll
0x000001e566ca0000 - 0x000001e566ca3000 	C:\Users\Abir12\Downloads\javafx-sdk-21.0.7\bin\api-ms-win-core-util-l1-1-0.dll
0x000001e566cb0000 - 0x000001e566cb3000 	C:\Users\Abir12\Downloads\javafx-sdk-21.0.7\bin\api-ms-win-crt-conio-l1-1-0.dll
0x000001e566cc0000 - 0x000001e566cc4000 	C:\Users\Abir12\Downloads\javafx-sdk-21.0.7\bin\api-ms-win-crt-convert-l1-1-0.dll
0x000001e566cd0000 - 0x000001e566cd3000 	C:\Users\Abir12\Downloads\javafx-sdk-21.0.7\bin\api-ms-win-crt-environment-l1-1-0.dll
0x000001e566cf0000 - 0x000001e566cf3000 	C:\Users\Abir12\Downloads\javafx-sdk-21.0.7\bin\api-ms-win-crt-filesystem-l1-1-0.dll
0x000001e566d00000 - 0x000001e566d03000 	C:\Users\Abir12\Downloads\javafx-sdk-21.0.7\bin\api-ms-win-crt-heap-l1-1-0.dll
0x000001e566d10000 - 0x000001e566d13000 	C:\Users\Abir12\Downloads\javafx-sdk-21.0.7\bin\api-ms-win-crt-locale-l1-1-0.dll
0x000001e566ef0000 - 0x000001e566ef5000 	C:\Users\Abir12\Downloads\javafx-sdk-21.0.7\bin\api-ms-win-crt-math-l1-1-0.dll
0x000001e566f00000 - 0x000001e566f05000 	C:\Users\Abir12\Downloads\javafx-sdk-21.0.7\bin\api-ms-win-crt-multibyte-l1-1-0.dll
0x000001e566f10000 - 0x000001e566f20000 	C:\Users\Abir12\Downloads\javafx-sdk-21.0.7\bin\api-ms-win-crt-private-l1-1-0.dll
0x000001e566f20000 - 0x000001e566f23000 	C:\Users\Abir12\Downloads\javafx-sdk-21.0.7\bin\api-ms-win-crt-process-l1-1-0.dll
0x000001e566f30000 - 0x000001e566f34000 	C:\Users\Abir12\Downloads\javafx-sdk-21.0.7\bin\api-ms-win-crt-runtime-l1-1-0.dll
0x000001e566d20000 - 0x000001e566d24000 	C:\Users\Abir12\Downloads\javafx-sdk-21.0.7\bin\api-ms-win-crt-stdio-l1-1-0.dll
0x000001e566d30000 - 0x000001e566d34000 	C:\Users\Abir12\Downloads\javafx-sdk-21.0.7\bin\api-ms-win-crt-string-l1-1-0.dll
0x000001e566d40000 - 0x000001e566d43000 	C:\Users\Abir12\Downloads\javafx-sdk-21.0.7\bin\api-ms-win-crt-time-l1-1-0.dll
0x000001e566d50000 - 0x000001e566d53000 	C:\Users\Abir12\Downloads\javafx-sdk-21.0.7\bin\api-ms-win-crt-utility-l1-1-0.dll
0x00007ffe964f0000 - 0x00007ffe965ec000 	C:\Users\Abir12\Downloads\javafx-sdk-21.0.7\bin\ucrtbase.dll
0x00007ffe964d0000 - 0x00007ffe964eb000 	C:\Users\Abir12\Downloads\javafx-sdk-21.0.7\bin\vcruntime140.dll
0x00007ffecc620000 - 0x00007ffecc62c000 	C:\Users\Abir12\Downloads\javafx-sdk-21.0.7\bin\vcruntime140_1.dll
0x00007ffe76fe0000 - 0x00007ffe7706e000 	C:\Users\Abir12\Downloads\javafx-sdk-21.0.7\bin\msvcp140.dll
0x00007ffec08c0000 - 0x00007ffec08c9000 	C:\Users\Abir12\Downloads\javafx-sdk-21.0.7\bin\msvcp140_1.dll
0x00007ffe76f90000 - 0x00007ffe76fd1000 	C:\Users\Abir12\Downloads\javafx-sdk-21.0.7\bin\msvcp140_2.dll
0x00007ffe964a0000 - 0x00007ffe964d0000 	C:\Users\Abir12\Downloads\javafx-sdk-21.0.7\bin\prism_d3d.dll
0x00007ffea8da0000 - 0x00007ffea8f48000 	C:\WINDOWS\system32\d3d9.dll
0x00007ffeeb290000 - 0x00007ffeeb2be000 	C:\WINDOWS\SYSTEM32\dwmapi.dll
0x00007ffeeb0b0000 - 0x00007ffeeb0e7000 	C:\WINDOWS\SYSTEM32\dxcore.dll
0x00007ffeeae30000 - 0x00007ffeeaee3000 	C:\WINDOWS\system32\uxtheme.dll
0x00007ffe9d050000 - 0x00007ffe9d202000 	C:\WINDOWS\System32\DriverStore\FileRepository\iigd_dch.inf_amd64_757104785c02f4c4\igdumdim64.dll
0x00007ffeef270000 - 0x00007ffeef411000 	C:\WINDOWS\System32\ole32.dll
0x00007ffe4a890000 - 0x00007ffe4e056000 	C:\WINDOWS\System32\DriverStore\FileRepository\iigd_dch.inf_amd64_757104785c02f4c4\igd9dxva64.dll
0x00007ffeee8d0000 - 0x00007ffeeed44000 	C:\WINDOWS\System32\SETUPAPI.dll
0x00007ffeeda30000 - 0x00007ffeeda7e000 	C:\WINDOWS\SYSTEM32\cfgmgr32.dll
0x00007ffed99f0000 - 0x00007ffed9e06000 	C:\WINDOWS\System32\DriverStore\FileRepository\iigd_dch.inf_amd64_757104785c02f4c4\igdgmm64.dll
0x00007ffee4420000 - 0x00007ffee4469000 	C:\WINDOWS\SYSTEM32\directxdatabasehelper.dll
0x00007ffe76f40000 - 0x00007ffe76f82000 	C:\Users\Abir12\Downloads\javafx-sdk-21.0.7\bin\glass.dll
0x00007ffeefe50000 - 0x00007ffeeff53000 	C:\WINDOWS\System32\COMDLG32.dll
0x00007ffeeee50000 - 0x00007ffeeefb0000 	C:\WINDOWS\System32\MSCTF.dll
0x00007ffec0d30000 - 0x00007ffec0d57000 	C:\WINDOWS\System32\DriverStore\FileRepository\iigd_dch.inf_amd64_757104785c02f4c4\igdinfo64.dll
0x00007ffed5460000 - 0x00007ffed99ed000 	C:\WINDOWS\System32\DriverStore\FileRepository\iigd_dch.inf_amd64_757104785c02f4c4\igc64.dll
0x00007ffeec850000 - 0x00007ffeec952000 	C:\WINDOWS\SYSTEM32\DNSAPI.dll
0x00007ffeef790000 - 0x00007ffeef799000 	C:\WINDOWS\System32\NSI.dll
0x00007ffee6e00000 - 0x00007ffee6e0a000 	C:\Windows\System32\rasadhlp.dll
0x00007ffee6e10000 - 0x00007ffee6e93000 	C:\WINDOWS\System32\fwpuclnt.dll
0x00007ffe95af0000 - 0x00007ffe95b05000 	C:\Users\Abir12\Downloads\javafx-sdk-21.0.7\bin\javafx_font.dll
0x00007ffee78b0000 - 0x00007ffee7b23000 	C:\WINDOWS\SYSTEM32\dwrite.dll
0x00007ffef0890000 - 0x00007ffef0940000 	C:\WINDOWS\System32\clbcatq.dll
0x00007ffeeab80000 - 0x00007ffeead30000 	C:\WINDOWS\SYSTEM32\WindowsCodecs.dll
0x00007ffecc240000 - 0x00007ffecc29e000 	C:\WINDOWS\system32\dataexchange.dll
0x00007ffee6330000 - 0x00007ffee65d6000 	C:\WINDOWS\system32\twinapi.appcore.dll
0x00007ffe76f00000 - 0x00007ffe76f32000 	C:\Program Files\Common Files\Microsoft Shared\Ink\rtscom.dll
0x00007ffee36a0000 - 0x00007ffee37e4000 	C:\WINDOWS\SYSTEM32\textinputframework.dll

dbghelp: loaded successfully - version: 4.0.5 - missing functions: none
symbol engine: initialized successfully - sym options: 0x614 - pdb path: .;C:\Program Files\Java\jdk-17\bin;C:\WINDOWS\SYSTEM32;C:\WINDOWS\WinSxS\amd64_microsoft.windows.common-controls_6595b64144ccf1df_6.0.22621.5124_none_270e8f4f7386d69d;C:\Program Files\Java\jdk-17\bin\server;C:\Users\Abir12\AppData\Local\Temp\idea_libasyncProfiler_dll_temp_folder10;C:\Users\Abir12\Downloads\javafx-sdk-21.0.7\bin;C:\WINDOWS\System32\DriverStore\FileRepository\iigd_dch.inf_amd64_757104785c02f4c4;C:\Program Files\Common Files\Microsoft Shared\Ink

VM Arguments:
jvm_args: -agentlib:jdwp=transport=dt_socket,address=127.0.0.1:65056,suspend=y,server=n --module-path=C:\Users\Abir12\Downloads\javafx-sdk-21.0.7\lib --add-modules=javafx.controls,javafx.fxml -agentpath:C:\Users\Abir12\AppData\Local\Temp\idea_libasyncProfiler_dll_temp_folder10\libasyncProfiler.dll=version,jfr,event=wall,interval=10ms,cstack=no,file=C:\Users\Abir12\IdeaSnapshots\FxMain_2025_05_02_005057.jfr,dbghelppath=C:\Users\Abir12\AppData\Local\Temp\idea_dbghelp_dll_temp_folder1\dbghelp.dll,log=C:\Users\Abir12\AppData\Local\Temp\FxMain_2025_05_02_005057.jfr.log.txt,logLevel=DEBUG -javaagent:C:\Users\Abir12\AppData\Local\JetBrains\IntelliJIdea2024.3\captureAgent\debugger-agent.jar -Dkotlinx.coroutines.debug.enable.creation.stack.trace=false -Ddebugger.agent.enable.coroutines=true -Dkotlinx.coroutines.debug.enable.flows.stack.trace=true -Dkotlinx.coroutines.debug.enable.mutable.state.flows.stack.trace=true -Dfile.encoding=UTF-8 
java_command: test.FxMain
java_class_path (initial): C:\Users\Abir12\Desktop\artphoria\target\classes;C:\Users\Abir12\.m2\repository\org\springframework\boot\spring-boot-starter-web\3.2.3\spring-boot-starter-web-3.2.3.jar;C:\Users\Abir12\.m2\repository\org\springframework\boot\spring-boot-starter\3.2.3\spring-boot-starter-3.2.3.jar;C:\Users\Abir12\.m2\repository\org\springframework\boot\spring-boot\3.2.3\spring-boot-3.2.3.jar;C:\Users\Abir12\.m2\repository\org\springframework\boot\spring-boot-autoconfigure\3.2.3\spring-boot-autoconfigure-3.2.3.jar;C:\Users\Abir12\.m2\repository\org\springframework\boot\spring-boot-starter-logging\3.2.3\spring-boot-starter-logging-3.2.3.jar;C:\Users\Abir12\.m2\repository\ch\qos\logback\logback-classic\1.4.14\logback-classic-1.4.14.jar;C:\Users\Abir12\.m2\repository\ch\qos\logback\logback-core\1.4.14\logback-core-1.4.14.jar;C:\Users\Abir12\.m2\repository\org\apache\logging\log4j\log4j-to-slf4j\2.21.1\log4j-to-slf4j-2.21.1.jar;C:\Users\Abir12\.m2\repository\org\apache\logging\log4j\log4j-api\2.21.1\log4j-api-2.21.1.jar;C:\Users\Abir12\.m2\repository\org\slf4j\jul-to-slf4j\2.0.12\jul-to-slf4j-2.0.12.jar;C:\Users\Abir12\.m2\repository\jakarta\annotation\jakarta.annotation-api\2.1.1\jakarta.annotation-api-2.1.1.jar;C:\Users\Abir12\.m2\repository\org\springframework\spring-core\6.1.4\spring-core-6.1.4.jar;C:\Users\Abir12\.m2\repository\org\springframework\spring-jcl\6.1.4\spring-jcl-6.1.4.jar;C:\Users\Abir12\.m2\repository\org\yaml\snakeyaml\2.2\snakeyaml-2.2.jar;C:\Users\Abir12\.m2\repository\org\springframework\boot\spring-boot-starter-json\3.2.3\spring-boot-starter-json-3.2.3.jar;C:\Users\Abir12\.m2\repository\com\fasterxml\jackson\core\jackson-databind\2.15.4\jackson-databind-2.15.4.jar;C:\Users\Abir12\.m2\repository\com\fasterxml\jackson\core\jackson-annotations\2.15.4\jackson-annotations-2.15.4.jar;C:\Users\Abir12\.m2\repository\com\fasterxml\jackson\core\jackson-core\2.15.4\jackson-core-2.15.4.jar;C:\Users\Abir12\.m2\repository\com\fasterxml\jackson\dataty
Launcher Type: SUN_STANDARD

[Global flags]
     intx CICompilerCount                          = 4                                         {product} {ergonomic}
     uint ConcGCThreads                            = 2                                         {product} {ergonomic}
     uint G1ConcRefinementThreads                  = 8                                         {product} {ergonomic}
   size_t G1HeapRegionSize                         = 4194304                                   {product} {ergonomic}
    uintx GCDrainStackTargetSize                   = 64                                        {product} {ergonomic}
   size_t InitialHeapSize                          = 536870912                                 {product} {ergonomic}
   size_t MarkStackSize                            = 4194304                                   {product} {ergonomic}
   size_t MaxHeapSize                              = 8531214336                                {product} {ergonomic}
   size_t MaxNewSize                               = 5117050880                                {product} {ergonomic}
   size_t MinHeapDeltaBytes                        = 4194304                                   {product} {ergonomic}
   size_t MinHeapSize                              = 8388608                                   {product} {ergonomic}
    uintx NonNMethodCodeHeapSize                   = 5839372                                {pd product} {ergonomic}
    uintx NonProfiledCodeHeapSize                  = 122909434                              {pd product} {ergonomic}
    uintx ProfiledCodeHeapSize                     = 122909434                              {pd product} {ergonomic}
    uintx ReservedCodeCacheSize                    = 251658240                              {pd product} {ergonomic}
     bool SegmentedCodeCache                       = true                                      {product} {ergonomic}
   size_t SoftMaxHeapSize                          = 8531214336                             {manageable} {ergonomic}
     bool UseCompressedClassPointers               = true                           {product lp64_product} {ergonomic}
     bool UseCompressedOops                        = true                           {product lp64_product} {ergonomic}
     bool UseG1GC                                  = true                                      {product} {ergonomic}
     bool UseLargePagesIndividualAllocation        = false                                  {pd product} {ergonomic}

Logging:
Log output configuration:
 #0: stdout all=off uptime,level,tags
 #1: stderr all=off uptime,level,tags

Environment Variables:
PATH=C:\Program Files\Common Files\Oracle\Java\javapath;C:\oraclexe\app\oracle\product\11.2.0\server\bin;C:\oraclexe\app\oracle\product\11.2.0\server\bin;C:\WINDOWS\system32;C:\WINDOWS;C:\WINDOWS\System32\Wbem;C:\WINDOWS\System32\WindowsPowerShell\v1.0\;C:\WINDOWS\System32\OpenSSH\;C:\Strawberry\c\bin;C:\Strawberry\perl\site\bin;C:\Strawberry\perl\bin;C:\oraclexe\app\app\oracle\admin\XE;C:\oraclexe;C:\instantclient12_2;C:\Program Files\Git\cmd;C:\instantclient12_2;C:\oraclexe;C:\oraclexe\app\app\oracle\product\11.2.0\server\bin;C:\oraclexe\app\app\oracle\admin\XE;C:\xampp\php;C:\composer;C:\Users\Abir12\Desktop\apache-maven-3.8.8\bin;C:\Users\Abir12\scoop\shims;C:\Users\Abir12\AppData\Local\Microsoft\WindowsApps;C:\Users\Abir12\AppData\Local\Programs\Microsoft VS Code\bin;C:\Program Files\Java\jdk-17\bin;C:\Users\Abir12\AppData\Roaming\Composer\vendor\bin;C:\Users\Abir12\Desktop\IntelliJ IDEA 2024.3.5\bin;;C:\Users\Abir12\Desktop\cursor\resources\app\bin
USERNAME=Abir12
OS=Windows_NT
PROCESSOR_IDENTIFIER=Intel64 Family 6 Model 140 Stepping 1, GenuineIntel



---------------  S Y S T E M  ---------------

OS:
 Windows 11 , 64 bit Build 22621 (10.0.22621.5124)
OS uptime: 1 days 15:27 hours

CPU: total 8 (initial active 8) (4 cores per cpu, 2 threads per core) family 6 model 140 stepping 1 microcode 0x9a, cx8, cmov, fxsr, ht, mmx, 3dnowpref, sse, sse2, sse3, ssse3, sse4.1, sse4.2, popcnt, lzcnt, tsc, tscinvbit, avx, avx2, aes, erms, clmul, bmi1, bmi2, adx, avx512f, avx512dq, avx512cd, avx512bw, avx512vl, sha, fma, vzeroupper, avx512_vpopcntdq, avx512_vpclmulqdq, avx512_vaes, avx512_vnni, clflush, clflushopt, clwb, avx512_vbmi2, avx512_vbmi

Memory: 4k page, system-wide physical 32535M (11344M free)
TotalPageFile size 34583M (AvailPageFile size 10580M)
current process WorkingSet (physical memory assigned to process): 341M, peak: 409M
current process commit charge ("private bytes"): 407M, peak: 760M

vm_info: Java HotSpot(TM) 64-Bit Server VM (17.0.11+7-LTS-207) for windows-amd64 JRE (17.0.11+7-LTS-207), built on Mar 11 2024 19:01:50 by "mach5one" with MS VC++ 17.6 (VS2022)

END.
